2019-10-12 02:35:11,171 - __main__ - [target] /mnt/f/03_Prog/stain_normalization/P02212
2019-10-12 02:35:11,173 - __main__ - [source list]
['/mnt/f/02_Data/02_normalize_stain/input/5p375RGB/PK/PK30401',
 '/mnt/f/02_Data/02_normalize_stain/input/5p375RGB/PK/PK32002']
2019-10-12 02:35:11,228 - __main__ - [save dir] /mnt/f/02_Data/02_normalize_stain/output/5p375RGB/PK/Normalize_per_ROI/target-P02212
2019-10-12 02:35:11,547 - __main__.setup_normalizer - [Fitting values]
2019-10-12 02:35:11,548 - __main__.setup_normalizer - [target W (OD)]
array([[0.55806723, 0.72234329, 0.40838848],
       [0.29010368, 0.84673842, 0.4459528 ]])
2019-10-12 02:35:11,549 - __main__.setup_normalizer - [target 99 percentile in H]
array([[2.91112732, 1.21991322]])
2019-10-12 02:35:11,562 - __main__.ImageGenerator - /mnt/f/02_Data/02_normalize_stain/input/5p375RGB/PK/PK30401 is local dir...
2019-10-12 02:35:11,851 - __main__.normalize - Normalizing /mnt/f/02_Data/02_normalize_stain/input/5p375RGB/PK/PK30401/PK30401_8482_14936_class_0.jpg
2019-10-12 02:35:13,205 - __main__ - save /mnt/f/02_Data/02_normalize_stain/output/5p375RGB/PK/Normalize_per_ROI/target-P02212/PK/PK30401/PK30401_8482_14936_class_0.jpg
2019-10-12 02:35:13,243 - __main__.normalize - Normalizing /mnt/f/02_Data/02_normalize_stain/input/5p375RGB/PK/PK30401/PK30401_8482_15123_class_0.jpg
2019-10-12 02:35:14,675 - __main__ - save /mnt/f/02_Data/02_normalize_stain/output/5p375RGB/PK/Normalize_per_ROI/target-P02212/PK/PK30401/PK30401_8482_15123_class_0.jpg
2019-10-12 02:35:14,721 - __main__.normalize - Normalizing /mnt/f/02_Data/02_normalize_stain/input/5p375RGB/PK/PK30401/PK30401_8669_15123_class_0.jpg
2019-10-12 02:35:15,993 - __main__ - save /mnt/f/02_Data/02_normalize_stain/output/5p375RGB/PK/Normalize_per_ROI/target-P02212/PK/PK30401/PK30401_8669_15123_class_0.jpg
2019-10-12 02:35:16,023 - __main__.normalize - Normalizing /mnt/f/02_Data/02_normalize_stain/input/5p375RGB/PK/PK30401/PK30401_8857_15123_class_0.jpg
2019-10-12 02:35:17,264 - __main__ - save /mnt/f/02_Data/02_normalize_stain/output/5p375RGB/PK/Normalize_per_ROI/target-P02212/PK/PK30401/PK30401_8857_15123_class_0.jpg
2019-10-12 02:35:17,294 - __main__.normalize - Normalizing /mnt/f/02_Data/02_normalize_stain/input/5p375RGB/PK/PK30401/PK30401_8294_15311_class_0.jpg
2019-10-12 02:35:18,553 - __main__ - save /mnt/f/02_Data/02_normalize_stain/output/5p375RGB/PK/Normalize_per_ROI/target-P02212/PK/PK30401/PK30401_8294_15311_class_0.jpg
2019-10-12 02:35:18,584 - __main__.normalize - Normalizing /mnt/f/02_Data/02_normalize_stain/input/5p375RGB/PK/PK30401/PK30401_8482_15311_class_0.jpg
2019-10-12 02:35:19,875 - __main__ - save /mnt/f/02_Data/02_normalize_stain/output/5p375RGB/PK/Normalize_per_ROI/target-P02212/PK/PK30401/PK30401_8482_15311_class_0.jpg
2019-10-12 02:35:19,904 - __main__.normalize - Normalizing /mnt/f/02_Data/02_normalize_stain/input/5p375RGB/PK/PK30401/PK30401_8669_15311_class_0.jpg
2019-10-12 02:35:21,190 - __main__ - save /mnt/f/02_Data/02_normalize_stain/output/5p375RGB/PK/Normalize_per_ROI/target-P02212/PK/PK30401/PK30401_8669_15311_class_0.jpg
2019-10-12 02:35:21,222 - __main__.normalize - Normalizing /mnt/f/02_Data/02_normalize_stain/input/5p375RGB/PK/PK30401/PK30401_8857_15311_class_0.jpg
2019-10-12 02:35:22,498 - __main__ - save /mnt/f/02_Data/02_normalize_stain/output/5p375RGB/PK/Normalize_per_ROI/target-P02212/PK/PK30401/PK30401_8857_15311_class_0.jpg
2019-10-12 02:35:22,524 - __main__.normalize - Normalizing /mnt/f/02_Data/02_normalize_stain/input/5p375RGB/PK/PK30401/PK30401_9044_15311_class_0.jpg
2019-10-12 02:35:23,806 - __main__ - save /mnt/f/02_Data/02_normalize_stain/output/5p375RGB/PK/Normalize_per_ROI/target-P02212/PK/PK30401/PK30401_9044_15311_class_0.jpg
2019-10-12 02:35:23,836 - __main__.normalize - Normalizing /mnt/f/02_Data/02_normalize_stain/input/5p375RGB/PK/PK30401/PK30401_9232_15311_class_0.jpg
2019-10-12 02:35:25,137 - __main__ - save /mnt/f/02_Data/02_normalize_stain/output/5p375RGB/PK/Normalize_per_ROI/target-P02212/PK/PK30401/PK30401_9232_15311_class_0.jpg
2019-10-12 02:35:25,193 - __main__.normalize - Normalizing /mnt/f/02_Data/02_normalize_stain/input/5p375RGB/PK/PK30401/PK30401_9419_15311_class_0.jpg
2019-10-12 02:35:26,460 - __main__ - save /mnt/f/02_Data/02_normalize_stain/output/5p375RGB/PK/Normalize_per_ROI/target-P02212/PK/PK30401/PK30401_9419_15311_class_0.jpg
2019-10-12 02:35:26,527 - __main__.normalize - Normalizing /mnt/f/02_Data/02_normalize_stain/input/5p375RGB/PK/PK30401/PK30401_8294_15498_class_0.jpg
2019-10-12 02:35:27,762 - __main__ - save /mnt/f/02_Data/02_normalize_stain/output/5p375RGB/PK/Normalize_per_ROI/target-P02212/PK/PK30401/PK30401_8294_15498_class_0.jpg
2019-10-12 02:35:27,806 - __main__.normalize - Normalizing /mnt/f/02_Data/02_normalize_stain/input/5p375RGB/PK/PK30401/PK30401_8482_15498_class_0.jpg
2019-10-12 02:35:29,098 - __main__ - save /mnt/f/02_Data/02_normalize_stain/output/5p375RGB/PK/Normalize_per_ROI/target-P02212/PK/PK30401/PK30401_8482_15498_class_0.jpg
2019-10-12 02:35:29,156 - __main__.normalize - Normalizing /mnt/f/02_Data/02_normalize_stain/input/5p375RGB/PK/PK30401/PK30401_8669_15498_class_0.jpg
2019-10-12 02:35:30,439 - __main__ - save /mnt/f/02_Data/02_normalize_stain/output/5p375RGB/PK/Normalize_per_ROI/target-P02212/PK/PK30401/PK30401_8669_15498_class_0.jpg
2019-10-12 02:35:30,485 - __main__.normalize - Normalizing /mnt/f/02_Data/02_normalize_stain/input/5p375RGB/PK/PK30401/PK30401_8857_15498_class_0.jpg
2019-10-12 02:35:31,776 - __main__ - save /mnt/f/02_Data/02_normalize_stain/output/5p375RGB/PK/Normalize_per_ROI/target-P02212/PK/PK30401/PK30401_8857_15498_class_0.jpg
2019-10-12 02:35:31,804 - __main__.normalize - Normalizing /mnt/f/02_Data/02_normalize_stain/input/5p375RGB/PK/PK30401/PK30401_9044_15498_class_0.jpg
2019-10-12 02:35:33,095 - __main__ - save /mnt/f/02_Data/02_normalize_stain/output/5p375RGB/PK/Normalize_per_ROI/target-P02212/PK/PK30401/PK30401_9044_15498_class_0.jpg
2019-10-12 02:35:33,123 - __main__.normalize - Normalizing /mnt/f/02_Data/02_normalize_stain/input/5p375RGB/PK/PK30401/PK30401_9232_15498_class_0.jpg
2019-10-12 02:35:34,407 - __main__ - save /mnt/f/02_Data/02_normalize_stain/output/5p375RGB/PK/Normalize_per_ROI/target-P02212/PK/PK30401/PK30401_9232_15498_class_0.jpg
2019-10-12 02:35:34,436 - __main__.normalize - Normalizing /mnt/f/02_Data/02_normalize_stain/input/5p375RGB/PK/PK30401/PK30401_8294_15686_class_0.jpg
2019-10-12 02:35:35,706 - __main__ - save /mnt/f/02_Data/02_normalize_stain/output/5p375RGB/PK/Normalize_per_ROI/target-P02212/PK/PK30401/PK30401_8294_15686_class_0.jpg
2019-10-12 02:35:35,735 - __main__.normalize - Normalizing /mnt/f/02_Data/02_normalize_stain/input/5p375RGB/PK/PK30401/PK30401_8482_15686_class_0.jpg
2019-10-12 02:35:37,028 - __main__ - save /mnt/f/02_Data/02_normalize_stain/output/5p375RGB/PK/Normalize_per_ROI/target-P02212/PK/PK30401/PK30401_8482_15686_class_0.jpg
2019-10-12 02:35:37,054 - __main__.normalize - Normalizing /mnt/f/02_Data/02_normalize_stain/input/5p375RGB/PK/PK30401/PK30401_8669_15686_class_0.jpg
2019-10-12 02:35:38,341 - __main__ - save /mnt/f/02_Data/02_normalize_stain/output/5p375RGB/PK/Normalize_per_ROI/target-P02212/PK/PK30401/PK30401_8669_15686_class_0.jpg
2019-10-12 02:35:38,370 - __main__.normalize - Normalizing /mnt/f/02_Data/02_normalize_stain/input/5p375RGB/PK/PK30401/PK30401_8857_15686_class_0.jpg
2019-10-12 02:35:39,656 - __main__ - save /mnt/f/02_Data/02_normalize_stain/output/5p375RGB/PK/Normalize_per_ROI/target-P02212/PK/PK30401/PK30401_8857_15686_class_0.jpg
2019-10-12 02:35:39,696 - __main__.normalize - Normalizing /mnt/f/02_Data/02_normalize_stain/input/5p375RGB/PK/PK30401/PK30401_9044_15686_class_0.jpg
2019-10-12 02:35:40,974 - __main__ - save /mnt/f/02_Data/02_normalize_stain/output/5p375RGB/PK/Normalize_per_ROI/target-P02212/PK/PK30401/PK30401_9044_15686_class_0.jpg
2019-10-12 02:35:41,004 - __main__.normalize - Normalizing /mnt/f/02_Data/02_normalize_stain/input/5p375RGB/PK/PK30401/PK30401_7919_15873_class_0.jpg
2019-10-12 02:35:42,282 - __main__ - save /mnt/f/02_Data/02_normalize_stain/output/5p375RGB/PK/Normalize_per_ROI/target-P02212/PK/PK30401/PK30401_7919_15873_class_0.jpg
2019-10-12 02:35:42,331 - __main__.normalize - Normalizing /mnt/f/02_Data/02_normalize_stain/input/5p375RGB/PK/PK30401/PK30401_8107_15873_class_0.jpg
2019-10-12 02:35:43,627 - __main__ - save /mnt/f/02_Data/02_normalize_stain/output/5p375RGB/PK/Normalize_per_ROI/target-P02212/PK/PK30401/PK30401_8107_15873_class_0.jpg
2019-10-12 02:35:43,670 - __main__.normalize - Normalizing /mnt/f/02_Data/02_normalize_stain/input/5p375RGB/PK/PK30401/PK30401_8294_15873_class_0.jpg
2019-10-12 02:35:44,965 - __main__ - save /mnt/f/02_Data/02_normalize_stain/output/5p375RGB/PK/Normalize_per_ROI/target-P02212/PK/PK30401/PK30401_8294_15873_class_0.jpg
2019-10-12 02:35:44,995 - __main__.normalize - Normalizing /mnt/f/02_Data/02_normalize_stain/input/5p375RGB/PK/PK30401/PK30401_8482_15873_class_0.jpg
2019-10-12 02:35:46,282 - __main__ - save /mnt/f/02_Data/02_normalize_stain/output/5p375RGB/PK/Normalize_per_ROI/target-P02212/PK/PK30401/PK30401_8482_15873_class_0.jpg
2019-10-12 02:35:46,323 - __main__.normalize - Normalizing /mnt/f/02_Data/02_normalize_stain/input/5p375RGB/PK/PK30401/PK30401_8669_15873_class_0.jpg
2019-10-12 02:35:47,609 - __main__ - save /mnt/f/02_Data/02_normalize_stain/output/5p375RGB/PK/Normalize_per_ROI/target-P02212/PK/PK30401/PK30401_8669_15873_class_0.jpg
2019-10-12 02:35:47,650 - __main__.normalize - Normalizing /mnt/f/02_Data/02_normalize_stain/input/5p375RGB/PK/PK30401/PK30401_8857_15873_class_0.jpg
2019-10-12 02:35:48,933 - __main__ - save /mnt/f/02_Data/02_normalize_stain/output/5p375RGB/PK/Normalize_per_ROI/target-P02212/PK/PK30401/PK30401_8857_15873_class_0.jpg
2019-10-12 02:35:48,963 - __main__.normalize - Normalizing /mnt/f/02_Data/02_normalize_stain/input/5p375RGB/PK/PK30401/PK30401_9044_15873_class_0.jpg
2019-10-12 02:35:50,226 - __main__ - save /mnt/f/02_Data/02_normalize_stain/output/5p375RGB/PK/Normalize_per_ROI/target-P02212/PK/PK30401/PK30401_9044_15873_class_0.jpg
2019-10-12 02:35:50,269 - __main__.normalize - Normalizing /mnt/f/02_Data/02_normalize_stain/input/5p375RGB/PK/PK30401/PK30401_7732_16061_class_0.jpg
2019-10-12 02:35:51,579 - __main__ - save /mnt/f/02_Data/02_normalize_stain/output/5p375RGB/PK/Normalize_per_ROI/target-P02212/PK/PK30401/PK30401_7732_16061_class_0.jpg
2019-10-12 02:35:51,633 - __main__.normalize - Normalizing /mnt/f/02_Data/02_normalize_stain/input/5p375RGB/PK/PK30401/PK30401_7919_16061_class_0.jpg
2019-10-12 02:35:52,941 - __main__ - save /mnt/f/02_Data/02_normalize_stain/output/5p375RGB/PK/Normalize_per_ROI/target-P02212/PK/PK30401/PK30401_7919_16061_class_0.jpg
2019-10-12 02:35:52,974 - __main__.normalize - Normalizing /mnt/f/02_Data/02_normalize_stain/input/5p375RGB/PK/PK30401/PK30401_8107_16061_class_0.jpg
2019-10-12 02:35:54,288 - __main__ - save /mnt/f/02_Data/02_normalize_stain/output/5p375RGB/PK/Normalize_per_ROI/target-P02212/PK/PK30401/PK30401_8107_16061_class_0.jpg
2019-10-12 02:35:54,316 - __main__.normalize - Normalizing /mnt/f/02_Data/02_normalize_stain/input/5p375RGB/PK/PK30401/PK30401_8294_16061_class_0.jpg
2019-10-12 02:35:55,625 - __main__ - save /mnt/f/02_Data/02_normalize_stain/output/5p375RGB/PK/Normalize_per_ROI/target-P02212/PK/PK30401/PK30401_8294_16061_class_0.jpg
2019-10-12 02:35:55,655 - __main__.normalize - Normalizing /mnt/f/02_Data/02_normalize_stain/input/5p375RGB/PK/PK30401/PK30401_8482_16061_class_0.jpg
2019-10-12 02:35:56,949 - __main__ - save /mnt/f/02_Data/02_normalize_stain/output/5p375RGB/PK/Normalize_per_ROI/target-P02212/PK/PK30401/PK30401_8482_16061_class_0.jpg
2019-10-12 02:35:56,976 - __main__.normalize - Normalizing /mnt/f/02_Data/02_normalize_stain/input/5p375RGB/PK/PK30401/PK30401_8669_16061_class_0.jpg
2019-10-12 02:35:58,281 - __main__ - save /mnt/f/02_Data/02_normalize_stain/output/5p375RGB/PK/Normalize_per_ROI/target-P02212/PK/PK30401/PK30401_8669_16061_class_0.jpg
2019-10-12 02:35:58,310 - __main__.normalize - Normalizing /mnt/f/02_Data/02_normalize_stain/input/5p375RGB/PK/PK30401/PK30401_8857_16061_class_0.jpg
2019-10-12 02:35:59,601 - __main__ - save /mnt/f/02_Data/02_normalize_stain/output/5p375RGB/PK/Normalize_per_ROI/target-P02212/PK/PK30401/PK30401_8857_16061_class_0.jpg
2019-10-12 02:35:59,628 - __main__.normalize - Normalizing /mnt/f/02_Data/02_normalize_stain/input/5p375RGB/PK/PK30401/PK30401_9044_16061_class_0.jpg
2019-10-12 02:36:00,895 - __main__ - save /mnt/f/02_Data/02_normalize_stain/output/5p375RGB/PK/Normalize_per_ROI/target-P02212/PK/PK30401/PK30401_9044_16061_class_0.jpg
2019-10-12 02:36:00,951 - __main__.normalize - Normalizing /mnt/f/02_Data/02_normalize_stain/input/5p375RGB/PK/PK30401/PK30401_7169_16248_class_0.jpg
2019-10-12 02:36:02,216 - __main__ - save /mnt/f/02_Data/02_normalize_stain/output/5p375RGB/PK/Normalize_per_ROI/target-P02212/PK/PK30401/PK30401_7169_16248_class_0.jpg
2019-10-12 02:36:02,244 - __main__.normalize - Normalizing /mnt/f/02_Data/02_normalize_stain/input/5p375RGB/PK/PK30401/PK30401_7357_16248_class_0.jpg
2019-10-12 02:36:03,514 - __main__ - save /mnt/f/02_Data/02_normalize_stain/output/5p375RGB/PK/Normalize_per_ROI/target-P02212/PK/PK30401/PK30401_7357_16248_class_0.jpg
2019-10-12 02:36:03,552 - __main__.normalize - Normalizing /mnt/f/02_Data/02_normalize_stain/input/5p375RGB/PK/PK30401/PK30401_7544_16248_class_0.jpg
2019-10-12 02:36:04,845 - __main__ - save /mnt/f/02_Data/02_normalize_stain/output/5p375RGB/PK/Normalize_per_ROI/target-P02212/PK/PK30401/PK30401_7544_16248_class_0.jpg
2019-10-12 02:36:04,873 - __main__.normalize - Normalizing /mnt/f/02_Data/02_normalize_stain/input/5p375RGB/PK/PK30401/PK30401_7732_16248_class_0.jpg
2019-10-12 02:36:06,183 - __main__ - save /mnt/f/02_Data/02_normalize_stain/output/5p375RGB/PK/Normalize_per_ROI/target-P02212/PK/PK30401/PK30401_7732_16248_class_0.jpg
2019-10-12 02:36:06,224 - __main__.normalize - Normalizing /mnt/f/02_Data/02_normalize_stain/input/5p375RGB/PK/PK30401/PK30401_7919_16248_class_0.jpg
2019-10-12 02:36:07,533 - __main__ - save /mnt/f/02_Data/02_normalize_stain/output/5p375RGB/PK/Normalize_per_ROI/target-P02212/PK/PK30401/PK30401_7919_16248_class_0.jpg
2019-10-12 02:36:07,572 - __main__.normalize - Normalizing /mnt/f/02_Data/02_normalize_stain/input/5p375RGB/PK/PK30401/PK30401_8107_16248_class_0.jpg
2019-10-12 02:36:08,889 - __main__ - save /mnt/f/02_Data/02_normalize_stain/output/5p375RGB/PK/Normalize_per_ROI/target-P02212/PK/PK30401/PK30401_8107_16248_class_0.jpg
2019-10-12 02:36:08,951 - __main__.normalize - Normalizing /mnt/f/02_Data/02_normalize_stain/input/5p375RGB/PK/PK30401/PK30401_8294_16248_class_0.jpg
2019-10-12 02:36:10,265 - __main__ - save /mnt/f/02_Data/02_normalize_stain/output/5p375RGB/PK/Normalize_per_ROI/target-P02212/PK/PK30401/PK30401_8294_16248_class_0.jpg
2019-10-12 02:36:10,312 - __main__.normalize - Normalizing /mnt/f/02_Data/02_normalize_stain/input/5p375RGB/PK/PK30401/PK30401_8482_16248_class_0.jpg
2019-10-12 02:36:11,606 - __main__ - save /mnt/f/02_Data/02_normalize_stain/output/5p375RGB/PK/Normalize_per_ROI/target-P02212/PK/PK30401/PK30401_8482_16248_class_0.jpg
2019-10-12 02:36:11,644 - __main__.normalize - Normalizing /mnt/f/02_Data/02_normalize_stain/input/5p375RGB/PK/PK30401/PK30401_8669_16248_class_0.jpg
2019-10-12 02:36:12,910 - __main__ - save /mnt/f/02_Data/02_normalize_stain/output/5p375RGB/PK/Normalize_per_ROI/target-P02212/PK/PK30401/PK30401_8669_16248_class_0.jpg
2019-10-12 02:36:12,939 - __main__.normalize - Normalizing /mnt/f/02_Data/02_normalize_stain/input/5p375RGB/PK/PK30401/PK30401_7169_16436_class_0.jpg
2019-10-12 02:36:14,214 - __main__ - save /mnt/f/02_Data/02_normalize_stain/output/5p375RGB/PK/Normalize_per_ROI/target-P02212/PK/PK30401/PK30401_7169_16436_class_0.jpg
2019-10-12 02:36:14,241 - __main__.normalize - Normalizing /mnt/f/02_Data/02_normalize_stain/input/5p375RGB/PK/PK30401/PK30401_7357_16436_class_0.jpg
2019-10-12 02:36:15,516 - __main__ - save /mnt/f/02_Data/02_normalize_stain/output/5p375RGB/PK/Normalize_per_ROI/target-P02212/PK/PK30401/PK30401_7357_16436_class_0.jpg
2019-10-12 02:36:15,576 - __main__.normalize - Normalizing /mnt/f/02_Data/02_normalize_stain/input/5p375RGB/PK/PK30401/PK30401_7544_16436_class_0.jpg
2019-10-12 02:36:16,856 - __main__ - save /mnt/f/02_Data/02_normalize_stain/output/5p375RGB/PK/Normalize_per_ROI/target-P02212/PK/PK30401/PK30401_7544_16436_class_0.jpg
2019-10-12 02:36:16,882 - __main__.normalize - Normalizing /mnt/f/02_Data/02_normalize_stain/input/5p375RGB/PK/PK30401/PK30401_7732_16436_class_0.jpg
2019-10-12 02:36:18,180 - __main__ - save /mnt/f/02_Data/02_normalize_stain/output/5p375RGB/PK/Normalize_per_ROI/target-P02212/PK/PK30401/PK30401_7732_16436_class_0.jpg
2019-10-12 02:36:18,209 - __main__.normalize - Normalizing /mnt/f/02_Data/02_normalize_stain/input/5p375RGB/PK/PK30401/PK30401_7919_16436_class_0.jpg
2019-10-12 02:36:19,503 - __main__ - save /mnt/f/02_Data/02_normalize_stain/output/5p375RGB/PK/Normalize_per_ROI/target-P02212/PK/PK30401/PK30401_7919_16436_class_0.jpg
2019-10-12 02:36:19,530 - __main__.normalize - Normalizing /mnt/f/02_Data/02_normalize_stain/input/5p375RGB/PK/PK30401/PK30401_8107_16436_class_0.jpg
2019-10-12 02:36:20,812 - __main__ - save /mnt/f/02_Data/02_normalize_stain/output/5p375RGB/PK/Normalize_per_ROI/target-P02212/PK/PK30401/PK30401_8107_16436_class_0.jpg
2019-10-12 02:36:20,844 - __main__.normalize - Normalizing /mnt/f/02_Data/02_normalize_stain/input/5p375RGB/PK/PK30401/PK30401_8294_16436_class_0.jpg
2019-10-12 02:36:22,107 - __main__ - save /mnt/f/02_Data/02_normalize_stain/output/5p375RGB/PK/Normalize_per_ROI/target-P02212/PK/PK30401/PK30401_8294_16436_class_0.jpg
2019-10-12 02:36:22,136 - __main__.normalize - Normalizing /mnt/f/02_Data/02_normalize_stain/input/5p375RGB/PK/PK30401/PK30401_8482_16436_class_0.jpg
2019-10-12 02:36:23,383 - __main__ - save /mnt/f/02_Data/02_normalize_stain/output/5p375RGB/PK/Normalize_per_ROI/target-P02212/PK/PK30401/PK30401_8482_16436_class_0.jpg
2019-10-12 02:36:23,446 - __main__.normalize - Normalizing /mnt/f/02_Data/02_normalize_stain/input/5p375RGB/PK/PK30401/PK30401_7544_16623_class_0.jpg
2019-10-12 02:36:24,749 - __main__ - save /mnt/f/02_Data/02_normalize_stain/output/5p375RGB/PK/Normalize_per_ROI/target-P02212/PK/PK30401/PK30401_7544_16623_class_0.jpg
2019-10-12 02:36:24,797 - __main__.normalize - Normalizing /mnt/f/02_Data/02_normalize_stain/input/5p375RGB/PK/PK30401/PK30401_7732_16623_class_0.jpg
2019-10-12 02:36:26,106 - __main__ - save /mnt/f/02_Data/02_normalize_stain/output/5p375RGB/PK/Normalize_per_ROI/target-P02212/PK/PK30401/PK30401_7732_16623_class_0.jpg
2019-10-12 02:36:26,166 - __main__.normalize - Normalizing /mnt/f/02_Data/02_normalize_stain/input/5p375RGB/PK/PK30401/PK30401_49919_18123_class_0.jpg
2019-10-12 02:36:27,448 - __main__ - save /mnt/f/02_Data/02_normalize_stain/output/5p375RGB/PK/Normalize_per_ROI/target-P02212/PK/PK30401/PK30401_49919_18123_class_0.jpg
2019-10-12 02:36:27,477 - __main__.normalize - Normalizing /mnt/f/02_Data/02_normalize_stain/input/5p375RGB/PK/PK30401/PK30401_49732_18311_class_0.jpg
2019-10-12 02:36:28,763 - __main__ - save /mnt/f/02_Data/02_normalize_stain/output/5p375RGB/PK/Normalize_per_ROI/target-P02212/PK/PK30401/PK30401_49732_18311_class_0.jpg
2019-10-12 02:36:28,821 - __main__.normalize - Normalizing /mnt/f/02_Data/02_normalize_stain/input/5p375RGB/PK/PK30401/PK30401_49919_18311_class_0.jpg
2019-10-12 02:36:30,117 - __main__ - save /mnt/f/02_Data/02_normalize_stain/output/5p375RGB/PK/Normalize_per_ROI/target-P02212/PK/PK30401/PK30401_49919_18311_class_0.jpg
2019-10-12 02:36:30,143 - __main__.normalize - Normalizing /mnt/f/02_Data/02_normalize_stain/input/5p375RGB/PK/PK30401/PK30401_50107_18311_class_0.jpg
2019-10-12 02:36:31,422 - __main__ - save /mnt/f/02_Data/02_normalize_stain/output/5p375RGB/PK/Normalize_per_ROI/target-P02212/PK/PK30401/PK30401_50107_18311_class_0.jpg
2019-10-12 02:36:31,453 - __main__.normalize - Normalizing /mnt/f/02_Data/02_normalize_stain/input/5p375RGB/PK/PK30401/PK30401_50294_18311_class_0.jpg
2019-10-12 02:36:32,752 - __main__ - save /mnt/f/02_Data/02_normalize_stain/output/5p375RGB/PK/Normalize_per_ROI/target-P02212/PK/PK30401/PK30401_50294_18311_class_0.jpg
2019-10-12 02:36:32,807 - __main__.normalize - Normalizing /mnt/f/02_Data/02_normalize_stain/input/5p375RGB/PK/PK30401/PK30401_50482_18311_class_0.jpg
2019-10-12 02:36:34,112 - __main__ - save /mnt/f/02_Data/02_normalize_stain/output/5p375RGB/PK/Normalize_per_ROI/target-P02212/PK/PK30401/PK30401_50482_18311_class_0.jpg
2019-10-12 02:36:34,139 - __main__.normalize - Normalizing /mnt/f/02_Data/02_normalize_stain/input/5p375RGB/PK/PK30401/PK30401_50669_18311_class_0.jpg
2019-10-12 02:36:35,421 - __main__ - save /mnt/f/02_Data/02_normalize_stain/output/5p375RGB/PK/Normalize_per_ROI/target-P02212/PK/PK30401/PK30401_50669_18311_class_0.jpg
2019-10-12 02:36:35,451 - __main__.normalize - Normalizing /mnt/f/02_Data/02_normalize_stain/input/5p375RGB/PK/PK30401/PK30401_49732_18498_class_0.jpg
2019-10-12 02:36:36,727 - __main__ - save /mnt/f/02_Data/02_normalize_stain/output/5p375RGB/PK/Normalize_per_ROI/target-P02212/PK/PK30401/PK30401_49732_18498_class_0.jpg
2019-10-12 02:36:36,758 - __main__.normalize - Normalizing /mnt/f/02_Data/02_normalize_stain/input/5p375RGB/PK/PK30401/PK30401_49919_18498_class_0.jpg
2019-10-12 02:36:38,055 - __main__ - save /mnt/f/02_Data/02_normalize_stain/output/5p375RGB/PK/Normalize_per_ROI/target-P02212/PK/PK30401/PK30401_49919_18498_class_0.jpg
2019-10-12 02:36:38,106 - __main__.normalize - Normalizing /mnt/f/02_Data/02_normalize_stain/input/5p375RGB/PK/PK30401/PK30401_50107_18498_class_0.jpg
2019-10-12 02:36:39,404 - __main__ - save /mnt/f/02_Data/02_normalize_stain/output/5p375RGB/PK/Normalize_per_ROI/target-P02212/PK/PK30401/PK30401_50107_18498_class_0.jpg
2019-10-12 02:36:39,433 - __main__.normalize - Normalizing /mnt/f/02_Data/02_normalize_stain/input/5p375RGB/PK/PK30401/PK30401_50294_18498_class_0.jpg
2019-10-12 02:36:40,738 - __main__ - save /mnt/f/02_Data/02_normalize_stain/output/5p375RGB/PK/Normalize_per_ROI/target-P02212/PK/PK30401/PK30401_50294_18498_class_0.jpg
2019-10-12 02:36:40,765 - __main__.normalize - Normalizing /mnt/f/02_Data/02_normalize_stain/input/5p375RGB/PK/PK30401/PK30401_50482_18498_class_0.jpg
2019-10-12 02:36:42,076 - __main__ - save /mnt/f/02_Data/02_normalize_stain/output/5p375RGB/PK/Normalize_per_ROI/target-P02212/PK/PK30401/PK30401_50482_18498_class_0.jpg
2019-10-12 02:36:42,102 - __main__.normalize - Normalizing /mnt/f/02_Data/02_normalize_stain/input/5p375RGB/PK/PK30401/PK30401_50669_18498_class_0.jpg
2019-10-12 02:36:43,425 - __main__ - save /mnt/f/02_Data/02_normalize_stain/output/5p375RGB/PK/Normalize_per_ROI/target-P02212/PK/PK30401/PK30401_50669_18498_class_0.jpg
2019-10-12 02:36:43,452 - __main__.normalize - Normalizing /mnt/f/02_Data/02_normalize_stain/input/5p375RGB/PK/PK30401/PK30401_49732_18686_class_0.jpg
2019-10-12 02:36:44,715 - __main__ - save /mnt/f/02_Data/02_normalize_stain/output/5p375RGB/PK/Normalize_per_ROI/target-P02212/PK/PK30401/PK30401_49732_18686_class_0.jpg
2019-10-12 02:36:44,744 - __main__.normalize - Normalizing /mnt/f/02_Data/02_normalize_stain/input/5p375RGB/PK/PK30401/PK30401_49919_18686_class_0.jpg
2019-10-12 02:36:46,049 - __main__ - save /mnt/f/02_Data/02_normalize_stain/output/5p375RGB/PK/Normalize_per_ROI/target-P02212/PK/PK30401/PK30401_49919_18686_class_0.jpg
2019-10-12 02:36:46,098 - __main__.normalize - Normalizing /mnt/f/02_Data/02_normalize_stain/input/5p375RGB/PK/PK30401/PK30401_50107_18686_class_0.jpg
2019-10-12 02:36:47,404 - __main__ - save /mnt/f/02_Data/02_normalize_stain/output/5p375RGB/PK/Normalize_per_ROI/target-P02212/PK/PK30401/PK30401_50107_18686_class_0.jpg
2019-10-12 02:36:47,462 - __main__.normalize - Normalizing /mnt/f/02_Data/02_normalize_stain/input/5p375RGB/PK/PK30401/PK30401_50294_18686_class_0.jpg
2019-10-12 02:36:48,771 - __main__ - save /mnt/f/02_Data/02_normalize_stain/output/5p375RGB/PK/Normalize_per_ROI/target-P02212/PK/PK30401/PK30401_50294_18686_class_0.jpg
2019-10-12 02:36:48,800 - __main__.normalize - Normalizing /mnt/f/02_Data/02_normalize_stain/input/5p375RGB/PK/PK30401/PK30401_50482_18686_class_0.jpg
2019-10-12 02:36:50,103 - __main__ - save /mnt/f/02_Data/02_normalize_stain/output/5p375RGB/PK/Normalize_per_ROI/target-P02212/PK/PK30401/PK30401_50482_18686_class_0.jpg
2019-10-12 02:36:50,159 - __main__.normalize - Normalizing /mnt/f/02_Data/02_normalize_stain/input/5p375RGB/PK/PK30401/PK30401_50669_18686_class_0.jpg
2019-10-12 02:36:51,466 - __main__ - save /mnt/f/02_Data/02_normalize_stain/output/5p375RGB/PK/Normalize_per_ROI/target-P02212/PK/PK30401/PK30401_50669_18686_class_0.jpg
2019-10-12 02:36:51,495 - __main__.normalize - Normalizing /mnt/f/02_Data/02_normalize_stain/input/5p375RGB/PK/PK30401/PK30401_49544_18873_class_0.jpg
2019-10-12 02:36:52,731 - __main__ - save /mnt/f/02_Data/02_normalize_stain/output/5p375RGB/PK/Normalize_per_ROI/target-P02212/PK/PK30401/PK30401_49544_18873_class_0.jpg
2019-10-12 02:36:52,759 - __main__.normalize - Normalizing /mnt/f/02_Data/02_normalize_stain/input/5p375RGB/PK/PK30401/PK30401_49732_18873_class_0.jpg
2019-10-12 02:36:54,038 - __main__ - save /mnt/f/02_Data/02_normalize_stain/output/5p375RGB/PK/Normalize_per_ROI/target-P02212/PK/PK30401/PK30401_49732_18873_class_0.jpg
2019-10-12 02:36:54,096 - __main__.normalize - Normalizing /mnt/f/02_Data/02_normalize_stain/input/5p375RGB/PK/PK30401/PK30401_49919_18873_class_0.jpg
2019-10-12 02:36:55,388 - __main__ - save /mnt/f/02_Data/02_normalize_stain/output/5p375RGB/PK/Normalize_per_ROI/target-P02212/PK/PK30401/PK30401_49919_18873_class_0.jpg
2019-10-12 02:36:55,483 - __main__.normalize - Normalizing /mnt/f/02_Data/02_normalize_stain/input/5p375RGB/PK/PK30401/PK30401_50107_18873_class_0.jpg
2019-10-12 02:36:56,767 - __main__ - save /mnt/f/02_Data/02_normalize_stain/output/5p375RGB/PK/Normalize_per_ROI/target-P02212/PK/PK30401/PK30401_50107_18873_class_0.jpg
2019-10-12 02:36:56,798 - __main__.normalize - Normalizing /mnt/f/02_Data/02_normalize_stain/input/5p375RGB/PK/PK30401/PK30401_50294_18873_class_0.jpg
2019-10-12 02:36:58,099 - __main__ - save /mnt/f/02_Data/02_normalize_stain/output/5p375RGB/PK/Normalize_per_ROI/target-P02212/PK/PK30401/PK30401_50294_18873_class_0.jpg
2019-10-12 02:36:58,153 - __main__.normalize - Normalizing /mnt/f/02_Data/02_normalize_stain/input/5p375RGB/PK/PK30401/PK30401_50482_18873_class_0.jpg
2019-10-12 02:36:59,449 - __main__ - save /mnt/f/02_Data/02_normalize_stain/output/5p375RGB/PK/Normalize_per_ROI/target-P02212/PK/PK30401/PK30401_50482_18873_class_0.jpg
2019-10-12 02:36:59,479 - __main__.normalize - Normalizing /mnt/f/02_Data/02_normalize_stain/input/5p375RGB/PK/PK30401/PK30401_49357_19061_class_0.jpg
2019-10-12 02:37:00,757 - __main__ - save /mnt/f/02_Data/02_normalize_stain/output/5p375RGB/PK/Normalize_per_ROI/target-P02212/PK/PK30401/PK30401_49357_19061_class_0.jpg
2019-10-12 02:37:00,814 - __main__.normalize - Normalizing /mnt/f/02_Data/02_normalize_stain/input/5p375RGB/PK/PK30401/PK30401_49544_19061_class_0.jpg
2019-10-12 02:37:02,104 - __main__ - save /mnt/f/02_Data/02_normalize_stain/output/5p375RGB/PK/Normalize_per_ROI/target-P02212/PK/PK30401/PK30401_49544_19061_class_0.jpg
2019-10-12 02:37:02,134 - __main__.normalize - Normalizing /mnt/f/02_Data/02_normalize_stain/input/5p375RGB/PK/PK30401/PK30401_49732_19061_class_0.jpg
2019-10-12 02:37:03,433 - __main__ - save /mnt/f/02_Data/02_normalize_stain/output/5p375RGB/PK/Normalize_per_ROI/target-P02212/PK/PK30401/PK30401_49732_19061_class_0.jpg
2019-10-12 02:37:03,463 - __main__.normalize - Normalizing /mnt/f/02_Data/02_normalize_stain/input/5p375RGB/PK/PK30401/PK30401_49919_19061_class_0.jpg
2019-10-12 02:37:04,760 - __main__ - save /mnt/f/02_Data/02_normalize_stain/output/5p375RGB/PK/Normalize_per_ROI/target-P02212/PK/PK30401/PK30401_49919_19061_class_0.jpg
2019-10-12 02:37:04,787 - __main__.normalize - Normalizing /mnt/f/02_Data/02_normalize_stain/input/5p375RGB/PK/PK30401/PK30401_50107_19061_class_0.jpg
2019-10-12 02:37:06,092 - __main__ - save /mnt/f/02_Data/02_normalize_stain/output/5p375RGB/PK/Normalize_per_ROI/target-P02212/PK/PK30401/PK30401_50107_19061_class_0.jpg
2019-10-12 02:37:06,122 - __main__.normalize - Normalizing /mnt/f/02_Data/02_normalize_stain/input/5p375RGB/PK/PK30401/PK30401_50294_19061_class_0.jpg
2019-10-12 02:37:07,427 - __main__ - save /mnt/f/02_Data/02_normalize_stain/output/5p375RGB/PK/Normalize_per_ROI/target-P02212/PK/PK30401/PK30401_50294_19061_class_0.jpg
2019-10-12 02:37:07,455 - __main__.normalize - Normalizing /mnt/f/02_Data/02_normalize_stain/input/5p375RGB/PK/PK30401/PK30401_50482_19061_class_0.jpg
2019-10-12 02:37:08,736 - __main__ - save /mnt/f/02_Data/02_normalize_stain/output/5p375RGB/PK/Normalize_per_ROI/target-P02212/PK/PK30401/PK30401_50482_19061_class_0.jpg
2019-10-12 02:37:08,763 - __main__.normalize - Normalizing /mnt/f/02_Data/02_normalize_stain/input/5p375RGB/PK/PK30401/PK30401_49169_19248_class_0.jpg
2019-10-12 02:37:10,046 - __main__ - save /mnt/f/02_Data/02_normalize_stain/output/5p375RGB/PK/Normalize_per_ROI/target-P02212/PK/PK30401/PK30401_49169_19248_class_0.jpg
2019-10-12 02:37:10,074 - __main__.normalize - Normalizing /mnt/f/02_Data/02_normalize_stain/input/5p375RGB/PK/PK30401/PK30401_49357_19248_class_0.jpg
2019-10-12 02:37:11,366 - __main__ - save /mnt/f/02_Data/02_normalize_stain/output/5p375RGB/PK/Normalize_per_ROI/target-P02212/PK/PK30401/PK30401_49357_19248_class_0.jpg
2019-10-12 02:37:11,394 - __main__.normalize - Normalizing /mnt/f/02_Data/02_normalize_stain/input/5p375RGB/PK/PK30401/PK30401_49544_19248_class_0.jpg
2019-10-12 02:37:12,692 - __main__ - save /mnt/f/02_Data/02_normalize_stain/output/5p375RGB/PK/Normalize_per_ROI/target-P02212/PK/PK30401/PK30401_49544_19248_class_0.jpg
2019-10-12 02:37:12,732 - __main__.normalize - Normalizing /mnt/f/02_Data/02_normalize_stain/input/5p375RGB/PK/PK30401/PK30401_49732_19248_class_0.jpg
2019-10-12 02:37:14,032 - __main__ - save /mnt/f/02_Data/02_normalize_stain/output/5p375RGB/PK/Normalize_per_ROI/target-P02212/PK/PK30401/PK30401_49732_19248_class_0.jpg
2019-10-12 02:37:14,086 - __main__.normalize - Normalizing /mnt/f/02_Data/02_normalize_stain/input/5p375RGB/PK/PK30401/PK30401_49919_19248_class_0.jpg
2019-10-12 02:37:15,381 - __main__ - save /mnt/f/02_Data/02_normalize_stain/output/5p375RGB/PK/Normalize_per_ROI/target-P02212/PK/PK30401/PK30401_49919_19248_class_0.jpg
2019-10-12 02:37:15,423 - __main__.normalize - Normalizing /mnt/f/02_Data/02_normalize_stain/input/5p375RGB/PK/PK30401/PK30401_50107_19248_class_0.jpg
2019-10-12 02:37:16,731 - __main__ - save /mnt/f/02_Data/02_normalize_stain/output/5p375RGB/PK/Normalize_per_ROI/target-P02212/PK/PK30401/PK30401_50107_19248_class_0.jpg
2019-10-12 02:37:16,790 - __main__.normalize - Normalizing /mnt/f/02_Data/02_normalize_stain/input/5p375RGB/PK/PK30401/PK30401_50294_19248_class_0.jpg
2019-10-12 02:37:18,074 - __main__ - save /mnt/f/02_Data/02_normalize_stain/output/5p375RGB/PK/Normalize_per_ROI/target-P02212/PK/PK30401/PK30401_50294_19248_class_0.jpg
2019-10-12 02:37:18,103 - __main__.normalize - Normalizing /mnt/f/02_Data/02_normalize_stain/input/5p375RGB/PK/PK30401/PK30401_48607_19436_class_0.jpg
2019-10-12 02:37:19,364 - __main__ - save /mnt/f/02_Data/02_normalize_stain/output/5p375RGB/PK/Normalize_per_ROI/target-P02212/PK/PK30401/PK30401_48607_19436_class_0.jpg
2019-10-12 02:37:19,392 - __main__.normalize - Normalizing /mnt/f/02_Data/02_normalize_stain/input/5p375RGB/PK/PK30401/PK30401_48794_19436_class_0.jpg
2019-10-12 02:37:20,656 - __main__ - save /mnt/f/02_Data/02_normalize_stain/output/5p375RGB/PK/Normalize_per_ROI/target-P02212/PK/PK30401/PK30401_48794_19436_class_0.jpg
2019-10-12 02:37:20,684 - __main__.normalize - Normalizing /mnt/f/02_Data/02_normalize_stain/input/5p375RGB/PK/PK30401/PK30401_48982_19436_class_0.jpg
2019-10-12 02:37:21,974 - __main__ - save /mnt/f/02_Data/02_normalize_stain/output/5p375RGB/PK/Normalize_per_ROI/target-P02212/PK/PK30401/PK30401_48982_19436_class_0.jpg
2019-10-12 02:37:22,004 - __main__.normalize - Normalizing /mnt/f/02_Data/02_normalize_stain/input/5p375RGB/PK/PK30401/PK30401_49169_19436_class_0.jpg
2019-10-12 02:37:23,312 - __main__ - save /mnt/f/02_Data/02_normalize_stain/output/5p375RGB/PK/Normalize_per_ROI/target-P02212/PK/PK30401/PK30401_49169_19436_class_0.jpg
2019-10-12 02:37:23,383 - __main__.normalize - Normalizing /mnt/f/02_Data/02_normalize_stain/input/5p375RGB/PK/PK30401/PK30401_49357_19436_class_0.jpg
2019-10-12 02:37:24,680 - __main__ - save /mnt/f/02_Data/02_normalize_stain/output/5p375RGB/PK/Normalize_per_ROI/target-P02212/PK/PK30401/PK30401_49357_19436_class_0.jpg
2019-10-12 02:37:24,733 - __main__.normalize - Normalizing /mnt/f/02_Data/02_normalize_stain/input/5p375RGB/PK/PK30401/PK30401_49544_19436_class_0.jpg
2019-10-12 02:37:26,041 - __main__ - save /mnt/f/02_Data/02_normalize_stain/output/5p375RGB/PK/Normalize_per_ROI/target-P02212/PK/PK30401/PK30401_49544_19436_class_0.jpg
2019-10-12 02:37:26,070 - __main__.normalize - Normalizing /mnt/f/02_Data/02_normalize_stain/input/5p375RGB/PK/PK30401/PK30401_49732_19436_class_0.jpg
2019-10-12 02:37:27,388 - __main__ - save /mnt/f/02_Data/02_normalize_stain/output/5p375RGB/PK/Normalize_per_ROI/target-P02212/PK/PK30401/PK30401_49732_19436_class_0.jpg
2019-10-12 02:37:27,416 - __main__.normalize - Normalizing /mnt/f/02_Data/02_normalize_stain/input/5p375RGB/PK/PK30401/PK30401_49919_19436_class_0.jpg
2019-10-12 02:37:28,720 - __main__ - save /mnt/f/02_Data/02_normalize_stain/output/5p375RGB/PK/Normalize_per_ROI/target-P02212/PK/PK30401/PK30401_49919_19436_class_0.jpg
2019-10-12 02:37:28,746 - __main__.normalize - Normalizing /mnt/f/02_Data/02_normalize_stain/input/5p375RGB/PK/PK30401/PK30401_50107_19436_class_0.jpg
2019-10-12 02:37:30,042 - __main__ - save /mnt/f/02_Data/02_normalize_stain/output/5p375RGB/PK/Normalize_per_ROI/target-P02212/PK/PK30401/PK30401_50107_19436_class_0.jpg
2019-10-12 02:37:30,069 - __main__.normalize - Normalizing /mnt/f/02_Data/02_normalize_stain/input/5p375RGB/PK/PK30401/PK30401_48607_19623_class_0.jpg
2019-10-12 02:37:31,365 - __main__ - save /mnt/f/02_Data/02_normalize_stain/output/5p375RGB/PK/Normalize_per_ROI/target-P02212/PK/PK30401/PK30401_48607_19623_class_0.jpg
2019-10-12 02:37:31,415 - __main__.normalize - Normalizing /mnt/f/02_Data/02_normalize_stain/input/5p375RGB/PK/PK30401/PK30401_48794_19623_class_0.jpg
2019-10-12 02:37:32,714 - __main__ - save /mnt/f/02_Data/02_normalize_stain/output/5p375RGB/PK/Normalize_per_ROI/target-P02212/PK/PK30401/PK30401_48794_19623_class_0.jpg
2019-10-12 02:37:32,742 - __main__.normalize - Normalizing /mnt/f/02_Data/02_normalize_stain/input/5p375RGB/PK/PK30401/PK30401_48982_19623_class_0.jpg
2019-10-12 02:37:34,031 - __main__ - save /mnt/f/02_Data/02_normalize_stain/output/5p375RGB/PK/Normalize_per_ROI/target-P02212/PK/PK30401/PK30401_48982_19623_class_0.jpg
2019-10-12 02:37:34,081 - __main__.normalize - Normalizing /mnt/f/02_Data/02_normalize_stain/input/5p375RGB/PK/PK30401/PK30401_49169_19623_class_0.jpg
2019-10-12 02:37:35,392 - __main__ - save /mnt/f/02_Data/02_normalize_stain/output/5p375RGB/PK/Normalize_per_ROI/target-P02212/PK/PK30401/PK30401_49169_19623_class_0.jpg
2019-10-12 02:37:35,420 - __main__.normalize - Normalizing /mnt/f/02_Data/02_normalize_stain/input/5p375RGB/PK/PK30401/PK30401_49357_19623_class_0.jpg
2019-10-12 02:37:36,720 - __main__ - save /mnt/f/02_Data/02_normalize_stain/output/5p375RGB/PK/Normalize_per_ROI/target-P02212/PK/PK30401/PK30401_49357_19623_class_0.jpg
2019-10-12 02:37:36,785 - __main__.normalize - Normalizing /mnt/f/02_Data/02_normalize_stain/input/5p375RGB/PK/PK30401/PK30401_49544_19623_class_0.jpg
2019-10-12 02:37:38,087 - __main__ - save /mnt/f/02_Data/02_normalize_stain/output/5p375RGB/PK/Normalize_per_ROI/target-P02212/PK/PK30401/PK30401_49544_19623_class_0.jpg
2019-10-12 02:37:38,146 - __main__.normalize - Normalizing /mnt/f/02_Data/02_normalize_stain/input/5p375RGB/PK/PK30401/PK30401_49732_19623_class_0.jpg
2019-10-12 02:37:39,469 - __main__ - save /mnt/f/02_Data/02_normalize_stain/output/5p375RGB/PK/Normalize_per_ROI/target-P02212/PK/PK30401/PK30401_49732_19623_class_0.jpg
2019-10-12 02:37:39,498 - __main__.normalize - Normalizing /mnt/f/02_Data/02_normalize_stain/input/5p375RGB/PK/PK30401/PK30401_48794_19811_class_0.jpg
2019-10-12 02:37:40,787 - __main__ - save /mnt/f/02_Data/02_normalize_stain/output/5p375RGB/PK/Normalize_per_ROI/target-P02212/PK/PK30401/PK30401_48794_19811_class_0.jpg
2019-10-12 02:37:40,793 - __main__ - 

2019-10-12 02:37:40,796 - __main__ - [slide dir] /mnt/f/02_Data/02_normalize_stain/input/5p375RGB/PK/PK30401
2019-10-12 02:37:40,798 - __main__ - [elapsed time per slide] 149.23307347297668 sec
2019-10-12 02:37:40,801 - __main__.ImageGenerator - /mnt/f/02_Data/02_normalize_stain/input/5p375RGB/PK/PK32002 is local dir...
2019-10-12 02:37:41,059 - __main__.normalize - Normalizing /mnt/f/02_Data/02_normalize_stain/input/5p375RGB/PK/PK32002/PK32002_67394_30020_class_0.jpg
2019-10-12 02:37:42,301 - __main__ - save /mnt/f/02_Data/02_normalize_stain/output/5p375RGB/PK/Normalize_per_ROI/target-P02212/PK/PK32002/PK32002_67394_30020_class_0.jpg
2019-10-12 02:37:42,358 - __main__.normalize - Normalizing /mnt/f/02_Data/02_normalize_stain/input/5p375RGB/PK/PK32002/PK32002_67581_30020_class_0.jpg
2019-10-12 02:37:43,577 - __main__ - save /mnt/f/02_Data/02_normalize_stain/output/5p375RGB/PK/Normalize_per_ROI/target-P02212/PK/PK32002/PK32002_67581_30020_class_0.jpg
2019-10-12 02:37:43,633 - __main__.normalize - Normalizing /mnt/f/02_Data/02_normalize_stain/input/5p375RGB/PK/PK32002/PK32002_67769_30020_class_0.jpg
2019-10-12 02:37:44,856 - __main__ - save /mnt/f/02_Data/02_normalize_stain/output/5p375RGB/PK/Normalize_per_ROI/target-P02212/PK/PK32002/PK32002_67769_30020_class_0.jpg
2019-10-12 02:37:44,886 - __main__.normalize - Normalizing /mnt/f/02_Data/02_normalize_stain/input/5p375RGB/PK/PK32002/PK32002_68331_30020_class_0.jpg
2019-10-12 02:37:46,109 - __main__ - save /mnt/f/02_Data/02_normalize_stain/output/5p375RGB/PK/Normalize_per_ROI/target-P02212/PK/PK32002/PK32002_68331_30020_class_0.jpg
2019-10-12 02:37:46,150 - __main__.normalize - Normalizing /mnt/f/02_Data/02_normalize_stain/input/5p375RGB/PK/PK32002/PK32002_68519_30020_class_0.jpg
2019-10-12 02:37:47,386 - __main__ - save /mnt/f/02_Data/02_normalize_stain/output/5p375RGB/PK/Normalize_per_ROI/target-P02212/PK/PK32002/PK32002_68519_30020_class_0.jpg
2019-10-12 02:37:47,414 - __main__.normalize - Normalizing /mnt/f/02_Data/02_normalize_stain/input/5p375RGB/PK/PK32002/PK32002_68706_30020_class_0.jpg
2019-10-12 02:37:48,639 - __main__ - save /mnt/f/02_Data/02_normalize_stain/output/5p375RGB/PK/Normalize_per_ROI/target-P02212/PK/PK32002/PK32002_68706_30020_class_0.jpg
2019-10-12 02:37:48,666 - __main__.normalize - Normalizing /mnt/f/02_Data/02_normalize_stain/input/5p375RGB/PK/PK32002/PK32002_20144_30208_class_0.jpg
2019-10-12 02:37:49,892 - __main__ - save /mnt/f/02_Data/02_normalize_stain/output/5p375RGB/PK/Normalize_per_ROI/target-P02212/PK/PK32002/PK32002_20144_30208_class_0.jpg
2019-10-12 02:37:49,919 - __main__.normalize - Normalizing /mnt/f/02_Data/02_normalize_stain/input/5p375RGB/PK/PK32002/PK32002_20331_30208_class_0.jpg
2019-10-12 02:37:51,176 - __main__ - save /mnt/f/02_Data/02_normalize_stain/output/5p375RGB/PK/Normalize_per_ROI/target-P02212/PK/PK32002/PK32002_20331_30208_class_0.jpg
2019-10-12 02:37:51,204 - __main__.normalize - Normalizing /mnt/f/02_Data/02_normalize_stain/input/5p375RGB/PK/PK32002/PK32002_67394_30208_class_0.jpg
2019-10-12 02:37:52,461 - __main__ - save /mnt/f/02_Data/02_normalize_stain/output/5p375RGB/PK/Normalize_per_ROI/target-P02212/PK/PK32002/PK32002_67394_30208_class_0.jpg
2019-10-12 02:37:52,489 - __main__.normalize - Normalizing /mnt/f/02_Data/02_normalize_stain/input/5p375RGB/PK/PK32002/PK32002_67581_30208_class_0.jpg
2019-10-12 02:37:53,780 - __main__ - save /mnt/f/02_Data/02_normalize_stain/output/5p375RGB/PK/Normalize_per_ROI/target-P02212/PK/PK32002/PK32002_67581_30208_class_0.jpg
2019-10-12 02:37:53,866 - __main__.normalize - Normalizing /mnt/f/02_Data/02_normalize_stain/input/5p375RGB/PK/PK32002/PK32002_67769_30208_class_0.jpg
2019-10-12 02:37:55,138 - __main__ - save /mnt/f/02_Data/02_normalize_stain/output/5p375RGB/PK/Normalize_per_ROI/target-P02212/PK/PK32002/PK32002_67769_30208_class_0.jpg
2019-10-12 02:37:55,185 - __main__.normalize - Normalizing /mnt/f/02_Data/02_normalize_stain/input/5p375RGB/PK/PK32002/PK32002_67956_30208_class_0.jpg
2019-10-12 02:37:56,424 - __main__ - save /mnt/f/02_Data/02_normalize_stain/output/5p375RGB/PK/Normalize_per_ROI/target-P02212/PK/PK32002/PK32002_67956_30208_class_0.jpg
2019-10-12 02:37:56,453 - __main__.normalize - Normalizing /mnt/f/02_Data/02_normalize_stain/input/5p375RGB/PK/PK32002/PK32002_68144_30208_class_0.jpg
2019-10-12 02:37:57,663 - __main__ - save /mnt/f/02_Data/02_normalize_stain/output/5p375RGB/PK/Normalize_per_ROI/target-P02212/PK/PK32002/PK32002_68144_30208_class_0.jpg
2019-10-12 02:37:57,690 - __main__.normalize - Normalizing /mnt/f/02_Data/02_normalize_stain/input/5p375RGB/PK/PK32002/PK32002_68331_30208_class_0.jpg
2019-10-12 02:37:58,935 - __main__ - save /mnt/f/02_Data/02_normalize_stain/output/5p375RGB/PK/Normalize_per_ROI/target-P02212/PK/PK32002/PK32002_68331_30208_class_0.jpg
2019-10-12 02:37:58,962 - __main__.normalize - Normalizing /mnt/f/02_Data/02_normalize_stain/input/5p375RGB/PK/PK32002/PK32002_68519_30208_class_0.jpg
2019-10-12 02:38:00,214 - __main__ - save /mnt/f/02_Data/02_normalize_stain/output/5p375RGB/PK/Normalize_per_ROI/target-P02212/PK/PK32002/PK32002_68519_30208_class_0.jpg
2019-10-12 02:38:00,260 - __main__.normalize - Normalizing /mnt/f/02_Data/02_normalize_stain/input/5p375RGB/PK/PK32002/PK32002_68706_30208_class_0.jpg
2019-10-12 02:38:01,495 - __main__ - save /mnt/f/02_Data/02_normalize_stain/output/5p375RGB/PK/Normalize_per_ROI/target-P02212/PK/PK32002/PK32002_68706_30208_class_0.jpg
2019-10-12 02:38:01,546 - __main__.normalize - Normalizing /mnt/f/02_Data/02_normalize_stain/input/5p375RGB/PK/PK32002/PK32002_19206_30395_class_0.jpg
2019-10-12 02:38:02,803 - __main__ - save /mnt/f/02_Data/02_normalize_stain/output/5p375RGB/PK/Normalize_per_ROI/target-P02212/PK/PK32002/PK32002_19206_30395_class_0.jpg
2019-10-12 02:38:02,830 - __main__.normalize - Normalizing /mnt/f/02_Data/02_normalize_stain/input/5p375RGB/PK/PK32002/PK32002_19394_30395_class_0.jpg
2019-10-12 02:38:04,089 - __main__ - save /mnt/f/02_Data/02_normalize_stain/output/5p375RGB/PK/Normalize_per_ROI/target-P02212/PK/PK32002/PK32002_19394_30395_class_0.jpg
2019-10-12 02:38:04,138 - __main__.normalize - Normalizing /mnt/f/02_Data/02_normalize_stain/input/5p375RGB/PK/PK32002/PK32002_19581_30395_class_0.jpg
2019-10-12 02:38:05,396 - __main__ - save /mnt/f/02_Data/02_normalize_stain/output/5p375RGB/PK/Normalize_per_ROI/target-P02212/PK/PK32002/PK32002_19581_30395_class_0.jpg
2019-10-12 02:38:05,455 - __main__.normalize - Normalizing /mnt/f/02_Data/02_normalize_stain/input/5p375RGB/PK/PK32002/PK32002_19956_30395_class_0.jpg
2019-10-12 02:38:06,675 - __main__ - save /mnt/f/02_Data/02_normalize_stain/output/5p375RGB/PK/Normalize_per_ROI/target-P02212/PK/PK32002/PK32002_19956_30395_class_0.jpg
2019-10-12 02:38:06,706 - __main__.normalize - Normalizing /mnt/f/02_Data/02_normalize_stain/input/5p375RGB/PK/PK32002/PK32002_20144_30395_class_0.jpg
2019-10-12 02:38:07,947 - __main__ - save /mnt/f/02_Data/02_normalize_stain/output/5p375RGB/PK/Normalize_per_ROI/target-P02212/PK/PK32002/PK32002_20144_30395_class_0.jpg
2019-10-12 02:38:07,992 - __main__.normalize - Normalizing /mnt/f/02_Data/02_normalize_stain/input/5p375RGB/PK/PK32002/PK32002_20331_30395_class_0.jpg
2019-10-12 02:38:09,234 - __main__ - save /mnt/f/02_Data/02_normalize_stain/output/5p375RGB/PK/Normalize_per_ROI/target-P02212/PK/PK32002/PK32002_20331_30395_class_0.jpg
2019-10-12 02:38:09,264 - __main__.normalize - Normalizing /mnt/f/02_Data/02_normalize_stain/input/5p375RGB/PK/PK32002/PK32002_67206_30395_class_0.jpg
2019-10-12 02:38:10,505 - __main__ - save /mnt/f/02_Data/02_normalize_stain/output/5p375RGB/PK/Normalize_per_ROI/target-P02212/PK/PK32002/PK32002_67206_30395_class_0.jpg
2019-10-12 02:38:10,533 - __main__.normalize - Normalizing /mnt/f/02_Data/02_normalize_stain/input/5p375RGB/PK/PK32002/PK32002_67394_30395_class_0.jpg
2019-10-12 02:38:11,815 - __main__ - save /mnt/f/02_Data/02_normalize_stain/output/5p375RGB/PK/Normalize_per_ROI/target-P02212/PK/PK32002/PK32002_67394_30395_class_0.jpg
2019-10-12 02:38:11,844 - __main__.normalize - Normalizing /mnt/f/02_Data/02_normalize_stain/input/5p375RGB/PK/PK32002/PK32002_67581_30395_class_0.jpg
2019-10-12 02:38:13,146 - __main__ - save /mnt/f/02_Data/02_normalize_stain/output/5p375RGB/PK/Normalize_per_ROI/target-P02212/PK/PK32002/PK32002_67581_30395_class_0.jpg
2019-10-12 02:38:13,173 - __main__.normalize - Normalizing /mnt/f/02_Data/02_normalize_stain/input/5p375RGB/PK/PK32002/PK32002_67769_30395_class_0.jpg
2019-10-12 02:38:14,444 - __main__ - save /mnt/f/02_Data/02_normalize_stain/output/5p375RGB/PK/Normalize_per_ROI/target-P02212/PK/PK32002/PK32002_67769_30395_class_0.jpg
2019-10-12 02:38:14,472 - __main__.normalize - Normalizing /mnt/f/02_Data/02_normalize_stain/input/5p375RGB/PK/PK32002/PK32002_67956_30395_class_0.jpg
2019-10-12 02:38:15,700 - __main__ - save /mnt/f/02_Data/02_normalize_stain/output/5p375RGB/PK/Normalize_per_ROI/target-P02212/PK/PK32002/PK32002_67956_30395_class_0.jpg
2019-10-12 02:38:15,729 - __main__.normalize - Normalizing /mnt/f/02_Data/02_normalize_stain/input/5p375RGB/PK/PK32002/PK32002_68144_30395_class_0.jpg
2019-10-12 02:38:16,963 - __main__ - save /mnt/f/02_Data/02_normalize_stain/output/5p375RGB/PK/Normalize_per_ROI/target-P02212/PK/PK32002/PK32002_68144_30395_class_0.jpg
2019-10-12 02:38:17,031 - __main__.normalize - Normalizing /mnt/f/02_Data/02_normalize_stain/input/5p375RGB/PK/PK32002/PK32002_68331_30395_class_0.jpg
2019-10-12 02:38:18,275 - __main__ - save /mnt/f/02_Data/02_normalize_stain/output/5p375RGB/PK/Normalize_per_ROI/target-P02212/PK/PK32002/PK32002_68331_30395_class_0.jpg
2019-10-12 02:38:18,306 - __main__.normalize - Normalizing /mnt/f/02_Data/02_normalize_stain/input/5p375RGB/PK/PK32002/PK32002_68519_30395_class_0.jpg
2019-10-12 02:38:19,548 - __main__ - save /mnt/f/02_Data/02_normalize_stain/output/5p375RGB/PK/Normalize_per_ROI/target-P02212/PK/PK32002/PK32002_68519_30395_class_0.jpg
2019-10-12 02:38:19,606 - __main__.normalize - Normalizing /mnt/f/02_Data/02_normalize_stain/input/5p375RGB/PK/PK32002/PK32002_68706_30395_class_0.jpg
2019-10-12 02:38:20,853 - __main__ - save /mnt/f/02_Data/02_normalize_stain/output/5p375RGB/PK/Normalize_per_ROI/target-P02212/PK/PK32002/PK32002_68706_30395_class_0.jpg
2019-10-12 02:38:20,879 - __main__.normalize - Normalizing /mnt/f/02_Data/02_normalize_stain/input/5p375RGB/PK/PK32002/PK32002_68894_30395_class_0.jpg
2019-10-12 02:38:22,111 - __main__ - save /mnt/f/02_Data/02_normalize_stain/output/5p375RGB/PK/Normalize_per_ROI/target-P02212/PK/PK32002/PK32002_68894_30395_class_0.jpg
2019-10-12 02:38:22,142 - __main__.normalize - Normalizing /mnt/f/02_Data/02_normalize_stain/input/5p375RGB/PK/PK32002/PK32002_19019_30583_class_0.jpg
2019-10-12 02:38:23,391 - __main__ - save /mnt/f/02_Data/02_normalize_stain/output/5p375RGB/PK/Normalize_per_ROI/target-P02212/PK/PK32002/PK32002_19019_30583_class_0.jpg
2019-10-12 02:38:23,421 - __main__.normalize - Normalizing /mnt/f/02_Data/02_normalize_stain/input/5p375RGB/PK/PK32002/PK32002_19206_30583_class_0.jpg
2019-10-12 02:38:24,712 - __main__ - save /mnt/f/02_Data/02_normalize_stain/output/5p375RGB/PK/Normalize_per_ROI/target-P02212/PK/PK32002/PK32002_19206_30583_class_0.jpg
2019-10-12 02:38:24,764 - __main__.normalize - Normalizing /mnt/f/02_Data/02_normalize_stain/input/5p375RGB/PK/PK32002/PK32002_19394_30583_class_0.jpg
2019-10-12 02:38:26,083 - __main__ - save /mnt/f/02_Data/02_normalize_stain/output/5p375RGB/PK/Normalize_per_ROI/target-P02212/PK/PK32002/PK32002_19394_30583_class_0.jpg
2019-10-12 02:38:26,140 - __main__.normalize - Normalizing /mnt/f/02_Data/02_normalize_stain/input/5p375RGB/PK/PK32002/PK32002_19581_30583_class_0.jpg
2019-10-12 02:38:27,413 - __main__ - save /mnt/f/02_Data/02_normalize_stain/output/5p375RGB/PK/Normalize_per_ROI/target-P02212/PK/PK32002/PK32002_19581_30583_class_0.jpg
2019-10-12 02:38:27,439 - __main__.normalize - Normalizing /mnt/f/02_Data/02_normalize_stain/input/5p375RGB/PK/PK32002/PK32002_19769_30583_class_0.jpg
2019-10-12 02:38:28,670 - __main__ - save /mnt/f/02_Data/02_normalize_stain/output/5p375RGB/PK/Normalize_per_ROI/target-P02212/PK/PK32002/PK32002_19769_30583_class_0.jpg
2019-10-12 02:38:28,733 - __main__.normalize - Normalizing /mnt/f/02_Data/02_normalize_stain/input/5p375RGB/PK/PK32002/PK32002_19956_30583_class_0.jpg
2019-10-12 02:38:29,977 - __main__ - save /mnt/f/02_Data/02_normalize_stain/output/5p375RGB/PK/Normalize_per_ROI/target-P02212/PK/PK32002/PK32002_19956_30583_class_0.jpg
2019-10-12 02:38:30,004 - __main__.normalize - Normalizing /mnt/f/02_Data/02_normalize_stain/input/5p375RGB/PK/PK32002/PK32002_20144_30583_class_0.jpg
2019-10-12 02:38:31,245 - __main__ - save /mnt/f/02_Data/02_normalize_stain/output/5p375RGB/PK/Normalize_per_ROI/target-P02212/PK/PK32002/PK32002_20144_30583_class_0.jpg
2019-10-12 02:38:31,272 - __main__.normalize - Normalizing /mnt/f/02_Data/02_normalize_stain/input/5p375RGB/PK/PK32002/PK32002_20331_30583_class_0.jpg
2019-10-12 02:38:32,518 - __main__ - save /mnt/f/02_Data/02_normalize_stain/output/5p375RGB/PK/Normalize_per_ROI/target-P02212/PK/PK32002/PK32002_20331_30583_class_0.jpg
2019-10-12 02:38:32,546 - __main__.normalize - Normalizing /mnt/f/02_Data/02_normalize_stain/input/5p375RGB/PK/PK32002/PK32002_20519_30583_class_0.jpg
2019-10-12 02:38:33,791 - __main__ - save /mnt/f/02_Data/02_normalize_stain/output/5p375RGB/PK/Normalize_per_ROI/target-P02212/PK/PK32002/PK32002_20519_30583_class_0.jpg
2019-10-12 02:38:33,820 - __main__.normalize - Normalizing /mnt/f/02_Data/02_normalize_stain/input/5p375RGB/PK/PK32002/PK32002_67019_30583_class_0.jpg
2019-10-12 02:38:35,054 - __main__ - save /mnt/f/02_Data/02_normalize_stain/output/5p375RGB/PK/Normalize_per_ROI/target-P02212/PK/PK32002/PK32002_67019_30583_class_0.jpg
2019-10-12 02:38:35,083 - __main__.normalize - Normalizing /mnt/f/02_Data/02_normalize_stain/input/5p375RGB/PK/PK32002/PK32002_67206_30583_class_0.jpg
2019-10-12 02:38:36,341 - __main__ - save /mnt/f/02_Data/02_normalize_stain/output/5p375RGB/PK/Normalize_per_ROI/target-P02212/PK/PK32002/PK32002_67206_30583_class_0.jpg
2019-10-12 02:38:36,370 - __main__.normalize - Normalizing /mnt/f/02_Data/02_normalize_stain/input/5p375RGB/PK/PK32002/PK32002_67394_30583_class_0.jpg
2019-10-12 02:38:37,653 - __main__ - save /mnt/f/02_Data/02_normalize_stain/output/5p375RGB/PK/Normalize_per_ROI/target-P02212/PK/PK32002/PK32002_67394_30583_class_0.jpg
2019-10-12 02:38:37,701 - __main__.normalize - Normalizing /mnt/f/02_Data/02_normalize_stain/input/5p375RGB/PK/PK32002/PK32002_67581_30583_class_0.jpg
2019-10-12 02:38:38,999 - __main__ - save /mnt/f/02_Data/02_normalize_stain/output/5p375RGB/PK/Normalize_per_ROI/target-P02212/PK/PK32002/PK32002_67581_30583_class_0.jpg
2019-10-12 02:38:39,028 - __main__.normalize - Normalizing /mnt/f/02_Data/02_normalize_stain/input/5p375RGB/PK/PK32002/PK32002_67769_30583_class_0.jpg
2019-10-12 02:38:40,294 - __main__ - save /mnt/f/02_Data/02_normalize_stain/output/5p375RGB/PK/Normalize_per_ROI/target-P02212/PK/PK32002/PK32002_67769_30583_class_0.jpg
2019-10-12 02:38:40,325 - __main__.normalize - Normalizing /mnt/f/02_Data/02_normalize_stain/input/5p375RGB/PK/PK32002/PK32002_67956_30583_class_0.jpg
2019-10-12 02:38:41,565 - __main__ - save /mnt/f/02_Data/02_normalize_stain/output/5p375RGB/PK/Normalize_per_ROI/target-P02212/PK/PK32002/PK32002_67956_30583_class_0.jpg
2019-10-12 02:38:41,596 - __main__.normalize - Normalizing /mnt/f/02_Data/02_normalize_stain/input/5p375RGB/PK/PK32002/PK32002_68144_30583_class_0.jpg
2019-10-12 02:38:42,832 - __main__ - save /mnt/f/02_Data/02_normalize_stain/output/5p375RGB/PK/Normalize_per_ROI/target-P02212/PK/PK32002/PK32002_68144_30583_class_0.jpg
2019-10-12 02:38:42,925 - __main__.normalize - Normalizing /mnt/f/02_Data/02_normalize_stain/input/5p375RGB/PK/PK32002/PK32002_68331_30583_class_0.jpg
2019-10-12 02:38:44,138 - __main__ - save /mnt/f/02_Data/02_normalize_stain/output/5p375RGB/PK/Normalize_per_ROI/target-P02212/PK/PK32002/PK32002_68331_30583_class_0.jpg
2019-10-12 02:38:44,168 - __main__.normalize - Normalizing /mnt/f/02_Data/02_normalize_stain/input/5p375RGB/PK/PK32002/PK32002_68519_30583_class_0.jpg
2019-10-12 02:38:45,388 - __main__ - save /mnt/f/02_Data/02_normalize_stain/output/5p375RGB/PK/Normalize_per_ROI/target-P02212/PK/PK32002/PK32002_68519_30583_class_0.jpg
2019-10-12 02:38:45,445 - __main__.normalize - Normalizing /mnt/f/02_Data/02_normalize_stain/input/5p375RGB/PK/PK32002/PK32002_68706_30583_class_0.jpg
2019-10-12 02:38:46,681 - __main__ - save /mnt/f/02_Data/02_normalize_stain/output/5p375RGB/PK/Normalize_per_ROI/target-P02212/PK/PK32002/PK32002_68706_30583_class_0.jpg
2019-10-12 02:38:46,728 - __main__.normalize - Normalizing /mnt/f/02_Data/02_normalize_stain/input/5p375RGB/PK/PK32002/PK32002_68894_30583_class_0.jpg
2019-10-12 02:38:47,980 - __main__ - save /mnt/f/02_Data/02_normalize_stain/output/5p375RGB/PK/Normalize_per_ROI/target-P02212/PK/PK32002/PK32002_68894_30583_class_0.jpg
2019-10-12 02:38:48,048 - __main__.normalize - Normalizing /mnt/f/02_Data/02_normalize_stain/input/5p375RGB/PK/PK32002/PK32002_69081_30583_class_0.jpg
2019-10-12 02:38:49,296 - __main__ - save /mnt/f/02_Data/02_normalize_stain/output/5p375RGB/PK/Normalize_per_ROI/target-P02212/PK/PK32002/PK32002_69081_30583_class_0.jpg
2019-10-12 02:38:49,324 - __main__.normalize - Normalizing /mnt/f/02_Data/02_normalize_stain/input/5p375RGB/PK/PK32002/PK32002_18831_30770_class_0.jpg
2019-10-12 02:38:50,566 - __main__ - save /mnt/f/02_Data/02_normalize_stain/output/5p375RGB/PK/Normalize_per_ROI/target-P02212/PK/PK32002/PK32002_18831_30770_class_0.jpg
2019-10-12 02:38:50,594 - __main__.normalize - Normalizing /mnt/f/02_Data/02_normalize_stain/input/5p375RGB/PK/PK32002/PK32002_19019_30770_class_0.jpg
2019-10-12 02:38:51,849 - __main__ - save /mnt/f/02_Data/02_normalize_stain/output/5p375RGB/PK/Normalize_per_ROI/target-P02212/PK/PK32002/PK32002_19019_30770_class_0.jpg
2019-10-12 02:38:51,896 - __main__.normalize - Normalizing /mnt/f/02_Data/02_normalize_stain/input/5p375RGB/PK/PK32002/PK32002_19206_30770_class_0.jpg
2019-10-12 02:38:53,183 - __main__ - save /mnt/f/02_Data/02_normalize_stain/output/5p375RGB/PK/Normalize_per_ROI/target-P02212/PK/PK32002/PK32002_19206_30770_class_0.jpg
2019-10-12 02:38:53,210 - __main__.normalize - Normalizing /mnt/f/02_Data/02_normalize_stain/input/5p375RGB/PK/PK32002/PK32002_19394_30770_class_0.jpg
2019-10-12 02:38:54,521 - __main__ - save /mnt/f/02_Data/02_normalize_stain/output/5p375RGB/PK/Normalize_per_ROI/target-P02212/PK/PK32002/PK32002_19394_30770_class_0.jpg
2019-10-12 02:38:54,551 - __main__.normalize - Normalizing /mnt/f/02_Data/02_normalize_stain/input/5p375RGB/PK/PK32002/PK32002_19581_30770_class_0.jpg
2019-10-12 02:38:55,817 - __main__ - save /mnt/f/02_Data/02_normalize_stain/output/5p375RGB/PK/Normalize_per_ROI/target-P02212/PK/PK32002/PK32002_19581_30770_class_0.jpg
2019-10-12 02:38:55,846 - __main__.normalize - Normalizing /mnt/f/02_Data/02_normalize_stain/input/5p375RGB/PK/PK32002/PK32002_19769_30770_class_0.jpg
2019-10-12 02:38:57,075 - __main__ - save /mnt/f/02_Data/02_normalize_stain/output/5p375RGB/PK/Normalize_per_ROI/target-P02212/PK/PK32002/PK32002_19769_30770_class_0.jpg
2019-10-12 02:38:57,105 - __main__.normalize - Normalizing /mnt/f/02_Data/02_normalize_stain/input/5p375RGB/PK/PK32002/PK32002_19956_30770_class_0.jpg
2019-10-12 02:38:58,343 - __main__ - save /mnt/f/02_Data/02_normalize_stain/output/5p375RGB/PK/Normalize_per_ROI/target-P02212/PK/PK32002/PK32002_19956_30770_class_0.jpg
2019-10-12 02:38:58,371 - __main__.normalize - Normalizing /mnt/f/02_Data/02_normalize_stain/input/5p375RGB/PK/PK32002/PK32002_20144_30770_class_0.jpg
2019-10-12 02:38:59,603 - __main__ - save /mnt/f/02_Data/02_normalize_stain/output/5p375RGB/PK/Normalize_per_ROI/target-P02212/PK/PK32002/PK32002_20144_30770_class_0.jpg
2019-10-12 02:38:59,631 - __main__.normalize - Normalizing /mnt/f/02_Data/02_normalize_stain/input/5p375RGB/PK/PK32002/PK32002_20331_30770_class_0.jpg
2019-10-12 02:39:00,882 - __main__ - save /mnt/f/02_Data/02_normalize_stain/output/5p375RGB/PK/Normalize_per_ROI/target-P02212/PK/PK32002/PK32002_20331_30770_class_0.jpg
2019-10-12 02:39:00,942 - __main__.normalize - Normalizing /mnt/f/02_Data/02_normalize_stain/input/5p375RGB/PK/PK32002/PK32002_20519_30770_class_0.jpg
2019-10-12 02:39:02,206 - __main__ - save /mnt/f/02_Data/02_normalize_stain/output/5p375RGB/PK/Normalize_per_ROI/target-P02212/PK/PK32002/PK32002_20519_30770_class_0.jpg
2019-10-12 02:39:02,231 - __main__.normalize - Normalizing /mnt/f/02_Data/02_normalize_stain/input/5p375RGB/PK/PK32002/PK32002_67019_30770_class_0.jpg
2019-10-12 02:39:03,483 - __main__ - save /mnt/f/02_Data/02_normalize_stain/output/5p375RGB/PK/Normalize_per_ROI/target-P02212/PK/PK32002/PK32002_67019_30770_class_0.jpg
2019-10-12 02:39:03,572 - __main__.normalize - Normalizing /mnt/f/02_Data/02_normalize_stain/input/5p375RGB/PK/PK32002/PK32002_67206_30770_class_0.jpg
2019-10-12 02:39:04,815 - __main__ - save /mnt/f/02_Data/02_normalize_stain/output/5p375RGB/PK/Normalize_per_ROI/target-P02212/PK/PK32002/PK32002_67206_30770_class_0.jpg
2019-10-12 02:39:04,868 - __main__.normalize - Normalizing /mnt/f/02_Data/02_normalize_stain/input/5p375RGB/PK/PK32002/PK32002_67394_30770_class_0.jpg
2019-10-12 02:39:06,127 - __main__ - save /mnt/f/02_Data/02_normalize_stain/output/5p375RGB/PK/Normalize_per_ROI/target-P02212/PK/PK32002/PK32002_67394_30770_class_0.jpg
2019-10-12 02:39:06,194 - __main__.normalize - Normalizing /mnt/f/02_Data/02_normalize_stain/input/5p375RGB/PK/PK32002/PK32002_67581_30770_class_0.jpg
2019-10-12 02:39:07,472 - __main__ - save /mnt/f/02_Data/02_normalize_stain/output/5p375RGB/PK/Normalize_per_ROI/target-P02212/PK/PK32002/PK32002_67581_30770_class_0.jpg
2019-10-12 02:39:07,533 - __main__.normalize - Normalizing /mnt/f/02_Data/02_normalize_stain/input/5p375RGB/PK/PK32002/PK32002_67769_30770_class_0.jpg
2019-10-12 02:39:08,789 - __main__ - save /mnt/f/02_Data/02_normalize_stain/output/5p375RGB/PK/Normalize_per_ROI/target-P02212/PK/PK32002/PK32002_67769_30770_class_0.jpg
2019-10-12 02:39:08,848 - __main__.normalize - Normalizing /mnt/f/02_Data/02_normalize_stain/input/5p375RGB/PK/PK32002/PK32002_67956_30770_class_0.jpg
2019-10-12 02:39:10,072 - __main__ - save /mnt/f/02_Data/02_normalize_stain/output/5p375RGB/PK/Normalize_per_ROI/target-P02212/PK/PK32002/PK32002_67956_30770_class_0.jpg
2019-10-12 02:39:10,128 - __main__.normalize - Normalizing /mnt/f/02_Data/02_normalize_stain/input/5p375RGB/PK/PK32002/PK32002_68519_30770_class_0.jpg
2019-10-12 02:39:11,346 - __main__ - save /mnt/f/02_Data/02_normalize_stain/output/5p375RGB/PK/Normalize_per_ROI/target-P02212/PK/PK32002/PK32002_68519_30770_class_0.jpg
2019-10-12 02:39:11,414 - __main__.normalize - Normalizing /mnt/f/02_Data/02_normalize_stain/input/5p375RGB/PK/PK32002/PK32002_68706_30770_class_0.jpg
2019-10-12 02:39:12,645 - __main__ - save /mnt/f/02_Data/02_normalize_stain/output/5p375RGB/PK/Normalize_per_ROI/target-P02212/PK/PK32002/PK32002_68706_30770_class_0.jpg
2019-10-12 02:39:13,038 - __main__.normalize - Normalizing /mnt/f/02_Data/02_normalize_stain/input/5p375RGB/PK/PK32002/PK32002_68894_30770_class_0.jpg
2019-10-12 02:39:14,325 - __main__ - save /mnt/f/02_Data/02_normalize_stain/output/5p375RGB/PK/Normalize_per_ROI/target-P02212/PK/PK32002/PK32002_68894_30770_class_0.jpg
2019-10-12 02:39:14,381 - __main__.normalize - Normalizing /mnt/f/02_Data/02_normalize_stain/input/5p375RGB/PK/PK32002/PK32002_69081_30770_class_0.jpg
2019-10-12 02:39:15,644 - __main__ - save /mnt/f/02_Data/02_normalize_stain/output/5p375RGB/PK/Normalize_per_ROI/target-P02212/PK/PK32002/PK32002_69081_30770_class_0.jpg
2019-10-12 02:39:15,677 - __main__.normalize - Normalizing /mnt/f/02_Data/02_normalize_stain/input/5p375RGB/PK/PK32002/PK32002_69269_30770_class_0.jpg
2019-10-12 02:39:16,939 - __main__ - save /mnt/f/02_Data/02_normalize_stain/output/5p375RGB/PK/Normalize_per_ROI/target-P02212/PK/PK32002/PK32002_69269_30770_class_0.jpg
2019-10-12 02:39:17,003 - __main__.normalize - Normalizing /mnt/f/02_Data/02_normalize_stain/input/5p375RGB/PK/PK32002/PK32002_18831_30958_class_0.jpg
2019-10-12 02:39:18,232 - __main__ - save /mnt/f/02_Data/02_normalize_stain/output/5p375RGB/PK/Normalize_per_ROI/target-P02212/PK/PK32002/PK32002_18831_30958_class_0.jpg
2019-10-12 02:39:18,263 - __main__.normalize - Normalizing /mnt/f/02_Data/02_normalize_stain/input/5p375RGB/PK/PK32002/PK32002_19019_30958_class_0.jpg
2019-10-12 02:39:19,498 - __main__ - save /mnt/f/02_Data/02_normalize_stain/output/5p375RGB/PK/Normalize_per_ROI/target-P02212/PK/PK32002/PK32002_19019_30958_class_0.jpg
2019-10-12 02:39:19,528 - __main__.normalize - Normalizing /mnt/f/02_Data/02_normalize_stain/input/5p375RGB/PK/PK32002/PK32002_19206_30958_class_0.jpg
2019-10-12 02:39:20,795 - __main__ - save /mnt/f/02_Data/02_normalize_stain/output/5p375RGB/PK/Normalize_per_ROI/target-P02212/PK/PK32002/PK32002_19206_30958_class_0.jpg
2019-10-12 02:39:20,822 - __main__.normalize - Normalizing /mnt/f/02_Data/02_normalize_stain/input/5p375RGB/PK/PK32002/PK32002_19394_30958_class_0.jpg
2019-10-12 02:39:22,105 - __main__ - save /mnt/f/02_Data/02_normalize_stain/output/5p375RGB/PK/Normalize_per_ROI/target-P02212/PK/PK32002/PK32002_19394_30958_class_0.jpg
2019-10-12 02:39:22,160 - __main__.normalize - Normalizing /mnt/f/02_Data/02_normalize_stain/input/5p375RGB/PK/PK32002/PK32002_19581_30958_class_0.jpg
2019-10-12 02:39:23,406 - __main__ - save /mnt/f/02_Data/02_normalize_stain/output/5p375RGB/PK/Normalize_per_ROI/target-P02212/PK/PK32002/PK32002_19581_30958_class_0.jpg
2019-10-12 02:39:23,467 - __main__.normalize - Normalizing /mnt/f/02_Data/02_normalize_stain/input/5p375RGB/PK/PK32002/PK32002_19769_30958_class_0.jpg
2019-10-12 02:39:24,686 - __main__ - save /mnt/f/02_Data/02_normalize_stain/output/5p375RGB/PK/Normalize_per_ROI/target-P02212/PK/PK32002/PK32002_19769_30958_class_0.jpg
2019-10-12 02:39:24,716 - __main__.normalize - Normalizing /mnt/f/02_Data/02_normalize_stain/input/5p375RGB/PK/PK32002/PK32002_20331_30958_class_0.jpg
2019-10-12 02:39:25,942 - __main__ - save /mnt/f/02_Data/02_normalize_stain/output/5p375RGB/PK/Normalize_per_ROI/target-P02212/PK/PK32002/PK32002_20331_30958_class_0.jpg
2019-10-12 02:39:26,018 - __main__.normalize - Normalizing /mnt/f/02_Data/02_normalize_stain/input/5p375RGB/PK/PK32002/PK32002_20519_30958_class_0.jpg
2019-10-12 02:39:27,256 - __main__ - save /mnt/f/02_Data/02_normalize_stain/output/5p375RGB/PK/Normalize_per_ROI/target-P02212/PK/PK32002/PK32002_20519_30958_class_0.jpg
2019-10-12 02:39:27,310 - __main__.normalize - Normalizing /mnt/f/02_Data/02_normalize_stain/input/5p375RGB/PK/PK32002/PK32002_20706_30958_class_0.jpg
2019-10-12 02:39:28,574 - __main__ - save /mnt/f/02_Data/02_normalize_stain/output/5p375RGB/PK/Normalize_per_ROI/target-P02212/PK/PK32002/PK32002_20706_30958_class_0.jpg
2019-10-12 02:39:28,616 - __main__.normalize - Normalizing /mnt/f/02_Data/02_normalize_stain/input/5p375RGB/PK/PK32002/PK32002_20894_30958_class_0.jpg
2019-10-12 02:39:29,917 - __main__ - save /mnt/f/02_Data/02_normalize_stain/output/5p375RGB/PK/Normalize_per_ROI/target-P02212/PK/PK32002/PK32002_20894_30958_class_0.jpg
2019-10-12 02:39:29,945 - __main__.normalize - Normalizing /mnt/f/02_Data/02_normalize_stain/input/5p375RGB/PK/PK32002/PK32002_66831_30958_class_0.jpg
2019-10-12 02:39:31,197 - __main__ - save /mnt/f/02_Data/02_normalize_stain/output/5p375RGB/PK/Normalize_per_ROI/target-P02212/PK/PK32002/PK32002_66831_30958_class_0.jpg
2019-10-12 02:39:31,255 - __main__.normalize - Normalizing /mnt/f/02_Data/02_normalize_stain/input/5p375RGB/PK/PK32002/PK32002_67019_30958_class_0.jpg
2019-10-12 02:39:32,506 - __main__ - save /mnt/f/02_Data/02_normalize_stain/output/5p375RGB/PK/Normalize_per_ROI/target-P02212/PK/PK32002/PK32002_67019_30958_class_0.jpg
2019-10-12 02:39:32,537 - __main__.normalize - Normalizing /mnt/f/02_Data/02_normalize_stain/input/5p375RGB/PK/PK32002/PK32002_67206_30958_class_0.jpg
2019-10-12 02:39:33,779 - __main__ - save /mnt/f/02_Data/02_normalize_stain/output/5p375RGB/PK/Normalize_per_ROI/target-P02212/PK/PK32002/PK32002_67206_30958_class_0.jpg
2019-10-12 02:39:33,810 - __main__.normalize - Normalizing /mnt/f/02_Data/02_normalize_stain/input/5p375RGB/PK/PK32002/PK32002_67394_30958_class_0.jpg
2019-10-12 02:39:35,059 - __main__ - save /mnt/f/02_Data/02_normalize_stain/output/5p375RGB/PK/Normalize_per_ROI/target-P02212/PK/PK32002/PK32002_67394_30958_class_0.jpg
2019-10-12 02:39:35,087 - __main__.normalize - Normalizing /mnt/f/02_Data/02_normalize_stain/input/5p375RGB/PK/PK32002/PK32002_67581_30958_class_0.jpg
2019-10-12 02:39:36,345 - __main__ - save /mnt/f/02_Data/02_normalize_stain/output/5p375RGB/PK/Normalize_per_ROI/target-P02212/PK/PK32002/PK32002_67581_30958_class_0.jpg
2019-10-12 02:39:36,375 - __main__.normalize - Normalizing /mnt/f/02_Data/02_normalize_stain/input/5p375RGB/PK/PK32002/PK32002_67769_30958_class_0.jpg
2019-10-12 02:39:37,602 - __main__ - save /mnt/f/02_Data/02_normalize_stain/output/5p375RGB/PK/Normalize_per_ROI/target-P02212/PK/PK32002/PK32002_67769_30958_class_0.jpg
2019-10-12 02:39:37,631 - __main__.normalize - Normalizing /mnt/f/02_Data/02_normalize_stain/input/5p375RGB/PK/PK32002/PK32002_68331_30958_class_0.jpg
2019-10-12 02:39:38,855 - __main__ - save /mnt/f/02_Data/02_normalize_stain/output/5p375RGB/PK/Normalize_per_ROI/target-P02212/PK/PK32002/PK32002_68331_30958_class_0.jpg
2019-10-12 02:39:38,883 - __main__.normalize - Normalizing /mnt/f/02_Data/02_normalize_stain/input/5p375RGB/PK/PK32002/PK32002_69269_30958_class_0.jpg
2019-10-12 02:39:40,159 - __main__ - save /mnt/f/02_Data/02_normalize_stain/output/5p375RGB/PK/Normalize_per_ROI/target-P02212/PK/PK32002/PK32002_69269_30958_class_0.jpg
2019-10-12 02:39:40,241 - __main__.normalize - Normalizing /mnt/f/02_Data/02_normalize_stain/input/5p375RGB/PK/PK32002/PK32002_69456_30958_class_0.jpg
2019-10-12 02:39:41,511 - __main__ - save /mnt/f/02_Data/02_normalize_stain/output/5p375RGB/PK/Normalize_per_ROI/target-P02212/PK/PK32002/PK32002_69456_30958_class_0.jpg
2019-10-12 02:39:41,542 - __main__.normalize - Normalizing /mnt/f/02_Data/02_normalize_stain/input/5p375RGB/PK/PK32002/PK32002_18644_31145_class_0.jpg
2019-10-12 02:39:42,781 - __main__ - save /mnt/f/02_Data/02_normalize_stain/output/5p375RGB/PK/Normalize_per_ROI/target-P02212/PK/PK32002/PK32002_18644_31145_class_0.jpg
2019-10-12 02:39:42,809 - __main__.normalize - Normalizing /mnt/f/02_Data/02_normalize_stain/input/5p375RGB/PK/PK32002/PK32002_18831_31145_class_0.jpg
2019-10-12 02:39:44,051 - __main__ - save /mnt/f/02_Data/02_normalize_stain/output/5p375RGB/PK/Normalize_per_ROI/target-P02212/PK/PK32002/PK32002_18831_31145_class_0.jpg
2019-10-12 02:39:44,078 - __main__.normalize - Normalizing /mnt/f/02_Data/02_normalize_stain/input/5p375RGB/PK/PK32002/PK32002_19019_31145_class_0.jpg
2019-10-12 02:39:45,318 - __main__ - save /mnt/f/02_Data/02_normalize_stain/output/5p375RGB/PK/Normalize_per_ROI/target-P02212/PK/PK32002/PK32002_19019_31145_class_0.jpg
2019-10-12 02:39:45,347 - __main__.normalize - Normalizing /mnt/f/02_Data/02_normalize_stain/input/5p375RGB/PK/PK32002/PK32002_19206_31145_class_0.jpg
2019-10-12 02:39:46,607 - __main__ - save /mnt/f/02_Data/02_normalize_stain/output/5p375RGB/PK/Normalize_per_ROI/target-P02212/PK/PK32002/PK32002_19206_31145_class_0.jpg
2019-10-12 02:39:46,669 - __main__.normalize - Normalizing /mnt/f/02_Data/02_normalize_stain/input/5p375RGB/PK/PK32002/PK32002_19394_31145_class_0.jpg
2019-10-12 02:39:47,927 - __main__ - save /mnt/f/02_Data/02_normalize_stain/output/5p375RGB/PK/Normalize_per_ROI/target-P02212/PK/PK32002/PK32002_19394_31145_class_0.jpg
2019-10-12 02:39:47,992 - __main__.normalize - Normalizing /mnt/f/02_Data/02_normalize_stain/input/5p375RGB/PK/PK32002/PK32002_19581_31145_class_0.jpg
2019-10-12 02:39:49,210 - __main__ - save /mnt/f/02_Data/02_normalize_stain/output/5p375RGB/PK/Normalize_per_ROI/target-P02212/PK/PK32002/PK32002_19581_31145_class_0.jpg
2019-10-12 02:39:49,240 - __main__.normalize - Normalizing /mnt/f/02_Data/02_normalize_stain/input/5p375RGB/PK/PK32002/PK32002_20144_31145_class_0.jpg
2019-10-12 02:39:50,473 - __main__ - save /mnt/f/02_Data/02_normalize_stain/output/5p375RGB/PK/Normalize_per_ROI/target-P02212/PK/PK32002/PK32002_20144_31145_class_0.jpg
2019-10-12 02:39:50,521 - __main__.normalize - Normalizing /mnt/f/02_Data/02_normalize_stain/input/5p375RGB/PK/PK32002/PK32002_20331_31145_class_0.jpg
2019-10-12 02:39:51,761 - __main__ - save /mnt/f/02_Data/02_normalize_stain/output/5p375RGB/PK/Normalize_per_ROI/target-P02212/PK/PK32002/PK32002_20331_31145_class_0.jpg
2019-10-12 02:39:51,792 - __main__.normalize - Normalizing /mnt/f/02_Data/02_normalize_stain/input/5p375RGB/PK/PK32002/PK32002_20519_31145_class_0.jpg
2019-10-12 02:39:53,046 - __main__ - save /mnt/f/02_Data/02_normalize_stain/output/5p375RGB/PK/Normalize_per_ROI/target-P02212/PK/PK32002/PK32002_20519_31145_class_0.jpg
2019-10-12 02:39:53,107 - __main__.normalize - Normalizing /mnt/f/02_Data/02_normalize_stain/input/5p375RGB/PK/PK32002/PK32002_20706_31145_class_0.jpg
2019-10-12 02:39:54,374 - __main__ - save /mnt/f/02_Data/02_normalize_stain/output/5p375RGB/PK/Normalize_per_ROI/target-P02212/PK/PK32002/PK32002_20706_31145_class_0.jpg
2019-10-12 02:39:54,402 - __main__.normalize - Normalizing /mnt/f/02_Data/02_normalize_stain/input/5p375RGB/PK/PK32002/PK32002_20894_31145_class_0.jpg
2019-10-12 02:39:55,695 - __main__ - save /mnt/f/02_Data/02_normalize_stain/output/5p375RGB/PK/Normalize_per_ROI/target-P02212/PK/PK32002/PK32002_20894_31145_class_0.jpg
2019-10-12 02:39:55,723 - __main__.normalize - Normalizing /mnt/f/02_Data/02_normalize_stain/input/5p375RGB/PK/PK32002/PK32002_21081_31145_class_0.jpg
2019-10-12 02:39:57,020 - __main__ - save /mnt/f/02_Data/02_normalize_stain/output/5p375RGB/PK/Normalize_per_ROI/target-P02212/PK/PK32002/PK32002_21081_31145_class_0.jpg
2019-10-12 02:39:57,050 - __main__.normalize - Normalizing /mnt/f/02_Data/02_normalize_stain/input/5p375RGB/PK/PK32002/PK32002_21269_31145_class_0.jpg
2019-10-12 02:39:58,376 - __main__ - save /mnt/f/02_Data/02_normalize_stain/output/5p375RGB/PK/Normalize_per_ROI/target-P02212/PK/PK32002/PK32002_21269_31145_class_0.jpg
2019-10-12 02:39:58,406 - __main__.normalize - Normalizing /mnt/f/02_Data/02_normalize_stain/input/5p375RGB/PK/PK32002/PK32002_66831_31145_class_0.jpg
2019-10-12 02:39:59,674 - __main__ - save /mnt/f/02_Data/02_normalize_stain/output/5p375RGB/PK/Normalize_per_ROI/target-P02212/PK/PK32002/PK32002_66831_31145_class_0.jpg
2019-10-12 02:39:59,702 - __main__.normalize - Normalizing /mnt/f/02_Data/02_normalize_stain/input/5p375RGB/PK/PK32002/PK32002_67019_31145_class_0.jpg
2019-10-12 02:40:00,974 - __main__ - save /mnt/f/02_Data/02_normalize_stain/output/5p375RGB/PK/Normalize_per_ROI/target-P02212/PK/PK32002/PK32002_67019_31145_class_0.jpg
2019-10-12 02:40:01,003 - __main__.normalize - Normalizing /mnt/f/02_Data/02_normalize_stain/input/5p375RGB/PK/PK32002/PK32002_67206_31145_class_0.jpg
2019-10-12 02:40:02,276 - __main__ - save /mnt/f/02_Data/02_normalize_stain/output/5p375RGB/PK/Normalize_per_ROI/target-P02212/PK/PK32002/PK32002_67206_31145_class_0.jpg
2019-10-12 02:40:02,372 - __main__.normalize - Normalizing /mnt/f/02_Data/02_normalize_stain/input/5p375RGB/PK/PK32002/PK32002_67394_31145_class_0.jpg
2019-10-12 02:40:03,633 - __main__ - save /mnt/f/02_Data/02_normalize_stain/output/5p375RGB/PK/Normalize_per_ROI/target-P02212/PK/PK32002/PK32002_67394_31145_class_0.jpg
2019-10-12 02:40:03,711 - __main__.normalize - Normalizing /mnt/f/02_Data/02_normalize_stain/input/5p375RGB/PK/PK32002/PK32002_67581_31145_class_0.jpg
2019-10-12 02:40:04,957 - __main__ - save /mnt/f/02_Data/02_normalize_stain/output/5p375RGB/PK/Normalize_per_ROI/target-P02212/PK/PK32002/PK32002_67581_31145_class_0.jpg
2019-10-12 02:40:05,039 - __main__.normalize - Normalizing /mnt/f/02_Data/02_normalize_stain/input/5p375RGB/PK/PK32002/PK32002_69456_31145_class_0.jpg
2019-10-12 02:40:06,310 - __main__ - save /mnt/f/02_Data/02_normalize_stain/output/5p375RGB/PK/Normalize_per_ROI/target-P02212/PK/PK32002/PK32002_69456_31145_class_0.jpg
2019-10-12 02:40:06,397 - __main__.normalize - Normalizing /mnt/f/02_Data/02_normalize_stain/input/5p375RGB/PK/PK32002/PK32002_69644_31145_class_0.jpg
2019-10-12 02:40:07,627 - __main__ - save /mnt/f/02_Data/02_normalize_stain/output/5p375RGB/PK/Normalize_per_ROI/target-P02212/PK/PK32002/PK32002_69644_31145_class_0.jpg
2019-10-12 02:40:07,722 - __main__.normalize - Normalizing /mnt/f/02_Data/02_normalize_stain/input/5p375RGB/PK/PK32002/PK32002_18456_31333_class_0.jpg
2019-10-12 02:40:09,034 - __main__ - save /mnt/f/02_Data/02_normalize_stain/output/5p375RGB/PK/Normalize_per_ROI/target-P02212/PK/PK32002/PK32002_18456_31333_class_0.jpg
2019-10-12 02:40:09,130 - __main__.normalize - Normalizing /mnt/f/02_Data/02_normalize_stain/input/5p375RGB/PK/PK32002/PK32002_18644_31333_class_0.jpg
2019-10-12 02:40:10,402 - __main__ - save /mnt/f/02_Data/02_normalize_stain/output/5p375RGB/PK/Normalize_per_ROI/target-P02212/PK/PK32002/PK32002_18644_31333_class_0.jpg
2019-10-12 02:40:10,481 - __main__.normalize - Normalizing /mnt/f/02_Data/02_normalize_stain/input/5p375RGB/PK/PK32002/PK32002_18831_31333_class_0.jpg
2019-10-12 02:40:11,750 - __main__ - save /mnt/f/02_Data/02_normalize_stain/output/5p375RGB/PK/Normalize_per_ROI/target-P02212/PK/PK32002/PK32002_18831_31333_class_0.jpg
2019-10-12 02:40:11,833 - __main__.normalize - Normalizing /mnt/f/02_Data/02_normalize_stain/input/5p375RGB/PK/PK32002/PK32002_19019_31333_class_0.jpg
2019-10-12 02:40:13,090 - __main__ - save /mnt/f/02_Data/02_normalize_stain/output/5p375RGB/PK/Normalize_per_ROI/target-P02212/PK/PK32002/PK32002_19019_31333_class_0.jpg
2019-10-12 02:40:13,171 - __main__.normalize - Normalizing /mnt/f/02_Data/02_normalize_stain/input/5p375RGB/PK/PK32002/PK32002_19206_31333_class_0.jpg
2019-10-12 02:40:14,426 - __main__ - save /mnt/f/02_Data/02_normalize_stain/output/5p375RGB/PK/Normalize_per_ROI/target-P02212/PK/PK32002/PK32002_19206_31333_class_0.jpg
2019-10-12 02:40:14,520 - __main__.normalize - Normalizing /mnt/f/02_Data/02_normalize_stain/input/5p375RGB/PK/PK32002/PK32002_19394_31333_class_0.jpg
2019-10-12 02:40:15,781 - __main__ - save /mnt/f/02_Data/02_normalize_stain/output/5p375RGB/PK/Normalize_per_ROI/target-P02212/PK/PK32002/PK32002_19394_31333_class_0.jpg
2019-10-12 02:40:15,838 - __main__.normalize - Normalizing /mnt/f/02_Data/02_normalize_stain/input/5p375RGB/PK/PK32002/PK32002_19956_31333_class_0.jpg
2019-10-12 02:40:17,063 - __main__ - save /mnt/f/02_Data/02_normalize_stain/output/5p375RGB/PK/Normalize_per_ROI/target-P02212/PK/PK32002/PK32002_19956_31333_class_0.jpg
2019-10-12 02:40:17,093 - __main__.normalize - Normalizing /mnt/f/02_Data/02_normalize_stain/input/5p375RGB/PK/PK32002/PK32002_20144_31333_class_0.jpg
2019-10-12 02:40:18,320 - __main__ - save /mnt/f/02_Data/02_normalize_stain/output/5p375RGB/PK/Normalize_per_ROI/target-P02212/PK/PK32002/PK32002_20144_31333_class_0.jpg
2019-10-12 02:40:18,351 - __main__.normalize - Normalizing /mnt/f/02_Data/02_normalize_stain/input/5p375RGB/PK/PK32002/PK32002_21081_31333_class_0.jpg
2019-10-12 02:40:19,646 - __main__ - save /mnt/f/02_Data/02_normalize_stain/output/5p375RGB/PK/Normalize_per_ROI/target-P02212/PK/PK32002/PK32002_21081_31333_class_0.jpg
2019-10-12 02:40:19,675 - __main__.normalize - Normalizing /mnt/f/02_Data/02_normalize_stain/input/5p375RGB/PK/PK32002/PK32002_21269_31333_class_0.jpg
2019-10-12 02:40:20,970 - __main__ - save /mnt/f/02_Data/02_normalize_stain/output/5p375RGB/PK/Normalize_per_ROI/target-P02212/PK/PK32002/PK32002_21269_31333_class_0.jpg
2019-10-12 02:40:21,000 - __main__.normalize - Normalizing /mnt/f/02_Data/02_normalize_stain/input/5p375RGB/PK/PK32002/PK32002_66831_31333_class_0.jpg
2019-10-12 02:40:22,251 - __main__ - save /mnt/f/02_Data/02_normalize_stain/output/5p375RGB/PK/Normalize_per_ROI/target-P02212/PK/PK32002/PK32002_66831_31333_class_0.jpg
2019-10-12 02:40:22,319 - __main__.normalize - Normalizing /mnt/f/02_Data/02_normalize_stain/input/5p375RGB/PK/PK32002/PK32002_67019_31333_class_0.jpg
2019-10-12 02:40:23,576 - __main__ - save /mnt/f/02_Data/02_normalize_stain/output/5p375RGB/PK/Normalize_per_ROI/target-P02212/PK/PK32002/PK32002_67019_31333_class_0.jpg
2019-10-12 02:40:23,608 - __main__.normalize - Normalizing /mnt/f/02_Data/02_normalize_stain/input/5p375RGB/PK/PK32002/PK32002_67206_31333_class_0.jpg
2019-10-12 02:40:24,867 - __main__ - save /mnt/f/02_Data/02_normalize_stain/output/5p375RGB/PK/Normalize_per_ROI/target-P02212/PK/PK32002/PK32002_67206_31333_class_0.jpg
2019-10-12 02:40:24,914 - __main__.normalize - Normalizing /mnt/f/02_Data/02_normalize_stain/input/5p375RGB/PK/PK32002/PK32002_67394_31333_class_0.jpg
2019-10-12 02:40:26,186 - __main__ - save /mnt/f/02_Data/02_normalize_stain/output/5p375RGB/PK/Normalize_per_ROI/target-P02212/PK/PK32002/PK32002_67394_31333_class_0.jpg
2019-10-12 02:40:26,262 - __main__.normalize - Normalizing /mnt/f/02_Data/02_normalize_stain/input/5p375RGB/PK/PK32002/PK32002_67581_31333_class_0.jpg
2019-10-12 02:40:27,512 - __main__ - save /mnt/f/02_Data/02_normalize_stain/output/5p375RGB/PK/Normalize_per_ROI/target-P02212/PK/PK32002/PK32002_67581_31333_class_0.jpg
2019-10-12 02:40:27,601 - __main__.normalize - Normalizing /mnt/f/02_Data/02_normalize_stain/input/5p375RGB/PK/PK32002/PK32002_18456_31520_class_0.jpg
2019-10-12 02:40:28,917 - __main__ - save /mnt/f/02_Data/02_normalize_stain/output/5p375RGB/PK/Normalize_per_ROI/target-P02212/PK/PK32002/PK32002_18456_31520_class_0.jpg
2019-10-12 02:40:28,971 - __main__.normalize - Normalizing /mnt/f/02_Data/02_normalize_stain/input/5p375RGB/PK/PK32002/PK32002_18644_31520_class_0.jpg
2019-10-12 02:40:30,260 - __main__ - save /mnt/f/02_Data/02_normalize_stain/output/5p375RGB/PK/Normalize_per_ROI/target-P02212/PK/PK32002/PK32002_18644_31520_class_0.jpg
2019-10-12 02:40:30,339 - __main__.normalize - Normalizing /mnt/f/02_Data/02_normalize_stain/input/5p375RGB/PK/PK32002/PK32002_18831_31520_class_0.jpg
2019-10-12 02:40:31,609 - __main__ - save /mnt/f/02_Data/02_normalize_stain/output/5p375RGB/PK/Normalize_per_ROI/target-P02212/PK/PK32002/PK32002_18831_31520_class_0.jpg
2019-10-12 02:40:31,687 - __main__.normalize - Normalizing /mnt/f/02_Data/02_normalize_stain/input/5p375RGB/PK/PK32002/PK32002_19019_31520_class_0.jpg
2019-10-12 02:40:32,957 - __main__ - save /mnt/f/02_Data/02_normalize_stain/output/5p375RGB/PK/Normalize_per_ROI/target-P02212/PK/PK32002/PK32002_19019_31520_class_0.jpg
2019-10-12 02:40:33,011 - __main__.normalize - Normalizing /mnt/f/02_Data/02_normalize_stain/input/5p375RGB/PK/PK32002/PK32002_19206_31520_class_0.jpg
2019-10-12 02:40:34,275 - __main__ - save /mnt/f/02_Data/02_normalize_stain/output/5p375RGB/PK/Normalize_per_ROI/target-P02212/PK/PK32002/PK32002_19206_31520_class_0.jpg
2019-10-12 02:40:34,351 - __main__.normalize - Normalizing /mnt/f/02_Data/02_normalize_stain/input/5p375RGB/PK/PK32002/PK32002_19394_31520_class_0.jpg
2019-10-12 02:40:35,586 - __main__ - save /mnt/f/02_Data/02_normalize_stain/output/5p375RGB/PK/Normalize_per_ROI/target-P02212/PK/PK32002/PK32002_19394_31520_class_0.jpg
2019-10-12 02:40:35,647 - __main__.normalize - Normalizing /mnt/f/02_Data/02_normalize_stain/input/5p375RGB/PK/PK32002/PK32002_21269_31520_class_0.jpg
2019-10-12 02:40:36,934 - __main__ - save /mnt/f/02_Data/02_normalize_stain/output/5p375RGB/PK/Normalize_per_ROI/target-P02212/PK/PK32002/PK32002_21269_31520_class_0.jpg
2019-10-12 02:40:36,987 - __main__.normalize - Normalizing /mnt/f/02_Data/02_normalize_stain/input/5p375RGB/PK/PK32002/PK32002_66831_31520_class_0.jpg
2019-10-12 02:40:38,229 - __main__ - save /mnt/f/02_Data/02_normalize_stain/output/5p375RGB/PK/Normalize_per_ROI/target-P02212/PK/PK32002/PK32002_66831_31520_class_0.jpg
2019-10-12 02:40:38,255 - __main__.normalize - Normalizing /mnt/f/02_Data/02_normalize_stain/input/5p375RGB/PK/PK32002/PK32002_67206_31520_class_0.jpg
2019-10-12 02:40:39,513 - __main__ - save /mnt/f/02_Data/02_normalize_stain/output/5p375RGB/PK/Normalize_per_ROI/target-P02212/PK/PK32002/PK32002_67206_31520_class_0.jpg
2019-10-12 02:40:39,598 - __main__.normalize - Normalizing /mnt/f/02_Data/02_normalize_stain/input/5p375RGB/PK/PK32002/PK32002_67394_31520_class_0.jpg
2019-10-12 02:40:40,845 - __main__ - save /mnt/f/02_Data/02_normalize_stain/output/5p375RGB/PK/Normalize_per_ROI/target-P02212/PK/PK32002/PK32002_67394_31520_class_0.jpg
2019-10-12 02:40:40,875 - __main__.normalize - Normalizing /mnt/f/02_Data/02_normalize_stain/input/5p375RGB/PK/PK32002/PK32002_67581_31520_class_0.jpg
2019-10-12 02:40:42,107 - __main__ - save /mnt/f/02_Data/02_normalize_stain/output/5p375RGB/PK/Normalize_per_ROI/target-P02212/PK/PK32002/PK32002_67581_31520_class_0.jpg
2019-10-12 02:40:42,140 - __main__.normalize - Normalizing /mnt/f/02_Data/02_normalize_stain/input/5p375RGB/PK/PK32002/PK32002_19019_31708_class_0.jpg
2019-10-12 02:40:43,404 - __main__ - save /mnt/f/02_Data/02_normalize_stain/output/5p375RGB/PK/Normalize_per_ROI/target-P02212/PK/PK32002/PK32002_19019_31708_class_0.jpg
2019-10-12 02:40:43,461 - __main__.normalize - Normalizing /mnt/f/02_Data/02_normalize_stain/input/5p375RGB/PK/PK32002/PK32002_19206_31708_class_0.jpg
2019-10-12 02:40:44,733 - __main__ - save /mnt/f/02_Data/02_normalize_stain/output/5p375RGB/PK/Normalize_per_ROI/target-P02212/PK/PK32002/PK32002_19206_31708_class_0.jpg
2019-10-12 02:40:44,763 - __main__.normalize - Normalizing /mnt/f/02_Data/02_normalize_stain/input/5p375RGB/PK/PK32002/PK32002_66831_31708_class_0.jpg
2019-10-12 02:40:46,012 - __main__ - save /mnt/f/02_Data/02_normalize_stain/output/5p375RGB/PK/Normalize_per_ROI/target-P02212/PK/PK32002/PK32002_66831_31708_class_0.jpg
2019-10-12 02:40:46,067 - __main__.normalize - Normalizing /mnt/f/02_Data/02_normalize_stain/input/5p375RGB/PK/PK32002/PK32002_67019_31708_class_0.jpg
2019-10-12 02:40:47,319 - __main__ - save /mnt/f/02_Data/02_normalize_stain/output/5p375RGB/PK/Normalize_per_ROI/target-P02212/PK/PK32002/PK32002_67019_31708_class_0.jpg
2019-10-12 02:40:47,401 - __main__.normalize - Normalizing /mnt/f/02_Data/02_normalize_stain/input/5p375RGB/PK/PK32002/PK32002_67206_31708_class_0.jpg
2019-10-12 02:40:48,666 - __main__ - save /mnt/f/02_Data/02_normalize_stain/output/5p375RGB/PK/Normalize_per_ROI/target-P02212/PK/PK32002/PK32002_67206_31708_class_0.jpg
2019-10-12 02:40:48,744 - __main__.normalize - Normalizing /mnt/f/02_Data/02_normalize_stain/input/5p375RGB/PK/PK32002/PK32002_67394_31708_class_0.jpg
2019-10-12 02:40:49,982 - __main__ - save /mnt/f/02_Data/02_normalize_stain/output/5p375RGB/PK/Normalize_per_ROI/target-P02212/PK/PK32002/PK32002_67394_31708_class_0.jpg
2019-10-12 02:40:50,044 - __main__.normalize - Normalizing /mnt/f/02_Data/02_normalize_stain/input/5p375RGB/PK/PK32002/PK32002_18831_31895_class_0.jpg
2019-10-12 02:40:51,289 - __main__ - save /mnt/f/02_Data/02_normalize_stain/output/5p375RGB/PK/Normalize_per_ROI/target-P02212/PK/PK32002/PK32002_18831_31895_class_0.jpg
2019-10-12 02:40:51,390 - __main__.normalize - Normalizing /mnt/f/02_Data/02_normalize_stain/input/5p375RGB/PK/PK32002/PK32002_19019_31895_class_0.jpg
2019-10-12 02:40:52,638 - __main__ - save /mnt/f/02_Data/02_normalize_stain/output/5p375RGB/PK/Normalize_per_ROI/target-P02212/PK/PK32002/PK32002_19019_31895_class_0.jpg
2019-10-12 02:40:52,715 - __main__.normalize - Normalizing /mnt/f/02_Data/02_normalize_stain/input/5p375RGB/PK/PK32002/PK32002_19206_31895_class_0.jpg
2019-10-12 02:40:53,944 - __main__ - save /mnt/f/02_Data/02_normalize_stain/output/5p375RGB/PK/Normalize_per_ROI/target-P02212/PK/PK32002/PK32002_19206_31895_class_0.jpg
2019-10-12 02:40:54,015 - __main__.normalize - Normalizing /mnt/f/02_Data/02_normalize_stain/input/5p375RGB/PK/PK32002/PK32002_66831_31895_class_0.jpg
2019-10-12 02:40:55,252 - __main__ - save /mnt/f/02_Data/02_normalize_stain/output/5p375RGB/PK/Normalize_per_ROI/target-P02212/PK/PK32002/PK32002_66831_31895_class_0.jpg
2019-10-12 02:40:55,323 - __main__.normalize - Normalizing /mnt/f/02_Data/02_normalize_stain/input/5p375RGB/PK/PK32002/PK32002_67019_31895_class_0.jpg
2019-10-12 02:40:56,582 - __main__ - save /mnt/f/02_Data/02_normalize_stain/output/5p375RGB/PK/Normalize_per_ROI/target-P02212/PK/PK32002/PK32002_67019_31895_class_0.jpg
2019-10-12 02:40:56,611 - __main__.normalize - Normalizing /mnt/f/02_Data/02_normalize_stain/input/5p375RGB/PK/PK32002/PK32002_67206_31895_class_0.jpg
2019-10-12 02:40:57,896 - __main__ - save /mnt/f/02_Data/02_normalize_stain/output/5p375RGB/PK/Normalize_per_ROI/target-P02212/PK/PK32002/PK32002_67206_31895_class_0.jpg
2019-10-12 02:40:57,935 - __main__.normalize - Normalizing /mnt/f/02_Data/02_normalize_stain/input/5p375RGB/PK/PK32002/PK32002_67394_31895_class_0.jpg
2019-10-12 02:40:59,185 - __main__ - save /mnt/f/02_Data/02_normalize_stain/output/5p375RGB/PK/Normalize_per_ROI/target-P02212/PK/PK32002/PK32002_67394_31895_class_0.jpg
2019-10-12 02:40:59,257 - __main__.normalize - Normalizing /mnt/f/02_Data/02_normalize_stain/input/5p375RGB/PK/PK32002/PK32002_18644_32083_class_0.jpg
2019-10-12 02:41:00,535 - __main__ - save /mnt/f/02_Data/02_normalize_stain/output/5p375RGB/PK/Normalize_per_ROI/target-P02212/PK/PK32002/PK32002_18644_32083_class_0.jpg
2019-10-12 02:41:00,563 - __main__.normalize - Normalizing /mnt/f/02_Data/02_normalize_stain/input/5p375RGB/PK/PK32002/PK32002_18831_32083_class_0.jpg
2019-10-12 02:41:01,853 - __main__ - save /mnt/f/02_Data/02_normalize_stain/output/5p375RGB/PK/Normalize_per_ROI/target-P02212/PK/PK32002/PK32002_18831_32083_class_0.jpg
2019-10-12 02:41:01,913 - __main__.normalize - Normalizing /mnt/f/02_Data/02_normalize_stain/input/5p375RGB/PK/PK32002/PK32002_19019_32083_class_0.jpg
2019-10-12 02:41:03,210 - __main__ - save /mnt/f/02_Data/02_normalize_stain/output/5p375RGB/PK/Normalize_per_ROI/target-P02212/PK/PK32002/PK32002_19019_32083_class_0.jpg
2019-10-12 02:41:03,287 - __main__.normalize - Normalizing /mnt/f/02_Data/02_normalize_stain/input/5p375RGB/PK/PK32002/PK32002_18644_32270_class_0.jpg
2019-10-12 02:41:04,531 - __main__ - save /mnt/f/02_Data/02_normalize_stain/output/5p375RGB/PK/Normalize_per_ROI/target-P02212/PK/PK32002/PK32002_18644_32270_class_0.jpg
2019-10-12 02:41:04,562 - __main__.normalize - Normalizing /mnt/f/02_Data/02_normalize_stain/input/5p375RGB/PK/PK32002/PK32002_18831_32270_class_0.jpg
2019-10-12 02:41:05,856 - __main__ - save /mnt/f/02_Data/02_normalize_stain/output/5p375RGB/PK/Normalize_per_ROI/target-P02212/PK/PK32002/PK32002_18831_32270_class_0.jpg
2019-10-12 02:41:05,906 - __main__.normalize - Normalizing /mnt/f/02_Data/02_normalize_stain/input/5p375RGB/PK/PK32002/PK32002_19019_32270_class_0.jpg
2019-10-12 02:41:07,158 - __main__ - save /mnt/f/02_Data/02_normalize_stain/output/5p375RGB/PK/Normalize_per_ROI/target-P02212/PK/PK32002/PK32002_19019_32270_class_0.jpg
2019-10-12 02:41:07,165 - __main__ - 

2019-10-12 02:41:07,167 - __main__ - [slide dir] /mnt/f/02_Data/02_normalize_stain/input/5p375RGB/PK/PK32002
2019-10-12 02:41:07,169 - __main__ - [elapsed time per slide] 206.3656828403473 sec
2019-10-12 02:41:07,171 - __main__ - Finish!
2019-10-12 02:41:07,172 - __main__ - [whole elapsed time] 355.62078523635864 sec
