2019-10-12 02:19:27,891 - __main__ - [target] /mnt/f/03_Prog/stain_normalization/P02212
2019-10-12 02:19:27,893 - __main__ - [source list]
['/mnt/f/02_Data/02_normalize_stain/input/5p375RGB/PB/PB0106',
 '/mnt/f/02_Data/02_normalize_stain/input/5p375RGB/PB/PB0606']
2019-10-12 02:19:27,938 - __main__ - [save dir] /mnt/f/02_Data/02_normalize_stain/output/5p375RGB/PB/Normalize_per_ROI/target-P02212
2019-10-12 02:19:27,974 - __main__.setup_normalizer - [Fitting values]
2019-10-12 02:19:27,975 - __main__.setup_normalizer - [target W (OD)]
array([[0.55806723, 0.72234329, 0.40838848],
       [0.29010368, 0.84673842, 0.4459528 ]])
2019-10-12 02:19:27,977 - __main__.setup_normalizer - [target 99 percentile in H]
array([[2.91112732, 1.21991322]])
2019-10-12 02:19:27,989 - __main__.ImageGenerator - /mnt/f/02_Data/02_normalize_stain/input/5p375RGB/PB/PB0106 is local dir...
2019-10-12 02:19:28,171 - __main__.normalize - Normalizing /mnt/f/02_Data/02_normalize_stain/input/5p375RGB/PB/PB0106/PB0106_5474_24416_class_0.jpg
2019-10-12 02:19:29,513 - __main__ - save /mnt/f/02_Data/02_normalize_stain/output/5p375RGB/PB/Normalize_per_ROI/target-P02212/PB/PB0106/PB0106_5474_24416_class_0.jpg
2019-10-12 02:19:29,572 - __main__.normalize - Normalizing /mnt/f/02_Data/02_normalize_stain/input/5p375RGB/PB/PB0106/PB0106_5474_24604_class_0.jpg
2019-10-12 02:19:30,843 - __main__ - save /mnt/f/02_Data/02_normalize_stain/output/5p375RGB/PB/Normalize_per_ROI/target-P02212/PB/PB0106/PB0106_5474_24604_class_0.jpg
2019-10-12 02:19:30,870 - __main__.normalize - Normalizing /mnt/f/02_Data/02_normalize_stain/input/5p375RGB/PB/PB0106/PB0106_5661_24604_class_0.jpg
2019-10-12 02:19:32,119 - __main__ - save /mnt/f/02_Data/02_normalize_stain/output/5p375RGB/PB/Normalize_per_ROI/target-P02212/PB/PB0106/PB0106_5661_24604_class_0.jpg
2019-10-12 02:19:32,419 - __main__.normalize - Normalizing /mnt/f/02_Data/02_normalize_stain/input/5p375RGB/PB/PB0106/PB0106_5474_24791_class_0.jpg
2019-10-12 02:19:33,717 - __main__ - save /mnt/f/02_Data/02_normalize_stain/output/5p375RGB/PB/Normalize_per_ROI/target-P02212/PB/PB0106/PB0106_5474_24791_class_0.jpg
2019-10-12 02:19:33,743 - __main__.normalize - Normalizing /mnt/f/02_Data/02_normalize_stain/input/5p375RGB/PB/PB0106/PB0106_5661_24791_class_0.jpg
2019-10-12 02:19:35,025 - __main__ - save /mnt/f/02_Data/02_normalize_stain/output/5p375RGB/PB/Normalize_per_ROI/target-P02212/PB/PB0106/PB0106_5661_24791_class_0.jpg
2019-10-12 02:19:35,084 - __main__.normalize - Normalizing /mnt/f/02_Data/02_normalize_stain/input/5p375RGB/PB/PB0106/PB0106_5474_24979_class_0.jpg
2019-10-12 02:19:36,342 - __main__ - save /mnt/f/02_Data/02_normalize_stain/output/5p375RGB/PB/Normalize_per_ROI/target-P02212/PB/PB0106/PB0106_5474_24979_class_0.jpg
2019-10-12 02:19:36,398 - __main__.normalize - Normalizing /mnt/f/02_Data/02_normalize_stain/input/5p375RGB/PB/PB0106/PB0106_5661_24979_class_0.jpg
2019-10-12 02:19:37,677 - __main__ - save /mnt/f/02_Data/02_normalize_stain/output/5p375RGB/PB/Normalize_per_ROI/target-P02212/PB/PB0106/PB0106_5661_24979_class_0.jpg
2019-10-12 02:19:37,734 - __main__.normalize - Normalizing /mnt/f/02_Data/02_normalize_stain/input/5p375RGB/PB/PB0106/PB0106_5286_25166_class_0.jpg
2019-10-12 02:19:38,956 - __main__ - save /mnt/f/02_Data/02_normalize_stain/output/5p375RGB/PB/Normalize_per_ROI/target-P02212/PB/PB0106/PB0106_5286_25166_class_0.jpg
2019-10-12 02:19:38,983 - __main__.normalize - Normalizing /mnt/f/02_Data/02_normalize_stain/input/5p375RGB/PB/PB0106/PB0106_5474_25166_class_0.jpg
2019-10-12 02:19:40,232 - __main__ - save /mnt/f/02_Data/02_normalize_stain/output/5p375RGB/PB/Normalize_per_ROI/target-P02212/PB/PB0106/PB0106_5474_25166_class_0.jpg
2019-10-12 02:19:40,259 - __main__.normalize - Normalizing /mnt/f/02_Data/02_normalize_stain/input/5p375RGB/PB/PB0106/PB0106_5661_25166_class_0.jpg
2019-10-12 02:19:41,538 - __main__ - save /mnt/f/02_Data/02_normalize_stain/output/5p375RGB/PB/Normalize_per_ROI/target-P02212/PB/PB0106/PB0106_5661_25166_class_0.jpg
2019-10-12 02:19:41,624 - __main__.normalize - Normalizing /mnt/f/02_Data/02_normalize_stain/input/5p375RGB/PB/PB0106/PB0106_5286_25354_class_0.jpg
2019-10-12 02:19:42,853 - __main__ - save /mnt/f/02_Data/02_normalize_stain/output/5p375RGB/PB/Normalize_per_ROI/target-P02212/PB/PB0106/PB0106_5286_25354_class_0.jpg
2019-10-12 02:19:42,960 - __main__.normalize - Normalizing /mnt/f/02_Data/02_normalize_stain/input/5p375RGB/PB/PB0106/PB0106_5474_25354_class_0.jpg
2019-10-12 02:19:44,199 - __main__ - save /mnt/f/02_Data/02_normalize_stain/output/5p375RGB/PB/Normalize_per_ROI/target-P02212/PB/PB0106/PB0106_5474_25354_class_0.jpg
2019-10-12 02:19:44,208 - __main__ - 

2019-10-12 02:19:44,211 - __main__ - [slide dir] /mnt/f/02_Data/02_normalize_stain/input/5p375RGB/PB/PB0106
2019-10-12 02:19:44,215 - __main__ - [elapsed time per slide] 16.222312688827515 sec
2019-10-12 02:19:44,219 - __main__.ImageGenerator - /mnt/f/02_Data/02_normalize_stain/input/5p375RGB/PB/PB0606 is local dir...
2019-10-12 02:19:44,285 - __main__.normalize - Normalizing /mnt/f/02_Data/02_normalize_stain/input/5p375RGB/PB/PB0606/PB0606_17939_24624_class_0.jpg
2019-10-12 02:19:45,592 - __main__ - save /mnt/f/02_Data/02_normalize_stain/output/5p375RGB/PB/Normalize_per_ROI/target-P02212/PB/PB0606/PB0606_17939_24624_class_0.jpg
2019-10-12 02:19:45,617 - __main__.normalize - Normalizing /mnt/f/02_Data/02_normalize_stain/input/5p375RGB/PB/PB0606/PB0606_17189_24811_class_0.jpg
2019-10-12 02:19:46,847 - __main__ - save /mnt/f/02_Data/02_normalize_stain/output/5p375RGB/PB/Normalize_per_ROI/target-P02212/PB/PB0606/PB0606_17189_24811_class_0.jpg
2019-10-12 02:19:46,873 - __main__.normalize - Normalizing /mnt/f/02_Data/02_normalize_stain/input/5p375RGB/PB/PB0606/PB0606_17376_24811_class_0.jpg
2019-10-12 02:19:48,150 - __main__ - save /mnt/f/02_Data/02_normalize_stain/output/5p375RGB/PB/Normalize_per_ROI/target-P02212/PB/PB0606/PB0606_17376_24811_class_0.jpg
2019-10-12 02:19:48,232 - __main__.normalize - Normalizing /mnt/f/02_Data/02_normalize_stain/input/5p375RGB/PB/PB0606/PB0606_17564_24811_class_0.jpg
2019-10-12 02:19:49,493 - __main__ - save /mnt/f/02_Data/02_normalize_stain/output/5p375RGB/PB/Normalize_per_ROI/target-P02212/PB/PB0606/PB0606_17564_24811_class_0.jpg
2019-10-12 02:19:49,555 - __main__.normalize - Normalizing /mnt/f/02_Data/02_normalize_stain/input/5p375RGB/PB/PB0606/PB0606_17751_24811_class_0.jpg
2019-10-12 02:19:50,832 - __main__ - save /mnt/f/02_Data/02_normalize_stain/output/5p375RGB/PB/Normalize_per_ROI/target-P02212/PB/PB0606/PB0606_17751_24811_class_0.jpg
2019-10-12 02:19:50,892 - __main__.normalize - Normalizing /mnt/f/02_Data/02_normalize_stain/input/5p375RGB/PB/PB0606/PB0606_17189_24999_class_0.jpg
2019-10-12 02:19:52,130 - __main__ - save /mnt/f/02_Data/02_normalize_stain/output/5p375RGB/PB/Normalize_per_ROI/target-P02212/PB/PB0606/PB0606_17189_24999_class_0.jpg
2019-10-12 02:19:52,180 - __main__.normalize - Normalizing /mnt/f/02_Data/02_normalize_stain/input/5p375RGB/PB/PB0606/PB0606_17376_24999_class_0.jpg
2019-10-12 02:19:53,448 - __main__ - save /mnt/f/02_Data/02_normalize_stain/output/5p375RGB/PB/Normalize_per_ROI/target-P02212/PB/PB0606/PB0606_17376_24999_class_0.jpg
2019-10-12 02:19:53,525 - __main__.normalize - Normalizing /mnt/f/02_Data/02_normalize_stain/input/5p375RGB/PB/PB0606/PB0606_17564_24999_class_0.jpg
2019-10-12 02:19:54,761 - __main__ - save /mnt/f/02_Data/02_normalize_stain/output/5p375RGB/PB/Normalize_per_ROI/target-P02212/PB/PB0606/PB0606_17564_24999_class_0.jpg
2019-10-12 02:19:54,839 - __main__.normalize - Normalizing /mnt/f/02_Data/02_normalize_stain/input/5p375RGB/PB/PB0606/PB0606_17376_25186_class_0.jpg
2019-10-12 02:19:56,078 - __main__ - save /mnt/f/02_Data/02_normalize_stain/output/5p375RGB/PB/Normalize_per_ROI/target-P02212/PB/PB0606/PB0606_17376_25186_class_0.jpg
2019-10-12 02:19:56,083 - __main__ - 

2019-10-12 02:19:56,085 - __main__ - [slide dir] /mnt/f/02_Data/02_normalize_stain/input/5p375RGB/PB/PB0606
2019-10-12 02:19:56,087 - __main__ - [elapsed time per slide] 11.86630392074585 sec
2019-10-12 02:19:56,089 - __main__ - Finish!
2019-10-12 02:19:56,090 - __main__ - [whole elapsed time] 28.111010789871216 sec
2019-10-12 02:19:59,052 - __main__ - [target] /mnt/f/03_Prog/stain_normalization/P02212
2019-10-12 02:19:59,054 - __main__ - [source list]
['/mnt/f/02_Data/02_normalize_stain/input/5p375RGB/PF/PF03401']
2019-10-12 02:19:59,110 - __main__ - [save dir] /mnt/f/02_Data/02_normalize_stain/output/5p375RGB/PF/Normalize_per_ROI/target-P02212
2019-10-12 02:19:59,310 - __main__.setup_normalizer - [Fitting values]
2019-10-12 02:19:59,311 - __main__.setup_normalizer - [target W (OD)]
array([[0.55806723, 0.72234329, 0.40838848],
       [0.29010368, 0.84673842, 0.4459528 ]])
2019-10-12 02:19:59,312 - __main__.setup_normalizer - [target 99 percentile in H]
array([[2.91112732, 1.21991322]])
2019-10-12 02:19:59,324 - __main__.ImageGenerator - /mnt/f/02_Data/02_normalize_stain/input/5p375RGB/PF/PF03401 is local dir...
2019-10-12 02:19:59,626 - __main__.normalize - Normalizing /mnt/f/02_Data/02_normalize_stain/input/5p375RGB/PF/PF03401/PF03401_16926_35282_class_0.jpg
2019-10-12 02:20:00,979 - __main__ - save /mnt/f/02_Data/02_normalize_stain/output/5p375RGB/PF/Normalize_per_ROI/target-P02212/PF/PF03401/PF03401_16926_35282_class_0.jpg
2019-10-12 02:20:00,999 - __main__.normalize - Normalizing /mnt/f/02_Data/02_normalize_stain/input/5p375RGB/PF/PF03401/PF03401_17114_35282_class_0.jpg
2019-10-12 02:20:02,215 - __main__ - save /mnt/f/02_Data/02_normalize_stain/output/5p375RGB/PF/Normalize_per_ROI/target-P02212/PF/PF03401/PF03401_17114_35282_class_0.jpg
2019-10-12 02:20:02,242 - __main__.normalize - Normalizing /mnt/f/02_Data/02_normalize_stain/input/5p375RGB/PF/PF03401/PF03401_16551_35470_class_0.jpg
2019-10-12 02:20:03,522 - __main__ - save /mnt/f/02_Data/02_normalize_stain/output/5p375RGB/PF/Normalize_per_ROI/target-P02212/PF/PF03401/PF03401_16551_35470_class_0.jpg
2019-10-12 02:20:03,549 - __main__.normalize - Normalizing /mnt/f/02_Data/02_normalize_stain/input/5p375RGB/PF/PF03401/PF03401_16739_35470_class_0.jpg
2019-10-12 02:20:04,850 - __main__ - save /mnt/f/02_Data/02_normalize_stain/output/5p375RGB/PF/Normalize_per_ROI/target-P02212/PF/PF03401/PF03401_16739_35470_class_0.jpg
2019-10-12 02:20:04,913 - __main__.normalize - Normalizing /mnt/f/02_Data/02_normalize_stain/input/5p375RGB/PF/PF03401/PF03401_16926_35470_class_0.jpg
2019-10-12 02:20:06,221 - __main__ - save /mnt/f/02_Data/02_normalize_stain/output/5p375RGB/PF/Normalize_per_ROI/target-P02212/PF/PF03401/PF03401_16926_35470_class_0.jpg
2019-10-12 02:20:06,276 - __main__.normalize - Normalizing /mnt/f/02_Data/02_normalize_stain/input/5p375RGB/PF/PF03401/PF03401_17114_35470_class_0.jpg
2019-10-12 02:20:07,581 - __main__ - save /mnt/f/02_Data/02_normalize_stain/output/5p375RGB/PF/Normalize_per_ROI/target-P02212/PF/PF03401/PF03401_17114_35470_class_0.jpg
2019-10-12 02:20:07,608 - __main__.normalize - Normalizing /mnt/f/02_Data/02_normalize_stain/input/5p375RGB/PF/PF03401/PF03401_17301_35470_class_0.jpg
2019-10-12 02:20:08,875 - __main__ - save /mnt/f/02_Data/02_normalize_stain/output/5p375RGB/PF/Normalize_per_ROI/target-P02212/PF/PF03401/PF03401_17301_35470_class_0.jpg
2019-10-12 02:20:08,901 - __main__.normalize - Normalizing /mnt/f/02_Data/02_normalize_stain/input/5p375RGB/PF/PF03401/PF03401_17489_35470_class_0.jpg
2019-10-12 02:20:10,156 - __main__ - save /mnt/f/02_Data/02_normalize_stain/output/5p375RGB/PF/Normalize_per_ROI/target-P02212/PF/PF03401/PF03401_17489_35470_class_0.jpg
2019-10-12 02:20:10,220 - __main__.normalize - Normalizing /mnt/f/02_Data/02_normalize_stain/input/5p375RGB/PF/PF03401/PF03401_17676_35470_class_0.jpg
2019-10-12 02:20:11,464 - __main__ - save /mnt/f/02_Data/02_normalize_stain/output/5p375RGB/PF/Normalize_per_ROI/target-P02212/PF/PF03401/PF03401_17676_35470_class_0.jpg
2019-10-12 02:20:11,587 - __main__.normalize - Normalizing /mnt/f/02_Data/02_normalize_stain/input/5p375RGB/PF/PF03401/PF03401_16176_35657_class_0.jpg
2019-10-12 02:20:12,793 - __main__ - save /mnt/f/02_Data/02_normalize_stain/output/5p375RGB/PF/Normalize_per_ROI/target-P02212/PF/PF03401/PF03401_16176_35657_class_0.jpg
2019-10-12 02:20:12,843 - __main__.normalize - Normalizing /mnt/f/02_Data/02_normalize_stain/input/5p375RGB/PF/PF03401/PF03401_16364_35657_class_0.jpg
2019-10-12 02:20:14,118 - __main__ - save /mnt/f/02_Data/02_normalize_stain/output/5p375RGB/PF/Normalize_per_ROI/target-P02212/PF/PF03401/PF03401_16364_35657_class_0.jpg
2019-10-12 02:20:14,143 - __main__.normalize - Normalizing /mnt/f/02_Data/02_normalize_stain/input/5p375RGB/PF/PF03401/PF03401_16551_35657_class_0.jpg
2019-10-12 02:20:15,449 - __main__ - save /mnt/f/02_Data/02_normalize_stain/output/5p375RGB/PF/Normalize_per_ROI/target-P02212/PF/PF03401/PF03401_16551_35657_class_0.jpg
2019-10-12 02:20:15,474 - __main__.normalize - Normalizing /mnt/f/02_Data/02_normalize_stain/input/5p375RGB/PF/PF03401/PF03401_16739_35657_class_0.jpg
2019-10-12 02:20:16,781 - __main__ - save /mnt/f/02_Data/02_normalize_stain/output/5p375RGB/PF/Normalize_per_ROI/target-P02212/PF/PF03401/PF03401_16739_35657_class_0.jpg
2019-10-12 02:20:16,807 - __main__.normalize - Normalizing /mnt/f/02_Data/02_normalize_stain/input/5p375RGB/PF/PF03401/PF03401_16926_35657_class_0.jpg
2019-10-12 02:20:18,114 - __main__ - save /mnt/f/02_Data/02_normalize_stain/output/5p375RGB/PF/Normalize_per_ROI/target-P02212/PF/PF03401/PF03401_16926_35657_class_0.jpg
2019-10-12 02:20:18,172 - __main__.normalize - Normalizing /mnt/f/02_Data/02_normalize_stain/input/5p375RGB/PF/PF03401/PF03401_17114_35657_class_0.jpg
2019-10-12 02:20:19,495 - __main__ - save /mnt/f/02_Data/02_normalize_stain/output/5p375RGB/PF/Normalize_per_ROI/target-P02212/PF/PF03401/PF03401_17114_35657_class_0.jpg
2019-10-12 02:20:19,563 - __main__.normalize - Normalizing /mnt/f/02_Data/02_normalize_stain/input/5p375RGB/PF/PF03401/PF03401_17301_35657_class_0.jpg
2019-10-12 02:20:20,866 - __main__ - save /mnt/f/02_Data/02_normalize_stain/output/5p375RGB/PF/Normalize_per_ROI/target-P02212/PF/PF03401/PF03401_17301_35657_class_0.jpg
2019-10-12 02:20:20,935 - __main__.normalize - Normalizing /mnt/f/02_Data/02_normalize_stain/input/5p375RGB/PF/PF03401/PF03401_17489_35657_class_0.jpg
2019-10-12 02:20:22,226 - __main__ - save /mnt/f/02_Data/02_normalize_stain/output/5p375RGB/PF/Normalize_per_ROI/target-P02212/PF/PF03401/PF03401_17489_35657_class_0.jpg
2019-10-12 02:20:22,252 - __main__.normalize - Normalizing /mnt/f/02_Data/02_normalize_stain/input/5p375RGB/PF/PF03401/PF03401_17676_35657_class_0.jpg
2019-10-12 02:20:23,521 - __main__ - save /mnt/f/02_Data/02_normalize_stain/output/5p375RGB/PF/Normalize_per_ROI/target-P02212/PF/PF03401/PF03401_17676_35657_class_0.jpg
2019-10-12 02:20:23,545 - __main__.normalize - Normalizing /mnt/f/02_Data/02_normalize_stain/input/5p375RGB/PF/PF03401/PF03401_17864_35657_class_0.jpg
2019-10-12 02:20:24,772 - __main__ - save /mnt/f/02_Data/02_normalize_stain/output/5p375RGB/PF/Normalize_per_ROI/target-P02212/PF/PF03401/PF03401_17864_35657_class_0.jpg
2019-10-12 02:20:24,799 - __main__.normalize - Normalizing /mnt/f/02_Data/02_normalize_stain/input/5p375RGB/PF/PF03401/PF03401_16176_35845_class_0.jpg
2019-10-12 02:20:26,069 - __main__ - save /mnt/f/02_Data/02_normalize_stain/output/5p375RGB/PF/Normalize_per_ROI/target-P02212/PF/PF03401/PF03401_16176_35845_class_0.jpg
2019-10-12 02:20:26,090 - __main__.normalize - Normalizing /mnt/f/02_Data/02_normalize_stain/input/5p375RGB/PF/PF03401/PF03401_16364_35845_class_0.jpg
2019-10-12 02:20:27,367 - __main__ - save /mnt/f/02_Data/02_normalize_stain/output/5p375RGB/PF/Normalize_per_ROI/target-P02212/PF/PF03401/PF03401_16364_35845_class_0.jpg
2019-10-12 02:20:27,416 - __main__.normalize - Normalizing /mnt/f/02_Data/02_normalize_stain/input/5p375RGB/PF/PF03401/PF03401_16551_35845_class_0.jpg
2019-10-12 02:20:28,712 - __main__ - save /mnt/f/02_Data/02_normalize_stain/output/5p375RGB/PF/Normalize_per_ROI/target-P02212/PF/PF03401/PF03401_16551_35845_class_0.jpg
2019-10-12 02:20:28,756 - __main__.normalize - Normalizing /mnt/f/02_Data/02_normalize_stain/input/5p375RGB/PF/PF03401/PF03401_16739_35845_class_0.jpg
2019-10-12 02:20:30,061 - __main__ - save /mnt/f/02_Data/02_normalize_stain/output/5p375RGB/PF/Normalize_per_ROI/target-P02212/PF/PF03401/PF03401_16739_35845_class_0.jpg
2019-10-12 02:20:30,131 - __main__.normalize - Normalizing /mnt/f/02_Data/02_normalize_stain/input/5p375RGB/PF/PF03401/PF03401_16926_35845_class_0.jpg
2019-10-12 02:20:31,436 - __main__ - save /mnt/f/02_Data/02_normalize_stain/output/5p375RGB/PF/Normalize_per_ROI/target-P02212/PF/PF03401/PF03401_16926_35845_class_0.jpg
2019-10-12 02:20:31,508 - __main__.normalize - Normalizing /mnt/f/02_Data/02_normalize_stain/input/5p375RGB/PF/PF03401/PF03401_17114_35845_class_0.jpg
2019-10-12 02:20:32,807 - __main__ - save /mnt/f/02_Data/02_normalize_stain/output/5p375RGB/PF/Normalize_per_ROI/target-P02212/PF/PF03401/PF03401_17114_35845_class_0.jpg
2019-10-12 02:20:32,853 - __main__.normalize - Normalizing /mnt/f/02_Data/02_normalize_stain/input/5p375RGB/PF/PF03401/PF03401_17301_35845_class_0.jpg
2019-10-12 02:20:34,147 - __main__ - save /mnt/f/02_Data/02_normalize_stain/output/5p375RGB/PF/Normalize_per_ROI/target-P02212/PF/PF03401/PF03401_17301_35845_class_0.jpg
2019-10-12 02:20:34,195 - __main__.normalize - Normalizing /mnt/f/02_Data/02_normalize_stain/input/5p375RGB/PF/PF03401/PF03401_17489_35845_class_0.jpg
2019-10-12 02:20:35,487 - __main__ - save /mnt/f/02_Data/02_normalize_stain/output/5p375RGB/PF/Normalize_per_ROI/target-P02212/PF/PF03401/PF03401_17489_35845_class_0.jpg
2019-10-12 02:20:35,512 - __main__.normalize - Normalizing /mnt/f/02_Data/02_normalize_stain/input/5p375RGB/PF/PF03401/PF03401_17676_35845_class_0.jpg
2019-10-12 02:20:36,786 - __main__ - save /mnt/f/02_Data/02_normalize_stain/output/5p375RGB/PF/Normalize_per_ROI/target-P02212/PF/PF03401/PF03401_17676_35845_class_0.jpg
2019-10-12 02:20:36,856 - __main__.normalize - Normalizing /mnt/f/02_Data/02_normalize_stain/input/5p375RGB/PF/PF03401/PF03401_17864_35845_class_0.jpg
2019-10-12 02:20:38,123 - __main__ - save /mnt/f/02_Data/02_normalize_stain/output/5p375RGB/PF/Normalize_per_ROI/target-P02212/PF/PF03401/PF03401_17864_35845_class_0.jpg
2019-10-12 02:20:38,150 - __main__.normalize - Normalizing /mnt/f/02_Data/02_normalize_stain/input/5p375RGB/PF/PF03401/PF03401_18051_35845_class_0.jpg
2019-10-12 02:20:39,411 - __main__ - save /mnt/f/02_Data/02_normalize_stain/output/5p375RGB/PF/Normalize_per_ROI/target-P02212/PF/PF03401/PF03401_18051_35845_class_0.jpg
2019-10-12 02:20:39,458 - __main__.normalize - Normalizing /mnt/f/02_Data/02_normalize_stain/input/5p375RGB/PF/PF03401/PF03401_18239_35845_class_0.jpg
2019-10-12 02:20:40,681 - __main__ - save /mnt/f/02_Data/02_normalize_stain/output/5p375RGB/PF/Normalize_per_ROI/target-P02212/PF/PF03401/PF03401_18239_35845_class_0.jpg
2019-10-12 02:20:40,738 - __main__.normalize - Normalizing /mnt/f/02_Data/02_normalize_stain/input/5p375RGB/PF/PF03401/PF03401_15989_36032_class_0.jpg
2019-10-12 02:20:41,989 - __main__ - save /mnt/f/02_Data/02_normalize_stain/output/5p375RGB/PF/Normalize_per_ROI/target-P02212/PF/PF03401/PF03401_15989_36032_class_0.jpg
2019-10-12 02:20:42,033 - __main__.normalize - Normalizing /mnt/f/02_Data/02_normalize_stain/input/5p375RGB/PF/PF03401/PF03401_16176_36032_class_0.jpg
2019-10-12 02:20:43,308 - __main__ - save /mnt/f/02_Data/02_normalize_stain/output/5p375RGB/PF/Normalize_per_ROI/target-P02212/PF/PF03401/PF03401_16176_36032_class_0.jpg
2019-10-12 02:20:43,332 - __main__.normalize - Normalizing /mnt/f/02_Data/02_normalize_stain/input/5p375RGB/PF/PF03401/PF03401_16364_36032_class_0.jpg
2019-10-12 02:20:44,609 - __main__ - save /mnt/f/02_Data/02_normalize_stain/output/5p375RGB/PF/Normalize_per_ROI/target-P02212/PF/PF03401/PF03401_16364_36032_class_0.jpg
2019-10-12 02:20:44,695 - __main__.normalize - Normalizing /mnt/f/02_Data/02_normalize_stain/input/5p375RGB/PF/PF03401/PF03401_16551_36032_class_0.jpg
2019-10-12 02:20:45,979 - __main__ - save /mnt/f/02_Data/02_normalize_stain/output/5p375RGB/PF/Normalize_per_ROI/target-P02212/PF/PF03401/PF03401_16551_36032_class_0.jpg
2019-10-12 02:20:46,006 - __main__.normalize - Normalizing /mnt/f/02_Data/02_normalize_stain/input/5p375RGB/PF/PF03401/PF03401_16739_36032_class_0.jpg
2019-10-12 02:20:47,315 - __main__ - save /mnt/f/02_Data/02_normalize_stain/output/5p375RGB/PF/Normalize_per_ROI/target-P02212/PF/PF03401/PF03401_16739_36032_class_0.jpg
2019-10-12 02:20:47,365 - __main__.normalize - Normalizing /mnt/f/02_Data/02_normalize_stain/input/5p375RGB/PF/PF03401/PF03401_16926_36032_class_0.jpg
2019-10-12 02:20:48,678 - __main__ - save /mnt/f/02_Data/02_normalize_stain/output/5p375RGB/PF/Normalize_per_ROI/target-P02212/PF/PF03401/PF03401_16926_36032_class_0.jpg
2019-10-12 02:20:48,734 - __main__.normalize - Normalizing /mnt/f/02_Data/02_normalize_stain/input/5p375RGB/PF/PF03401/PF03401_17114_36032_class_0.jpg
2019-10-12 02:20:50,036 - __main__ - save /mnt/f/02_Data/02_normalize_stain/output/5p375RGB/PF/Normalize_per_ROI/target-P02212/PF/PF03401/PF03401_17114_36032_class_0.jpg
2019-10-12 02:20:50,061 - __main__.normalize - Normalizing /mnt/f/02_Data/02_normalize_stain/input/5p375RGB/PF/PF03401/PF03401_17301_36032_class_0.jpg
2019-10-12 02:20:51,361 - __main__ - save /mnt/f/02_Data/02_normalize_stain/output/5p375RGB/PF/Normalize_per_ROI/target-P02212/PF/PF03401/PF03401_17301_36032_class_0.jpg
2019-10-12 02:20:51,413 - __main__.normalize - Normalizing /mnt/f/02_Data/02_normalize_stain/input/5p375RGB/PF/PF03401/PF03401_17489_36032_class_0.jpg
2019-10-12 02:20:52,700 - __main__ - save /mnt/f/02_Data/02_normalize_stain/output/5p375RGB/PF/Normalize_per_ROI/target-P02212/PF/PF03401/PF03401_17489_36032_class_0.jpg
2019-10-12 02:20:52,726 - __main__.normalize - Normalizing /mnt/f/02_Data/02_normalize_stain/input/5p375RGB/PF/PF03401/PF03401_17676_36032_class_0.jpg
2019-10-12 02:20:54,011 - __main__ - save /mnt/f/02_Data/02_normalize_stain/output/5p375RGB/PF/Normalize_per_ROI/target-P02212/PF/PF03401/PF03401_17676_36032_class_0.jpg
2019-10-12 02:20:54,040 - __main__.normalize - Normalizing /mnt/f/02_Data/02_normalize_stain/input/5p375RGB/PF/PF03401/PF03401_17864_36032_class_0.jpg
2019-10-12 02:20:55,329 - __main__ - save /mnt/f/02_Data/02_normalize_stain/output/5p375RGB/PF/Normalize_per_ROI/target-P02212/PF/PF03401/PF03401_17864_36032_class_0.jpg
2019-10-12 02:20:55,353 - __main__.normalize - Normalizing /mnt/f/02_Data/02_normalize_stain/input/5p375RGB/PF/PF03401/PF03401_18051_36032_class_0.jpg
2019-10-12 02:20:56,644 - __main__ - save /mnt/f/02_Data/02_normalize_stain/output/5p375RGB/PF/Normalize_per_ROI/target-P02212/PF/PF03401/PF03401_18051_36032_class_0.jpg
2019-10-12 02:20:56,669 - __main__.normalize - Normalizing /mnt/f/02_Data/02_normalize_stain/input/5p375RGB/PF/PF03401/PF03401_18239_36032_class_0.jpg
2019-10-12 02:20:57,946 - __main__ - save /mnt/f/02_Data/02_normalize_stain/output/5p375RGB/PF/Normalize_per_ROI/target-P02212/PF/PF03401/PF03401_18239_36032_class_0.jpg
2019-10-12 02:20:57,972 - __main__.normalize - Normalizing /mnt/f/02_Data/02_normalize_stain/input/5p375RGB/PF/PF03401/PF03401_15801_36220_class_0.jpg
2019-10-12 02:20:59,227 - __main__ - save /mnt/f/02_Data/02_normalize_stain/output/5p375RGB/PF/Normalize_per_ROI/target-P02212/PF/PF03401/PF03401_15801_36220_class_0.jpg
2019-10-12 02:20:59,253 - __main__.normalize - Normalizing /mnt/f/02_Data/02_normalize_stain/input/5p375RGB/PF/PF03401/PF03401_15989_36220_class_0.jpg
2019-10-12 02:21:00,532 - __main__ - save /mnt/f/02_Data/02_normalize_stain/output/5p375RGB/PF/Normalize_per_ROI/target-P02212/PF/PF03401/PF03401_15989_36220_class_0.jpg
2019-10-12 02:21:00,582 - __main__.normalize - Normalizing /mnt/f/02_Data/02_normalize_stain/input/5p375RGB/PF/PF03401/PF03401_16176_36220_class_0.jpg
2019-10-12 02:21:01,867 - __main__ - save /mnt/f/02_Data/02_normalize_stain/output/5p375RGB/PF/Normalize_per_ROI/target-P02212/PF/PF03401/PF03401_16176_36220_class_0.jpg
2019-10-12 02:21:01,894 - __main__.normalize - Normalizing /mnt/f/02_Data/02_normalize_stain/input/5p375RGB/PF/PF03401/PF03401_16364_36220_class_0.jpg
2019-10-12 02:21:03,202 - __main__ - save /mnt/f/02_Data/02_normalize_stain/output/5p375RGB/PF/Normalize_per_ROI/target-P02212/PF/PF03401/PF03401_16364_36220_class_0.jpg
2019-10-12 02:21:03,231 - __main__.normalize - Normalizing /mnt/f/02_Data/02_normalize_stain/input/5p375RGB/PF/PF03401/PF03401_16551_36220_class_0.jpg
2019-10-12 02:21:04,530 - __main__ - save /mnt/f/02_Data/02_normalize_stain/output/5p375RGB/PF/Normalize_per_ROI/target-P02212/PF/PF03401/PF03401_16551_36220_class_0.jpg
2019-10-12 02:21:04,572 - __main__.normalize - Normalizing /mnt/f/02_Data/02_normalize_stain/input/5p375RGB/PF/PF03401/PF03401_16739_36220_class_0.jpg
2019-10-12 02:21:05,882 - __main__ - save /mnt/f/02_Data/02_normalize_stain/output/5p375RGB/PF/Normalize_per_ROI/target-P02212/PF/PF03401/PF03401_16739_36220_class_0.jpg
2019-10-12 02:21:05,938 - __main__.normalize - Normalizing /mnt/f/02_Data/02_normalize_stain/input/5p375RGB/PF/PF03401/PF03401_16926_36220_class_0.jpg
2019-10-12 02:21:07,259 - __main__ - save /mnt/f/02_Data/02_normalize_stain/output/5p375RGB/PF/Normalize_per_ROI/target-P02212/PF/PF03401/PF03401_16926_36220_class_0.jpg
2019-10-12 02:21:07,286 - __main__.normalize - Normalizing /mnt/f/02_Data/02_normalize_stain/input/5p375RGB/PF/PF03401/PF03401_17114_36220_class_0.jpg
2019-10-12 02:21:08,593 - __main__ - save /mnt/f/02_Data/02_normalize_stain/output/5p375RGB/PF/Normalize_per_ROI/target-P02212/PF/PF03401/PF03401_17114_36220_class_0.jpg
2019-10-12 02:21:08,658 - __main__.normalize - Normalizing /mnt/f/02_Data/02_normalize_stain/input/5p375RGB/PF/PF03401/PF03401_17301_36220_class_0.jpg
2019-10-12 02:21:09,955 - __main__ - save /mnt/f/02_Data/02_normalize_stain/output/5p375RGB/PF/Normalize_per_ROI/target-P02212/PF/PF03401/PF03401_17301_36220_class_0.jpg
2019-10-12 02:21:09,982 - __main__.normalize - Normalizing /mnt/f/02_Data/02_normalize_stain/input/5p375RGB/PF/PF03401/PF03401_17489_36220_class_0.jpg
2019-10-12 02:21:11,278 - __main__ - save /mnt/f/02_Data/02_normalize_stain/output/5p375RGB/PF/Normalize_per_ROI/target-P02212/PF/PF03401/PF03401_17489_36220_class_0.jpg
2019-10-12 02:21:11,321 - __main__.normalize - Normalizing /mnt/f/02_Data/02_normalize_stain/input/5p375RGB/PF/PF03401/PF03401_17676_36220_class_0.jpg
2019-10-12 02:21:12,613 - __main__ - save /mnt/f/02_Data/02_normalize_stain/output/5p375RGB/PF/Normalize_per_ROI/target-P02212/PF/PF03401/PF03401_17676_36220_class_0.jpg
2019-10-12 02:21:12,641 - __main__.normalize - Normalizing /mnt/f/02_Data/02_normalize_stain/input/5p375RGB/PF/PF03401/PF03401_17864_36220_class_0.jpg
2019-10-12 02:21:13,933 - __main__ - save /mnt/f/02_Data/02_normalize_stain/output/5p375RGB/PF/Normalize_per_ROI/target-P02212/PF/PF03401/PF03401_17864_36220_class_0.jpg
2019-10-12 02:21:13,958 - __main__.normalize - Normalizing /mnt/f/02_Data/02_normalize_stain/input/5p375RGB/PF/PF03401/PF03401_18051_36220_class_0.jpg
2019-10-12 02:21:15,247 - __main__ - save /mnt/f/02_Data/02_normalize_stain/output/5p375RGB/PF/Normalize_per_ROI/target-P02212/PF/PF03401/PF03401_18051_36220_class_0.jpg
2019-10-12 02:21:15,271 - __main__.normalize - Normalizing /mnt/f/02_Data/02_normalize_stain/input/5p375RGB/PF/PF03401/PF03401_18239_36220_class_0.jpg
2019-10-12 02:21:16,569 - __main__ - save /mnt/f/02_Data/02_normalize_stain/output/5p375RGB/PF/Normalize_per_ROI/target-P02212/PF/PF03401/PF03401_18239_36220_class_0.jpg
2019-10-12 02:21:16,597 - __main__.normalize - Normalizing /mnt/f/02_Data/02_normalize_stain/input/5p375RGB/PF/PF03401/PF03401_15614_36407_class_0.jpg
2019-10-12 02:21:17,838 - __main__ - save /mnt/f/02_Data/02_normalize_stain/output/5p375RGB/PF/Normalize_per_ROI/target-P02212/PF/PF03401/PF03401_15614_36407_class_0.jpg
2019-10-12 02:21:17,864 - __main__.normalize - Normalizing /mnt/f/02_Data/02_normalize_stain/input/5p375RGB/PF/PF03401/PF03401_15801_36407_class_0.jpg
2019-10-12 02:21:19,141 - __main__ - save /mnt/f/02_Data/02_normalize_stain/output/5p375RGB/PF/Normalize_per_ROI/target-P02212/PF/PF03401/PF03401_15801_36407_class_0.jpg
2019-10-12 02:21:19,199 - __main__.normalize - Normalizing /mnt/f/02_Data/02_normalize_stain/input/5p375RGB/PF/PF03401/PF03401_15989_36407_class_0.jpg
2019-10-12 02:21:20,470 - __main__ - save /mnt/f/02_Data/02_normalize_stain/output/5p375RGB/PF/Normalize_per_ROI/target-P02212/PF/PF03401/PF03401_15989_36407_class_0.jpg
2019-10-12 02:21:20,496 - __main__.normalize - Normalizing /mnt/f/02_Data/02_normalize_stain/input/5p375RGB/PF/PF03401/PF03401_16176_36407_class_0.jpg
2019-10-12 02:21:21,785 - __main__ - save /mnt/f/02_Data/02_normalize_stain/output/5p375RGB/PF/Normalize_per_ROI/target-P02212/PF/PF03401/PF03401_16176_36407_class_0.jpg
2019-10-12 02:21:21,811 - __main__.normalize - Normalizing /mnt/f/02_Data/02_normalize_stain/input/5p375RGB/PF/PF03401/PF03401_16364_36407_class_0.jpg
2019-10-12 02:21:23,112 - __main__ - save /mnt/f/02_Data/02_normalize_stain/output/5p375RGB/PF/Normalize_per_ROI/target-P02212/PF/PF03401/PF03401_16364_36407_class_0.jpg
2019-10-12 02:21:23,137 - __main__.normalize - Normalizing /mnt/f/02_Data/02_normalize_stain/input/5p375RGB/PF/PF03401/PF03401_16551_36407_class_0.jpg
2019-10-12 02:21:24,447 - __main__ - save /mnt/f/02_Data/02_normalize_stain/output/5p375RGB/PF/Normalize_per_ROI/target-P02212/PF/PF03401/PF03401_16551_36407_class_0.jpg
2019-10-12 02:21:24,474 - __main__.normalize - Normalizing /mnt/f/02_Data/02_normalize_stain/input/5p375RGB/PF/PF03401/PF03401_16739_36407_class_0.jpg
2019-10-12 02:21:25,764 - __main__ - save /mnt/f/02_Data/02_normalize_stain/output/5p375RGB/PF/Normalize_per_ROI/target-P02212/PF/PF03401/PF03401_16739_36407_class_0.jpg
2019-10-12 02:21:25,816 - __main__.normalize - Normalizing /mnt/f/02_Data/02_normalize_stain/input/5p375RGB/PF/PF03401/PF03401_16926_36407_class_0.jpg
2019-10-12 02:21:27,105 - __main__ - save /mnt/f/02_Data/02_normalize_stain/output/5p375RGB/PF/Normalize_per_ROI/target-P02212/PF/PF03401/PF03401_16926_36407_class_0.jpg
2019-10-12 02:21:27,131 - __main__.normalize - Normalizing /mnt/f/02_Data/02_normalize_stain/input/5p375RGB/PF/PF03401/PF03401_17114_36407_class_0.jpg
2019-10-12 02:21:28,444 - __main__ - save /mnt/f/02_Data/02_normalize_stain/output/5p375RGB/PF/Normalize_per_ROI/target-P02212/PF/PF03401/PF03401_17114_36407_class_0.jpg
2019-10-12 02:21:28,523 - __main__.normalize - Normalizing /mnt/f/02_Data/02_normalize_stain/input/5p375RGB/PF/PF03401/PF03401_17301_36407_class_0.jpg
2019-10-12 02:21:29,812 - __main__ - save /mnt/f/02_Data/02_normalize_stain/output/5p375RGB/PF/Normalize_per_ROI/target-P02212/PF/PF03401/PF03401_17301_36407_class_0.jpg
2019-10-12 02:21:29,849 - __main__.normalize - Normalizing /mnt/f/02_Data/02_normalize_stain/input/5p375RGB/PF/PF03401/PF03401_17489_36407_class_0.jpg
2019-10-12 02:21:31,150 - __main__ - save /mnt/f/02_Data/02_normalize_stain/output/5p375RGB/PF/Normalize_per_ROI/target-P02212/PF/PF03401/PF03401_17489_36407_class_0.jpg
2019-10-12 02:21:31,176 - __main__.normalize - Normalizing /mnt/f/02_Data/02_normalize_stain/input/5p375RGB/PF/PF03401/PF03401_17676_36407_class_0.jpg
2019-10-12 02:21:32,475 - __main__ - save /mnt/f/02_Data/02_normalize_stain/output/5p375RGB/PF/Normalize_per_ROI/target-P02212/PF/PF03401/PF03401_17676_36407_class_0.jpg
2019-10-12 02:21:32,510 - __main__.normalize - Normalizing /mnt/f/02_Data/02_normalize_stain/input/5p375RGB/PF/PF03401/PF03401_17864_36407_class_0.jpg
2019-10-12 02:21:33,818 - __main__ - save /mnt/f/02_Data/02_normalize_stain/output/5p375RGB/PF/Normalize_per_ROI/target-P02212/PF/PF03401/PF03401_17864_36407_class_0.jpg
2019-10-12 02:21:33,844 - __main__.normalize - Normalizing /mnt/f/02_Data/02_normalize_stain/input/5p375RGB/PF/PF03401/PF03401_18051_36407_class_0.jpg
2019-10-12 02:21:35,150 - __main__ - save /mnt/f/02_Data/02_normalize_stain/output/5p375RGB/PF/Normalize_per_ROI/target-P02212/PF/PF03401/PF03401_18051_36407_class_0.jpg
2019-10-12 02:21:35,175 - __main__.normalize - Normalizing /mnt/f/02_Data/02_normalize_stain/input/5p375RGB/PF/PF03401/PF03401_18239_36407_class_0.jpg
2019-10-12 02:21:36,478 - __main__ - save /mnt/f/02_Data/02_normalize_stain/output/5p375RGB/PF/Normalize_per_ROI/target-P02212/PF/PF03401/PF03401_18239_36407_class_0.jpg
2019-10-12 02:21:36,504 - __main__.normalize - Normalizing /mnt/f/02_Data/02_normalize_stain/input/5p375RGB/PF/PF03401/PF03401_18426_36407_class_0.jpg
2019-10-12 02:21:37,739 - __main__ - save /mnt/f/02_Data/02_normalize_stain/output/5p375RGB/PF/Normalize_per_ROI/target-P02212/PF/PF03401/PF03401_18426_36407_class_0.jpg
2019-10-12 02:21:37,765 - __main__.normalize - Normalizing /mnt/f/02_Data/02_normalize_stain/input/5p375RGB/PF/PF03401/PF03401_15614_36595_class_0.jpg
2019-10-12 02:21:39,001 - __main__ - save /mnt/f/02_Data/02_normalize_stain/output/5p375RGB/PF/Normalize_per_ROI/target-P02212/PF/PF03401/PF03401_15614_36595_class_0.jpg
2019-10-12 02:21:39,027 - __main__.normalize - Normalizing /mnt/f/02_Data/02_normalize_stain/input/5p375RGB/PF/PF03401/PF03401_15801_36595_class_0.jpg
2019-10-12 02:21:40,304 - __main__ - save /mnt/f/02_Data/02_normalize_stain/output/5p375RGB/PF/Normalize_per_ROI/target-P02212/PF/PF03401/PF03401_15801_36595_class_0.jpg
2019-10-12 02:21:40,331 - __main__.normalize - Normalizing /mnt/f/02_Data/02_normalize_stain/input/5p375RGB/PF/PF03401/PF03401_15989_36595_class_0.jpg
2019-10-12 02:21:41,618 - __main__ - save /mnt/f/02_Data/02_normalize_stain/output/5p375RGB/PF/Normalize_per_ROI/target-P02212/PF/PF03401/PF03401_15989_36595_class_0.jpg
2019-10-12 02:21:41,658 - __main__.normalize - Normalizing /mnt/f/02_Data/02_normalize_stain/input/5p375RGB/PF/PF03401/PF03401_16176_36595_class_0.jpg
2019-10-12 02:21:42,971 - __main__ - save /mnt/f/02_Data/02_normalize_stain/output/5p375RGB/PF/Normalize_per_ROI/target-P02212/PF/PF03401/PF03401_16176_36595_class_0.jpg
2019-10-12 02:21:42,998 - __main__.normalize - Normalizing /mnt/f/02_Data/02_normalize_stain/input/5p375RGB/PF/PF03401/PF03401_16364_36595_class_0.jpg
2019-10-12 02:21:44,323 - __main__ - save /mnt/f/02_Data/02_normalize_stain/output/5p375RGB/PF/Normalize_per_ROI/target-P02212/PF/PF03401/PF03401_16364_36595_class_0.jpg
2019-10-12 02:21:44,368 - __main__.normalize - Normalizing /mnt/f/02_Data/02_normalize_stain/input/5p375RGB/PF/PF03401/PF03401_16551_36595_class_0.jpg
2019-10-12 02:21:45,668 - __main__ - save /mnt/f/02_Data/02_normalize_stain/output/5p375RGB/PF/Normalize_per_ROI/target-P02212/PF/PF03401/PF03401_16551_36595_class_0.jpg
2019-10-12 02:21:45,699 - __main__.normalize - Normalizing /mnt/f/02_Data/02_normalize_stain/input/5p375RGB/PF/PF03401/PF03401_16739_36595_class_0.jpg
2019-10-12 02:21:46,955 - __main__ - save /mnt/f/02_Data/02_normalize_stain/output/5p375RGB/PF/Normalize_per_ROI/target-P02212/PF/PF03401/PF03401_16739_36595_class_0.jpg
2019-10-12 02:21:46,984 - __main__.normalize - Normalizing /mnt/f/02_Data/02_normalize_stain/input/5p375RGB/PF/PF03401/PF03401_16926_36595_class_0.jpg
2019-10-12 02:21:48,280 - __main__ - save /mnt/f/02_Data/02_normalize_stain/output/5p375RGB/PF/Normalize_per_ROI/target-P02212/PF/PF03401/PF03401_16926_36595_class_0.jpg
2019-10-12 02:21:48,308 - __main__.normalize - Normalizing /mnt/f/02_Data/02_normalize_stain/input/5p375RGB/PF/PF03401/PF03401_17114_36595_class_0.jpg
2019-10-12 02:21:49,618 - __main__ - save /mnt/f/02_Data/02_normalize_stain/output/5p375RGB/PF/Normalize_per_ROI/target-P02212/PF/PF03401/PF03401_17114_36595_class_0.jpg
2019-10-12 02:21:49,647 - __main__.normalize - Normalizing /mnt/f/02_Data/02_normalize_stain/input/5p375RGB/PF/PF03401/PF03401_17301_36595_class_0.jpg
2019-10-12 02:21:50,953 - __main__ - save /mnt/f/02_Data/02_normalize_stain/output/5p375RGB/PF/Normalize_per_ROI/target-P02212/PF/PF03401/PF03401_17301_36595_class_0.jpg
2019-10-12 02:21:50,995 - __main__.normalize - Normalizing /mnt/f/02_Data/02_normalize_stain/input/5p375RGB/PF/PF03401/PF03401_17489_36595_class_0.jpg
2019-10-12 02:21:52,331 - __main__ - save /mnt/f/02_Data/02_normalize_stain/output/5p375RGB/PF/Normalize_per_ROI/target-P02212/PF/PF03401/PF03401_17489_36595_class_0.jpg
2019-10-12 02:21:52,379 - __main__.normalize - Normalizing /mnt/f/02_Data/02_normalize_stain/input/5p375RGB/PF/PF03401/PF03401_17676_36595_class_0.jpg
2019-10-12 02:21:53,706 - __main__ - save /mnt/f/02_Data/02_normalize_stain/output/5p375RGB/PF/Normalize_per_ROI/target-P02212/PF/PF03401/PF03401_17676_36595_class_0.jpg
2019-10-12 02:21:53,736 - __main__.normalize - Normalizing /mnt/f/02_Data/02_normalize_stain/input/5p375RGB/PF/PF03401/PF03401_17864_36595_class_0.jpg
2019-10-12 02:21:55,061 - __main__ - save /mnt/f/02_Data/02_normalize_stain/output/5p375RGB/PF/Normalize_per_ROI/target-P02212/PF/PF03401/PF03401_17864_36595_class_0.jpg
2019-10-12 02:21:55,092 - __main__.normalize - Normalizing /mnt/f/02_Data/02_normalize_stain/input/5p375RGB/PF/PF03401/PF03401_18051_36595_class_0.jpg
2019-10-12 02:21:56,399 - __main__ - save /mnt/f/02_Data/02_normalize_stain/output/5p375RGB/PF/Normalize_per_ROI/target-P02212/PF/PF03401/PF03401_18051_36595_class_0.jpg
2019-10-12 02:21:56,426 - __main__.normalize - Normalizing /mnt/f/02_Data/02_normalize_stain/input/5p375RGB/PF/PF03401/PF03401_18239_36595_class_0.jpg
2019-10-12 02:21:57,713 - __main__ - save /mnt/f/02_Data/02_normalize_stain/output/5p375RGB/PF/Normalize_per_ROI/target-P02212/PF/PF03401/PF03401_18239_36595_class_0.jpg
2019-10-12 02:21:57,758 - __main__.normalize - Normalizing /mnt/f/02_Data/02_normalize_stain/input/5p375RGB/PF/PF03401/PF03401_15801_36782_class_0.jpg
2019-10-12 02:21:59,053 - __main__ - save /mnt/f/02_Data/02_normalize_stain/output/5p375RGB/PF/Normalize_per_ROI/target-P02212/PF/PF03401/PF03401_15801_36782_class_0.jpg
2019-10-12 02:21:59,079 - __main__.normalize - Normalizing /mnt/f/02_Data/02_normalize_stain/input/5p375RGB/PF/PF03401/PF03401_15989_36782_class_0.jpg
2019-10-12 02:22:00,386 - __main__ - save /mnt/f/02_Data/02_normalize_stain/output/5p375RGB/PF/Normalize_per_ROI/target-P02212/PF/PF03401/PF03401_15989_36782_class_0.jpg
2019-10-12 02:22:00,415 - __main__.normalize - Normalizing /mnt/f/02_Data/02_normalize_stain/input/5p375RGB/PF/PF03401/PF03401_16176_36782_class_0.jpg
2019-10-12 02:22:01,728 - __main__ - save /mnt/f/02_Data/02_normalize_stain/output/5p375RGB/PF/Normalize_per_ROI/target-P02212/PF/PF03401/PF03401_16176_36782_class_0.jpg
2019-10-12 02:22:01,756 - __main__.normalize - Normalizing /mnt/f/02_Data/02_normalize_stain/input/5p375RGB/PF/PF03401/PF03401_16364_36782_class_0.jpg
2019-10-12 02:22:03,061 - __main__ - save /mnt/f/02_Data/02_normalize_stain/output/5p375RGB/PF/Normalize_per_ROI/target-P02212/PF/PF03401/PF03401_16364_36782_class_0.jpg
2019-10-12 02:22:03,091 - __main__.normalize - Normalizing /mnt/f/02_Data/02_normalize_stain/input/5p375RGB/PF/PF03401/PF03401_16551_36782_class_0.jpg
2019-10-12 02:22:04,390 - __main__ - save /mnt/f/02_Data/02_normalize_stain/output/5p375RGB/PF/Normalize_per_ROI/target-P02212/PF/PF03401/PF03401_16551_36782_class_0.jpg
2019-10-12 02:22:04,445 - __main__.normalize - Normalizing /mnt/f/02_Data/02_normalize_stain/input/5p375RGB/PF/PF03401/PF03401_16739_36782_class_0.jpg
2019-10-12 02:22:05,710 - __main__ - save /mnt/f/02_Data/02_normalize_stain/output/5p375RGB/PF/Normalize_per_ROI/target-P02212/PF/PF03401/PF03401_16739_36782_class_0.jpg
2019-10-12 02:22:05,776 - __main__.normalize - Normalizing /mnt/f/02_Data/02_normalize_stain/input/5p375RGB/PF/PF03401/PF03401_16926_36782_class_0.jpg
2019-10-12 02:22:07,051 - __main__ - save /mnt/f/02_Data/02_normalize_stain/output/5p375RGB/PF/Normalize_per_ROI/target-P02212/PF/PF03401/PF03401_16926_36782_class_0.jpg
2019-10-12 02:22:07,099 - __main__.normalize - Normalizing /mnt/f/02_Data/02_normalize_stain/input/5p375RGB/PF/PF03401/PF03401_17114_36782_class_0.jpg
2019-10-12 02:22:08,390 - __main__ - save /mnt/f/02_Data/02_normalize_stain/output/5p375RGB/PF/Normalize_per_ROI/target-P02212/PF/PF03401/PF03401_17114_36782_class_0.jpg
2019-10-12 02:22:08,418 - __main__.normalize - Normalizing /mnt/f/02_Data/02_normalize_stain/input/5p375RGB/PF/PF03401/PF03401_17301_36782_class_0.jpg
2019-10-12 02:22:09,728 - __main__ - save /mnt/f/02_Data/02_normalize_stain/output/5p375RGB/PF/Normalize_per_ROI/target-P02212/PF/PF03401/PF03401_17301_36782_class_0.jpg
2019-10-12 02:22:09,781 - __main__.normalize - Normalizing /mnt/f/02_Data/02_normalize_stain/input/5p375RGB/PF/PF03401/PF03401_17489_36782_class_0.jpg
2019-10-12 02:22:11,096 - __main__ - save /mnt/f/02_Data/02_normalize_stain/output/5p375RGB/PF/Normalize_per_ROI/target-P02212/PF/PF03401/PF03401_17489_36782_class_0.jpg
2019-10-12 02:22:11,166 - __main__.normalize - Normalizing /mnt/f/02_Data/02_normalize_stain/input/5p375RGB/PF/PF03401/PF03401_17676_36782_class_0.jpg
2019-10-12 02:22:12,482 - __main__ - save /mnt/f/02_Data/02_normalize_stain/output/5p375RGB/PF/Normalize_per_ROI/target-P02212/PF/PF03401/PF03401_17676_36782_class_0.jpg
2019-10-12 02:22:12,509 - __main__.normalize - Normalizing /mnt/f/02_Data/02_normalize_stain/input/5p375RGB/PF/PF03401/PF03401_17864_36782_class_0.jpg
2019-10-12 02:22:13,828 - __main__ - save /mnt/f/02_Data/02_normalize_stain/output/5p375RGB/PF/Normalize_per_ROI/target-P02212/PF/PF03401/PF03401_17864_36782_class_0.jpg
2019-10-12 02:22:13,857 - __main__.normalize - Normalizing /mnt/f/02_Data/02_normalize_stain/input/5p375RGB/PF/PF03401/PF03401_18051_36782_class_0.jpg
2019-10-12 02:22:15,130 - __main__ - save /mnt/f/02_Data/02_normalize_stain/output/5p375RGB/PF/Normalize_per_ROI/target-P02212/PF/PF03401/PF03401_18051_36782_class_0.jpg
2019-10-12 02:22:15,159 - __main__.normalize - Normalizing /mnt/f/02_Data/02_normalize_stain/input/5p375RGB/PF/PF03401/PF03401_18239_36782_class_0.jpg
2019-10-12 02:22:16,386 - __main__ - save /mnt/f/02_Data/02_normalize_stain/output/5p375RGB/PF/Normalize_per_ROI/target-P02212/PF/PF03401/PF03401_18239_36782_class_0.jpg
2019-10-12 02:22:16,428 - __main__.normalize - Normalizing /mnt/f/02_Data/02_normalize_stain/input/5p375RGB/PF/PF03401/PF03401_15801_36970_class_0.jpg
2019-10-12 02:22:17,730 - __main__ - save /mnt/f/02_Data/02_normalize_stain/output/5p375RGB/PF/Normalize_per_ROI/target-P02212/PF/PF03401/PF03401_15801_36970_class_0.jpg
2019-10-12 02:22:17,762 - __main__.normalize - Normalizing /mnt/f/02_Data/02_normalize_stain/input/5p375RGB/PF/PF03401/PF03401_15989_36970_class_0.jpg
2019-10-12 02:22:19,057 - __main__ - save /mnt/f/02_Data/02_normalize_stain/output/5p375RGB/PF/Normalize_per_ROI/target-P02212/PF/PF03401/PF03401_15989_36970_class_0.jpg
2019-10-12 02:22:19,086 - __main__.normalize - Normalizing /mnt/f/02_Data/02_normalize_stain/input/5p375RGB/PF/PF03401/PF03401_16176_36970_class_0.jpg
2019-10-12 02:22:20,391 - __main__ - save /mnt/f/02_Data/02_normalize_stain/output/5p375RGB/PF/Normalize_per_ROI/target-P02212/PF/PF03401/PF03401_16176_36970_class_0.jpg
2019-10-12 02:22:20,418 - __main__.normalize - Normalizing /mnt/f/02_Data/02_normalize_stain/input/5p375RGB/PF/PF03401/PF03401_16364_36970_class_0.jpg
2019-10-12 02:22:21,724 - __main__ - save /mnt/f/02_Data/02_normalize_stain/output/5p375RGB/PF/Normalize_per_ROI/target-P02212/PF/PF03401/PF03401_16364_36970_class_0.jpg
2019-10-12 02:22:21,752 - __main__.normalize - Normalizing /mnt/f/02_Data/02_normalize_stain/input/5p375RGB/PF/PF03401/PF03401_16551_36970_class_0.jpg
2019-10-12 02:22:23,036 - __main__ - save /mnt/f/02_Data/02_normalize_stain/output/5p375RGB/PF/Normalize_per_ROI/target-P02212/PF/PF03401/PF03401_16551_36970_class_0.jpg
2019-10-12 02:22:23,112 - __main__.normalize - Normalizing /mnt/f/02_Data/02_normalize_stain/input/5p375RGB/PF/PF03401/PF03401_16739_36970_class_0.jpg
2019-10-12 02:22:24,378 - __main__ - save /mnt/f/02_Data/02_normalize_stain/output/5p375RGB/PF/Normalize_per_ROI/target-P02212/PF/PF03401/PF03401_16739_36970_class_0.jpg
2019-10-12 02:22:24,408 - __main__.normalize - Normalizing /mnt/f/02_Data/02_normalize_stain/input/5p375RGB/PF/PF03401/PF03401_16926_36970_class_0.jpg
2019-10-12 02:22:25,681 - __main__ - save /mnt/f/02_Data/02_normalize_stain/output/5p375RGB/PF/Normalize_per_ROI/target-P02212/PF/PF03401/PF03401_16926_36970_class_0.jpg
2019-10-12 02:22:25,708 - __main__.normalize - Normalizing /mnt/f/02_Data/02_normalize_stain/input/5p375RGB/PF/PF03401/PF03401_17114_36970_class_0.jpg
2019-10-12 02:22:26,995 - __main__ - save /mnt/f/02_Data/02_normalize_stain/output/5p375RGB/PF/Normalize_per_ROI/target-P02212/PF/PF03401/PF03401_17114_36970_class_0.jpg
2019-10-12 02:22:27,022 - __main__.normalize - Normalizing /mnt/f/02_Data/02_normalize_stain/input/5p375RGB/PF/PF03401/PF03401_17301_36970_class_0.jpg
2019-10-12 02:22:28,329 - __main__ - save /mnt/f/02_Data/02_normalize_stain/output/5p375RGB/PF/Normalize_per_ROI/target-P02212/PF/PF03401/PF03401_17301_36970_class_0.jpg
2019-10-12 02:22:28,356 - __main__.normalize - Normalizing /mnt/f/02_Data/02_normalize_stain/input/5p375RGB/PF/PF03401/PF03401_17489_36970_class_0.jpg
2019-10-12 02:22:29,664 - __main__ - save /mnt/f/02_Data/02_normalize_stain/output/5p375RGB/PF/Normalize_per_ROI/target-P02212/PF/PF03401/PF03401_17489_36970_class_0.jpg
2019-10-12 02:22:29,697 - __main__.normalize - Normalizing /mnt/f/02_Data/02_normalize_stain/input/5p375RGB/PF/PF03401/PF03401_17676_36970_class_0.jpg
2019-10-12 02:22:30,981 - __main__ - save /mnt/f/02_Data/02_normalize_stain/output/5p375RGB/PF/Normalize_per_ROI/target-P02212/PF/PF03401/PF03401_17676_36970_class_0.jpg
2019-10-12 02:22:31,010 - __main__.normalize - Normalizing /mnt/f/02_Data/02_normalize_stain/input/5p375RGB/PF/PF03401/PF03401_17864_36970_class_0.jpg
2019-10-12 02:22:32,261 - __main__ - save /mnt/f/02_Data/02_normalize_stain/output/5p375RGB/PF/Normalize_per_ROI/target-P02212/PF/PF03401/PF03401_17864_36970_class_0.jpg
2019-10-12 02:22:32,360 - __main__.normalize - Normalizing /mnt/f/02_Data/02_normalize_stain/input/5p375RGB/PF/PF03401/PF03401_18051_36970_class_0.jpg
2019-10-12 02:22:33,563 - __main__ - save /mnt/f/02_Data/02_normalize_stain/output/5p375RGB/PF/Normalize_per_ROI/target-P02212/PF/PF03401/PF03401_18051_36970_class_0.jpg
2019-10-12 02:22:33,650 - __main__.normalize - Normalizing /mnt/f/02_Data/02_normalize_stain/input/5p375RGB/PF/PF03401/PF03401_15801_37157_class_0.jpg
2019-10-12 02:22:34,901 - __main__ - save /mnt/f/02_Data/02_normalize_stain/output/5p375RGB/PF/Normalize_per_ROI/target-P02212/PF/PF03401/PF03401_15801_37157_class_0.jpg
2019-10-12 02:22:34,930 - __main__.normalize - Normalizing /mnt/f/02_Data/02_normalize_stain/input/5p375RGB/PF/PF03401/PF03401_15989_37157_class_0.jpg
2019-10-12 02:22:36,210 - __main__ - save /mnt/f/02_Data/02_normalize_stain/output/5p375RGB/PF/Normalize_per_ROI/target-P02212/PF/PF03401/PF03401_15989_37157_class_0.jpg
2019-10-12 02:22:36,697 - __main__.normalize - Normalizing /mnt/f/02_Data/02_normalize_stain/input/5p375RGB/PF/PF03401/PF03401_16176_37157_class_0.jpg
2019-10-12 02:22:37,989 - __main__ - save /mnt/f/02_Data/02_normalize_stain/output/5p375RGB/PF/Normalize_per_ROI/target-P02212/PF/PF03401/PF03401_16176_37157_class_0.jpg
2019-10-12 02:22:38,028 - __main__.normalize - Normalizing /mnt/f/02_Data/02_normalize_stain/input/5p375RGB/PF/PF03401/PF03401_16364_37157_class_0.jpg
2019-10-12 02:22:39,304 - __main__ - save /mnt/f/02_Data/02_normalize_stain/output/5p375RGB/PF/Normalize_per_ROI/target-P02212/PF/PF03401/PF03401_16364_37157_class_0.jpg
2019-10-12 02:22:39,333 - __main__.normalize - Normalizing /mnt/f/02_Data/02_normalize_stain/input/5p375RGB/PF/PF03401/PF03401_16551_37157_class_0.jpg
2019-10-12 02:22:40,600 - __main__ - save /mnt/f/02_Data/02_normalize_stain/output/5p375RGB/PF/Normalize_per_ROI/target-P02212/PF/PF03401/PF03401_16551_37157_class_0.jpg
2019-10-12 02:22:40,644 - __main__.normalize - Normalizing /mnt/f/02_Data/02_normalize_stain/input/5p375RGB/PF/PF03401/PF03401_16739_37157_class_0.jpg
2019-10-12 02:22:41,893 - __main__ - save /mnt/f/02_Data/02_normalize_stain/output/5p375RGB/PF/Normalize_per_ROI/target-P02212/PF/PF03401/PF03401_16739_37157_class_0.jpg
2019-10-12 02:22:41,934 - __main__.normalize - Normalizing /mnt/f/02_Data/02_normalize_stain/input/5p375RGB/PF/PF03401/PF03401_16926_37157_class_0.jpg
2019-10-12 02:22:43,196 - __main__ - save /mnt/f/02_Data/02_normalize_stain/output/5p375RGB/PF/Normalize_per_ROI/target-P02212/PF/PF03401/PF03401_16926_37157_class_0.jpg
2019-10-12 02:22:43,225 - __main__.normalize - Normalizing /mnt/f/02_Data/02_normalize_stain/input/5p375RGB/PF/PF03401/PF03401_17114_37157_class_0.jpg
2019-10-12 02:22:44,532 - __main__ - save /mnt/f/02_Data/02_normalize_stain/output/5p375RGB/PF/Normalize_per_ROI/target-P02212/PF/PF03401/PF03401_17114_37157_class_0.jpg
2019-10-12 02:22:44,557 - __main__.normalize - Normalizing /mnt/f/02_Data/02_normalize_stain/input/5p375RGB/PF/PF03401/PF03401_17301_37157_class_0.jpg
2019-10-12 02:22:45,888 - __main__ - save /mnt/f/02_Data/02_normalize_stain/output/5p375RGB/PF/Normalize_per_ROI/target-P02212/PF/PF03401/PF03401_17301_37157_class_0.jpg
2019-10-12 02:22:45,916 - __main__.normalize - Normalizing /mnt/f/02_Data/02_normalize_stain/input/5p375RGB/PF/PF03401/PF03401_17489_37157_class_0.jpg
2019-10-12 02:22:47,219 - __main__ - save /mnt/f/02_Data/02_normalize_stain/output/5p375RGB/PF/Normalize_per_ROI/target-P02212/PF/PF03401/PF03401_17489_37157_class_0.jpg
2019-10-12 02:22:47,245 - __main__.normalize - Normalizing /mnt/f/02_Data/02_normalize_stain/input/5p375RGB/PF/PF03401/PF03401_17676_37157_class_0.jpg
2019-10-12 02:22:48,498 - __main__ - save /mnt/f/02_Data/02_normalize_stain/output/5p375RGB/PF/Normalize_per_ROI/target-P02212/PF/PF03401/PF03401_17676_37157_class_0.jpg
2019-10-12 02:22:48,550 - __main__.normalize - Normalizing /mnt/f/02_Data/02_normalize_stain/input/5p375RGB/PF/PF03401/PF03401_17864_37157_class_0.jpg
2019-10-12 02:22:49,775 - __main__ - save /mnt/f/02_Data/02_normalize_stain/output/5p375RGB/PF/Normalize_per_ROI/target-P02212/PF/PF03401/PF03401_17864_37157_class_0.jpg
2019-10-12 02:22:49,806 - __main__.normalize - Normalizing /mnt/f/02_Data/02_normalize_stain/input/5p375RGB/PF/PF03401/PF03401_15989_37345_class_0.jpg
2019-10-12 02:22:51,033 - __main__ - save /mnt/f/02_Data/02_normalize_stain/output/5p375RGB/PF/Normalize_per_ROI/target-P02212/PF/PF03401/PF03401_15989_37345_class_0.jpg
2019-10-12 02:22:51,262 - __main__.normalize - Normalizing /mnt/f/02_Data/02_normalize_stain/input/5p375RGB/PF/PF03401/PF03401_16551_37345_class_0.jpg
2019-10-12 02:22:52,497 - __main__ - save /mnt/f/02_Data/02_normalize_stain/output/5p375RGB/PF/Normalize_per_ROI/target-P02212/PF/PF03401/PF03401_16551_37345_class_0.jpg
2019-10-12 02:22:52,528 - __main__.normalize - Normalizing /mnt/f/02_Data/02_normalize_stain/input/5p375RGB/PF/PF03401/PF03401_16739_37345_class_0.jpg
2019-10-12 02:22:53,781 - __main__ - save /mnt/f/02_Data/02_normalize_stain/output/5p375RGB/PF/Normalize_per_ROI/target-P02212/PF/PF03401/PF03401_16739_37345_class_0.jpg
2019-10-12 02:22:53,810 - __main__.normalize - Normalizing /mnt/f/02_Data/02_normalize_stain/input/5p375RGB/PF/PF03401/PF03401_16926_37345_class_0.jpg
2019-10-12 02:22:55,090 - __main__ - save /mnt/f/02_Data/02_normalize_stain/output/5p375RGB/PF/Normalize_per_ROI/target-P02212/PF/PF03401/PF03401_16926_37345_class_0.jpg
2019-10-12 02:22:55,141 - __main__.normalize - Normalizing /mnt/f/02_Data/02_normalize_stain/input/5p375RGB/PF/PF03401/PF03401_17114_37345_class_0.jpg
2019-10-12 02:22:56,439 - __main__ - save /mnt/f/02_Data/02_normalize_stain/output/5p375RGB/PF/Normalize_per_ROI/target-P02212/PF/PF03401/PF03401_17114_37345_class_0.jpg
2019-10-12 02:22:56,466 - __main__.normalize - Normalizing /mnt/f/02_Data/02_normalize_stain/input/5p375RGB/PF/PF03401/PF03401_17301_37345_class_0.jpg
2019-10-12 02:22:57,757 - __main__ - save /mnt/f/02_Data/02_normalize_stain/output/5p375RGB/PF/Normalize_per_ROI/target-P02212/PF/PF03401/PF03401_17301_37345_class_0.jpg
2019-10-12 02:22:57,785 - __main__.normalize - Normalizing /mnt/f/02_Data/02_normalize_stain/input/5p375RGB/PF/PF03401/PF03401_17489_37345_class_0.jpg
2019-10-12 02:22:59,046 - __main__ - save /mnt/f/02_Data/02_normalize_stain/output/5p375RGB/PF/Normalize_per_ROI/target-P02212/PF/PF03401/PF03401_17489_37345_class_0.jpg
2019-10-12 02:22:59,101 - __main__.normalize - Normalizing /mnt/f/02_Data/02_normalize_stain/input/5p375RGB/PF/PF03401/PF03401_17676_37345_class_0.jpg
2019-10-12 02:23:00,360 - __main__ - save /mnt/f/02_Data/02_normalize_stain/output/5p375RGB/PF/Normalize_per_ROI/target-P02212/PF/PF03401/PF03401_17676_37345_class_0.jpg
2019-10-12 02:23:00,421 - __main__.normalize - Normalizing /mnt/f/02_Data/02_normalize_stain/input/5p375RGB/PF/PF03401/PF03401_17864_37345_class_0.jpg
2019-10-12 02:23:01,663 - __main__ - save /mnt/f/02_Data/02_normalize_stain/output/5p375RGB/PF/Normalize_per_ROI/target-P02212/PF/PF03401/PF03401_17864_37345_class_0.jpg
2019-10-12 02:23:01,669 - __main__ - 

2019-10-12 02:23:01,670 - __main__ - [slide dir] /mnt/f/02_Data/02_normalize_stain/input/5p375RGB/PF/PF03401
2019-10-12 02:23:01,672 - __main__ - [elapsed time per slide] 182.3462107181549 sec
2019-10-12 02:23:01,674 - __main__ - Finish!
2019-10-12 02:23:01,676 - __main__ - [whole elapsed time] 182.36095571517944 sec
