2019-10-12 02:50:45,646 - __main__ - [target] /mnt/f/03_Prog/stain_normalization/P02212
2019-10-12 02:50:45,648 - __main__ - [source list]
['/mnt/f/02_Data/02_normalize_stain/input/5p375RGB/PT/PT09703']
2019-10-12 02:50:45,684 - __main__ - [save dir] /mnt/f/02_Data/02_normalize_stain/output/5p375RGB/PT/Normalize_per_ROI/target-P02212
2019-10-12 02:50:45,794 - __main__.setup_normalizer - [Fitting values]
2019-10-12 02:50:45,795 - __main__.setup_normalizer - [target W (OD)]
array([[0.55806723, 0.72234329, 0.40838848],
       [0.29010368, 0.84673842, 0.4459528 ]])
2019-10-12 02:50:45,798 - __main__.setup_normalizer - [target 99 percentile in H]
array([[2.91112732, 1.21991322]])
2019-10-12 02:50:45,810 - __main__.ImageGenerator - /mnt/f/02_Data/02_normalize_stain/input/5p375RGB/PT/PT09703 is local dir...
2019-10-12 02:50:46,087 - __main__.normalize - Normalizing /mnt/f/02_Data/02_normalize_stain/input/5p375RGB/PT/PT09703/PT09703_49536_6175_class_0.jpg
2019-10-12 02:50:47,474 - __main__ - save /mnt/f/02_Data/02_normalize_stain/output/5p375RGB/PT/Normalize_per_ROI/target-P02212/PT/PT09703/PT09703_49536_6175_class_0.jpg
2019-10-12 02:50:47,497 - __main__.normalize - Normalizing /mnt/f/02_Data/02_normalize_stain/input/5p375RGB/PT/PT09703/PT09703_49724_6175_class_0.jpg
2019-10-12 02:50:48,797 - __main__ - save /mnt/f/02_Data/02_normalize_stain/output/5p375RGB/PT/Normalize_per_ROI/target-P02212/PT/PT09703/PT09703_49724_6175_class_0.jpg
2019-10-12 02:50:48,827 - __main__.normalize - Normalizing /mnt/f/02_Data/02_normalize_stain/input/5p375RGB/PT/PT09703/PT09703_49911_6175_class_0.jpg
2019-10-12 02:50:50,111 - __main__ - save /mnt/f/02_Data/02_normalize_stain/output/5p375RGB/PT/Normalize_per_ROI/target-P02212/PT/PT09703/PT09703_49911_6175_class_0.jpg
2019-10-12 02:50:50,141 - __main__.normalize - Normalizing /mnt/f/02_Data/02_normalize_stain/input/5p375RGB/PT/PT09703/PT09703_50099_6175_class_0.jpg
2019-10-12 02:50:51,399 - __main__ - save /mnt/f/02_Data/02_normalize_stain/output/5p375RGB/PT/Normalize_per_ROI/target-P02212/PT/PT09703/PT09703_50099_6175_class_0.jpg
2019-10-12 02:50:51,451 - __main__.normalize - Normalizing /mnt/f/02_Data/02_normalize_stain/input/5p375RGB/PT/PT09703/PT09703_49536_6363_class_0.jpg
2019-10-12 02:50:52,704 - __main__ - save /mnt/f/02_Data/02_normalize_stain/output/5p375RGB/PT/Normalize_per_ROI/target-P02212/PT/PT09703/PT09703_49536_6363_class_0.jpg
2019-10-12 02:50:52,742 - __main__.normalize - Normalizing /mnt/f/02_Data/02_normalize_stain/input/5p375RGB/PT/PT09703/PT09703_49724_6363_class_0.jpg
2019-10-12 02:50:54,056 - __main__ - save /mnt/f/02_Data/02_normalize_stain/output/5p375RGB/PT/Normalize_per_ROI/target-P02212/PT/PT09703/PT09703_49724_6363_class_0.jpg
2019-10-12 02:50:54,123 - __main__.normalize - Normalizing /mnt/f/02_Data/02_normalize_stain/input/5p375RGB/PT/PT09703/PT09703_49911_6363_class_0.jpg
2019-10-12 02:50:55,381 - __main__ - save /mnt/f/02_Data/02_normalize_stain/output/5p375RGB/PT/Normalize_per_ROI/target-P02212/PT/PT09703/PT09703_49911_6363_class_0.jpg
2019-10-12 02:50:55,412 - __main__.normalize - Normalizing /mnt/f/02_Data/02_normalize_stain/input/5p375RGB/PT/PT09703/PT09703_50099_6363_class_0.jpg
2019-10-12 02:50:56,709 - __main__ - save /mnt/f/02_Data/02_normalize_stain/output/5p375RGB/PT/Normalize_per_ROI/target-P02212/PT/PT09703/PT09703_50099_6363_class_0.jpg
2019-10-12 02:50:56,764 - __main__.normalize - Normalizing /mnt/f/02_Data/02_normalize_stain/input/5p375RGB/PT/PT09703/PT09703_50286_6363_class_0.jpg
2019-10-12 02:50:58,045 - __main__ - save /mnt/f/02_Data/02_normalize_stain/output/5p375RGB/PT/Normalize_per_ROI/target-P02212/PT/PT09703/PT09703_50286_6363_class_0.jpg
2019-10-12 02:50:58,078 - __main__.normalize - Normalizing /mnt/f/02_Data/02_normalize_stain/input/5p375RGB/PT/PT09703/PT09703_49724_6550_class_0.jpg
2019-10-12 02:50:59,387 - __main__ - save /mnt/f/02_Data/02_normalize_stain/output/5p375RGB/PT/Normalize_per_ROI/target-P02212/PT/PT09703/PT09703_49724_6550_class_0.jpg
2019-10-12 02:50:59,446 - __main__.normalize - Normalizing /mnt/f/02_Data/02_normalize_stain/input/5p375RGB/PT/PT09703/PT09703_49911_6550_class_0.jpg
2019-10-12 02:51:00,714 - __main__ - save /mnt/f/02_Data/02_normalize_stain/output/5p375RGB/PT/Normalize_per_ROI/target-P02212/PT/PT09703/PT09703_49911_6550_class_0.jpg
2019-10-12 02:51:00,754 - __main__.normalize - Normalizing /mnt/f/02_Data/02_normalize_stain/input/5p375RGB/PT/PT09703/PT09703_50099_6550_class_0.jpg
2019-10-12 02:51:02,053 - __main__ - save /mnt/f/02_Data/02_normalize_stain/output/5p375RGB/PT/Normalize_per_ROI/target-P02212/PT/PT09703/PT09703_50099_6550_class_0.jpg
2019-10-12 02:51:02,084 - __main__.normalize - Normalizing /mnt/f/02_Data/02_normalize_stain/input/5p375RGB/PT/PT09703/PT09703_50286_6550_class_0.jpg
2019-10-12 02:51:03,371 - __main__ - save /mnt/f/02_Data/02_normalize_stain/output/5p375RGB/PT/Normalize_per_ROI/target-P02212/PT/PT09703/PT09703_50286_6550_class_0.jpg
2019-10-12 02:51:03,427 - __main__.normalize - Normalizing /mnt/f/02_Data/02_normalize_stain/input/5p375RGB/PT/PT09703/PT09703_50474_6550_class_0.jpg
2019-10-12 02:51:04,718 - __main__ - save /mnt/f/02_Data/02_normalize_stain/output/5p375RGB/PT/Normalize_per_ROI/target-P02212/PT/PT09703/PT09703_50474_6550_class_0.jpg
2019-10-12 02:51:04,753 - __main__.normalize - Normalizing /mnt/f/02_Data/02_normalize_stain/input/5p375RGB/PT/PT09703/PT09703_50661_6550_class_0.jpg
2019-10-12 02:51:06,001 - __main__ - save /mnt/f/02_Data/02_normalize_stain/output/5p375RGB/PT/Normalize_per_ROI/target-P02212/PT/PT09703/PT09703_50661_6550_class_0.jpg
2019-10-12 02:51:06,030 - __main__.normalize - Normalizing /mnt/f/02_Data/02_normalize_stain/input/5p375RGB/PT/PT09703/PT09703_3224_6738_class_0.jpg
2019-10-12 02:51:07,296 - __main__ - save /mnt/f/02_Data/02_normalize_stain/output/5p375RGB/PT/Normalize_per_ROI/target-P02212/PT/PT09703/PT09703_3224_6738_class_0.jpg
2019-10-12 02:51:07,325 - __main__.normalize - Normalizing /mnt/f/02_Data/02_normalize_stain/input/5p375RGB/PT/PT09703/PT09703_3411_6738_class_0.jpg
2019-10-12 02:51:08,555 - __main__ - save /mnt/f/02_Data/02_normalize_stain/output/5p375RGB/PT/Normalize_per_ROI/target-P02212/PT/PT09703/PT09703_3411_6738_class_0.jpg
2019-10-12 02:51:08,588 - __main__.normalize - Normalizing /mnt/f/02_Data/02_normalize_stain/input/5p375RGB/PT/PT09703/PT09703_49536_6738_class_0.jpg
2019-10-12 02:51:09,876 - __main__ - save /mnt/f/02_Data/02_normalize_stain/output/5p375RGB/PT/Normalize_per_ROI/target-P02212/PT/PT09703/PT09703_49536_6738_class_0.jpg
2019-10-12 02:51:09,908 - __main__.normalize - Normalizing /mnt/f/02_Data/02_normalize_stain/input/5p375RGB/PT/PT09703/PT09703_49724_6738_class_0.jpg
2019-10-12 02:51:11,237 - __main__ - save /mnt/f/02_Data/02_normalize_stain/output/5p375RGB/PT/Normalize_per_ROI/target-P02212/PT/PT09703/PT09703_49724_6738_class_0.jpg
2019-10-12 02:51:11,267 - __main__.normalize - Normalizing /mnt/f/02_Data/02_normalize_stain/input/5p375RGB/PT/PT09703/PT09703_49911_6738_class_0.jpg
2019-10-12 02:51:12,561 - __main__ - save /mnt/f/02_Data/02_normalize_stain/output/5p375RGB/PT/Normalize_per_ROI/target-P02212/PT/PT09703/PT09703_49911_6738_class_0.jpg
2019-10-12 02:51:12,612 - __main__.normalize - Normalizing /mnt/f/02_Data/02_normalize_stain/input/5p375RGB/PT/PT09703/PT09703_50099_6738_class_0.jpg
2019-10-12 02:51:13,924 - __main__ - save /mnt/f/02_Data/02_normalize_stain/output/5p375RGB/PT/Normalize_per_ROI/target-P02212/PT/PT09703/PT09703_50099_6738_class_0.jpg
2019-10-12 02:51:13,953 - __main__.normalize - Normalizing /mnt/f/02_Data/02_normalize_stain/input/5p375RGB/PT/PT09703/PT09703_50286_6738_class_0.jpg
2019-10-12 02:51:15,253 - __main__ - save /mnt/f/02_Data/02_normalize_stain/output/5p375RGB/PT/Normalize_per_ROI/target-P02212/PT/PT09703/PT09703_50286_6738_class_0.jpg
2019-10-12 02:51:15,281 - __main__.normalize - Normalizing /mnt/f/02_Data/02_normalize_stain/input/5p375RGB/PT/PT09703/PT09703_50474_6738_class_0.jpg
2019-10-12 02:51:16,575 - __main__ - save /mnt/f/02_Data/02_normalize_stain/output/5p375RGB/PT/Normalize_per_ROI/target-P02212/PT/PT09703/PT09703_50474_6738_class_0.jpg
2019-10-12 02:51:16,631 - __main__.normalize - Normalizing /mnt/f/02_Data/02_normalize_stain/input/5p375RGB/PT/PT09703/PT09703_50661_6738_class_0.jpg
2019-10-12 02:51:17,886 - __main__ - save /mnt/f/02_Data/02_normalize_stain/output/5p375RGB/PT/Normalize_per_ROI/target-P02212/PT/PT09703/PT09703_50661_6738_class_0.jpg
2019-10-12 02:51:17,936 - __main__.normalize - Normalizing /mnt/f/02_Data/02_normalize_stain/input/5p375RGB/PT/PT09703/PT09703_50849_6738_class_0.jpg
2019-10-12 02:51:19,209 - __main__ - save /mnt/f/02_Data/02_normalize_stain/output/5p375RGB/PT/Normalize_per_ROI/target-P02212/PT/PT09703/PT09703_50849_6738_class_0.jpg
2019-10-12 02:51:19,239 - __main__.normalize - Normalizing /mnt/f/02_Data/02_normalize_stain/input/5p375RGB/PT/PT09703/PT09703_51036_6738_class_0.jpg
2019-10-12 02:51:20,505 - __main__ - save /mnt/f/02_Data/02_normalize_stain/output/5p375RGB/PT/Normalize_per_ROI/target-P02212/PT/PT09703/PT09703_51036_6738_class_0.jpg
2019-10-12 02:51:20,566 - __main__.normalize - Normalizing /mnt/f/02_Data/02_normalize_stain/input/5p375RGB/PT/PT09703/PT09703_3224_6925_class_0.jpg
2019-10-12 02:51:21,884 - __main__ - save /mnt/f/02_Data/02_normalize_stain/output/5p375RGB/PT/Normalize_per_ROI/target-P02212/PT/PT09703/PT09703_3224_6925_class_0.jpg
2019-10-12 02:51:21,933 - __main__.normalize - Normalizing /mnt/f/02_Data/02_normalize_stain/input/5p375RGB/PT/PT09703/PT09703_3411_6925_class_0.jpg
2019-10-12 02:51:23,242 - __main__ - save /mnt/f/02_Data/02_normalize_stain/output/5p375RGB/PT/Normalize_per_ROI/target-P02212/PT/PT09703/PT09703_3411_6925_class_0.jpg
2019-10-12 02:51:23,274 - __main__.normalize - Normalizing /mnt/f/02_Data/02_normalize_stain/input/5p375RGB/PT/PT09703/PT09703_3599_6925_class_0.jpg
2019-10-12 02:51:24,572 - __main__ - save /mnt/f/02_Data/02_normalize_stain/output/5p375RGB/PT/Normalize_per_ROI/target-P02212/PT/PT09703/PT09703_3599_6925_class_0.jpg
2019-10-12 02:51:24,623 - __main__.normalize - Normalizing /mnt/f/02_Data/02_normalize_stain/input/5p375RGB/PT/PT09703/PT09703_3786_6925_class_0.jpg
2019-10-12 02:51:25,894 - __main__ - save /mnt/f/02_Data/02_normalize_stain/output/5p375RGB/PT/Normalize_per_ROI/target-P02212/PT/PT09703/PT09703_3786_6925_class_0.jpg
2019-10-12 02:51:25,924 - __main__.normalize - Normalizing /mnt/f/02_Data/02_normalize_stain/input/5p375RGB/PT/PT09703/PT09703_49349_6925_class_0.jpg
2019-10-12 02:51:27,218 - __main__ - save /mnt/f/02_Data/02_normalize_stain/output/5p375RGB/PT/Normalize_per_ROI/target-P02212/PT/PT09703/PT09703_49349_6925_class_0.jpg
2019-10-12 02:51:27,247 - __main__.normalize - Normalizing /mnt/f/02_Data/02_normalize_stain/input/5p375RGB/PT/PT09703/PT09703_49536_6925_class_0.jpg
2019-10-12 02:51:28,572 - __main__ - save /mnt/f/02_Data/02_normalize_stain/output/5p375RGB/PT/Normalize_per_ROI/target-P02212/PT/PT09703/PT09703_49536_6925_class_0.jpg
2019-10-12 02:51:28,603 - __main__.normalize - Normalizing /mnt/f/02_Data/02_normalize_stain/input/5p375RGB/PT/PT09703/PT09703_49724_6925_class_0.jpg
2019-10-12 02:51:29,903 - __main__ - save /mnt/f/02_Data/02_normalize_stain/output/5p375RGB/PT/Normalize_per_ROI/target-P02212/PT/PT09703/PT09703_49724_6925_class_0.jpg
2019-10-12 02:51:29,934 - __main__.normalize - Normalizing /mnt/f/02_Data/02_normalize_stain/input/5p375RGB/PT/PT09703/PT09703_49911_6925_class_0.jpg
2019-10-12 02:51:31,214 - __main__ - save /mnt/f/02_Data/02_normalize_stain/output/5p375RGB/PT/Normalize_per_ROI/target-P02212/PT/PT09703/PT09703_49911_6925_class_0.jpg
2019-10-12 02:51:31,243 - __main__.normalize - Normalizing /mnt/f/02_Data/02_normalize_stain/input/5p375RGB/PT/PT09703/PT09703_50099_6925_class_0.jpg
2019-10-12 02:51:32,504 - __main__ - save /mnt/f/02_Data/02_normalize_stain/output/5p375RGB/PT/Normalize_per_ROI/target-P02212/PT/PT09703/PT09703_50099_6925_class_0.jpg
2019-10-12 02:51:32,535 - __main__.normalize - Normalizing /mnt/f/02_Data/02_normalize_stain/input/5p375RGB/PT/PT09703/PT09703_50286_6925_class_0.jpg
2019-10-12 02:51:33,798 - __main__ - save /mnt/f/02_Data/02_normalize_stain/output/5p375RGB/PT/Normalize_per_ROI/target-P02212/PT/PT09703/PT09703_50286_6925_class_0.jpg
2019-10-12 02:51:33,828 - __main__.normalize - Normalizing /mnt/f/02_Data/02_normalize_stain/input/5p375RGB/PT/PT09703/PT09703_50474_6925_class_0.jpg
2019-10-12 02:51:35,081 - __main__ - save /mnt/f/02_Data/02_normalize_stain/output/5p375RGB/PT/Normalize_per_ROI/target-P02212/PT/PT09703/PT09703_50474_6925_class_0.jpg
2019-10-12 02:51:35,111 - __main__.normalize - Normalizing /mnt/f/02_Data/02_normalize_stain/input/5p375RGB/PT/PT09703/PT09703_50661_6925_class_0.jpg
2019-10-12 02:51:36,356 - __main__ - save /mnt/f/02_Data/02_normalize_stain/output/5p375RGB/PT/Normalize_per_ROI/target-P02212/PT/PT09703/PT09703_50661_6925_class_0.jpg
2019-10-12 02:51:36,384 - __main__.normalize - Normalizing /mnt/f/02_Data/02_normalize_stain/input/5p375RGB/PT/PT09703/PT09703_50849_6925_class_0.jpg
2019-10-12 02:51:37,636 - __main__ - save /mnt/f/02_Data/02_normalize_stain/output/5p375RGB/PT/Normalize_per_ROI/target-P02212/PT/PT09703/PT09703_50849_6925_class_0.jpg
2019-10-12 02:51:37,667 - __main__.normalize - Normalizing /mnt/f/02_Data/02_normalize_stain/input/5p375RGB/PT/PT09703/PT09703_3224_7113_class_0.jpg
2019-10-12 02:51:38,961 - __main__ - save /mnt/f/02_Data/02_normalize_stain/output/5p375RGB/PT/Normalize_per_ROI/target-P02212/PT/PT09703/PT09703_3224_7113_class_0.jpg
2019-10-12 02:51:38,990 - __main__.normalize - Normalizing /mnt/f/02_Data/02_normalize_stain/input/5p375RGB/PT/PT09703/PT09703_3411_7113_class_0.jpg
2019-10-12 02:51:40,264 - __main__ - save /mnt/f/02_Data/02_normalize_stain/output/5p375RGB/PT/Normalize_per_ROI/target-P02212/PT/PT09703/PT09703_3411_7113_class_0.jpg
2019-10-12 02:51:40,293 - __main__.normalize - Normalizing /mnt/f/02_Data/02_normalize_stain/input/5p375RGB/PT/PT09703/PT09703_3599_7113_class_0.jpg
2019-10-12 02:51:41,601 - __main__ - save /mnt/f/02_Data/02_normalize_stain/output/5p375RGB/PT/Normalize_per_ROI/target-P02212/PT/PT09703/PT09703_3599_7113_class_0.jpg
2019-10-12 02:51:41,662 - __main__.normalize - Normalizing /mnt/f/02_Data/02_normalize_stain/input/5p375RGB/PT/PT09703/PT09703_3786_7113_class_0.jpg
2019-10-12 02:51:42,953 - __main__ - save /mnt/f/02_Data/02_normalize_stain/output/5p375RGB/PT/Normalize_per_ROI/target-P02212/PT/PT09703/PT09703_3786_7113_class_0.jpg
2019-10-12 02:51:43,005 - __main__.normalize - Normalizing /mnt/f/02_Data/02_normalize_stain/input/5p375RGB/PT/PT09703/PT09703_3974_7113_class_0.jpg
2019-10-12 02:51:44,274 - __main__ - save /mnt/f/02_Data/02_normalize_stain/output/5p375RGB/PT/Normalize_per_ROI/target-P02212/PT/PT09703/PT09703_3974_7113_class_0.jpg
2019-10-12 02:51:44,322 - __main__.normalize - Normalizing /mnt/f/02_Data/02_normalize_stain/input/5p375RGB/PT/PT09703/PT09703_49161_7113_class_0.jpg
2019-10-12 02:51:45,575 - __main__ - save /mnt/f/02_Data/02_normalize_stain/output/5p375RGB/PT/Normalize_per_ROI/target-P02212/PT/PT09703/PT09703_49161_7113_class_0.jpg
2019-10-12 02:51:45,607 - __main__.normalize - Normalizing /mnt/f/02_Data/02_normalize_stain/input/5p375RGB/PT/PT09703/PT09703_49349_7113_class_0.jpg
2019-10-12 02:51:46,907 - __main__ - save /mnt/f/02_Data/02_normalize_stain/output/5p375RGB/PT/Normalize_per_ROI/target-P02212/PT/PT09703/PT09703_49349_7113_class_0.jpg
2019-10-12 02:51:46,939 - __main__.normalize - Normalizing /mnt/f/02_Data/02_normalize_stain/input/5p375RGB/PT/PT09703/PT09703_49536_7113_class_0.jpg
2019-10-12 02:51:48,227 - __main__ - save /mnt/f/02_Data/02_normalize_stain/output/5p375RGB/PT/Normalize_per_ROI/target-P02212/PT/PT09703/PT09703_49536_7113_class_0.jpg
2019-10-12 02:51:48,281 - __main__.normalize - Normalizing /mnt/f/02_Data/02_normalize_stain/input/5p375RGB/PT/PT09703/PT09703_49724_7113_class_0.jpg
2019-10-12 02:51:49,562 - __main__ - save /mnt/f/02_Data/02_normalize_stain/output/5p375RGB/PT/Normalize_per_ROI/target-P02212/PT/PT09703/PT09703_49724_7113_class_0.jpg
2019-10-12 02:51:49,594 - __main__.normalize - Normalizing /mnt/f/02_Data/02_normalize_stain/input/5p375RGB/PT/PT09703/PT09703_49911_7113_class_0.jpg
2019-10-12 02:51:50,846 - __main__ - save /mnt/f/02_Data/02_normalize_stain/output/5p375RGB/PT/Normalize_per_ROI/target-P02212/PT/PT09703/PT09703_49911_7113_class_0.jpg
2019-10-12 02:51:50,889 - __main__.normalize - Normalizing /mnt/f/02_Data/02_normalize_stain/input/5p375RGB/PT/PT09703/PT09703_50099_7113_class_0.jpg
2019-10-12 02:51:52,129 - __main__ - save /mnt/f/02_Data/02_normalize_stain/output/5p375RGB/PT/Normalize_per_ROI/target-P02212/PT/PT09703/PT09703_50099_7113_class_0.jpg
2019-10-12 02:51:52,160 - __main__.normalize - Normalizing /mnt/f/02_Data/02_normalize_stain/input/5p375RGB/PT/PT09703/PT09703_50286_7113_class_0.jpg
2019-10-12 02:51:53,403 - __main__ - save /mnt/f/02_Data/02_normalize_stain/output/5p375RGB/PT/Normalize_per_ROI/target-P02212/PT/PT09703/PT09703_50286_7113_class_0.jpg
2019-10-12 02:51:53,435 - __main__.normalize - Normalizing /mnt/f/02_Data/02_normalize_stain/input/5p375RGB/PT/PT09703/PT09703_50474_7113_class_0.jpg
2019-10-12 02:51:54,730 - __main__ - save /mnt/f/02_Data/02_normalize_stain/output/5p375RGB/PT/Normalize_per_ROI/target-P02212/PT/PT09703/PT09703_50474_7113_class_0.jpg
2019-10-12 02:51:54,760 - __main__.normalize - Normalizing /mnt/f/02_Data/02_normalize_stain/input/5p375RGB/PT/PT09703/PT09703_50661_7113_class_0.jpg
2019-10-12 02:51:56,054 - __main__ - save /mnt/f/02_Data/02_normalize_stain/output/5p375RGB/PT/Normalize_per_ROI/target-P02212/PT/PT09703/PT09703_50661_7113_class_0.jpg
2019-10-12 02:51:56,111 - __main__.normalize - Normalizing /mnt/f/02_Data/02_normalize_stain/input/5p375RGB/PT/PT09703/PT09703_50849_7113_class_0.jpg
2019-10-12 02:51:57,364 - __main__ - save /mnt/f/02_Data/02_normalize_stain/output/5p375RGB/PT/Normalize_per_ROI/target-P02212/PT/PT09703/PT09703_50849_7113_class_0.jpg
2019-10-12 02:51:57,395 - __main__.normalize - Normalizing /mnt/f/02_Data/02_normalize_stain/input/5p375RGB/PT/PT09703/PT09703_3224_7300_class_0.jpg
2019-10-12 02:51:58,684 - __main__ - save /mnt/f/02_Data/02_normalize_stain/output/5p375RGB/PT/Normalize_per_ROI/target-P02212/PT/PT09703/PT09703_3224_7300_class_0.jpg
2019-10-12 02:51:58,717 - __main__.normalize - Normalizing /mnt/f/02_Data/02_normalize_stain/input/5p375RGB/PT/PT09703/PT09703_3411_7300_class_0.jpg
2019-10-12 02:52:00,014 - __main__ - save /mnt/f/02_Data/02_normalize_stain/output/5p375RGB/PT/Normalize_per_ROI/target-P02212/PT/PT09703/PT09703_3411_7300_class_0.jpg
2019-10-12 02:52:00,080 - __main__.normalize - Normalizing /mnt/f/02_Data/02_normalize_stain/input/5p375RGB/PT/PT09703/PT09703_3599_7300_class_0.jpg
2019-10-12 02:52:01,392 - __main__ - save /mnt/f/02_Data/02_normalize_stain/output/5p375RGB/PT/Normalize_per_ROI/target-P02212/PT/PT09703/PT09703_3599_7300_class_0.jpg
2019-10-12 02:52:01,441 - __main__.normalize - Normalizing /mnt/f/02_Data/02_normalize_stain/input/5p375RGB/PT/PT09703/PT09703_3786_7300_class_0.jpg
2019-10-12 02:52:02,727 - __main__ - save /mnt/f/02_Data/02_normalize_stain/output/5p375RGB/PT/Normalize_per_ROI/target-P02212/PT/PT09703/PT09703_3786_7300_class_0.jpg
2019-10-12 02:52:02,758 - __main__.normalize - Normalizing /mnt/f/02_Data/02_normalize_stain/input/5p375RGB/PT/PT09703/PT09703_3974_7300_class_0.jpg
2019-10-12 02:52:04,064 - __main__ - save /mnt/f/02_Data/02_normalize_stain/output/5p375RGB/PT/Normalize_per_ROI/target-P02212/PT/PT09703/PT09703_3974_7300_class_0.jpg
2019-10-12 02:52:04,115 - __main__.normalize - Normalizing /mnt/f/02_Data/02_normalize_stain/input/5p375RGB/PT/PT09703/PT09703_49349_7300_class_0.jpg
2019-10-12 02:52:05,378 - __main__ - save /mnt/f/02_Data/02_normalize_stain/output/5p375RGB/PT/Normalize_per_ROI/target-P02212/PT/PT09703/PT09703_49349_7300_class_0.jpg
2019-10-12 02:52:05,440 - __main__.normalize - Normalizing /mnt/f/02_Data/02_normalize_stain/input/5p375RGB/PT/PT09703/PT09703_49536_7300_class_0.jpg
2019-10-12 02:52:06,719 - __main__ - save /mnt/f/02_Data/02_normalize_stain/output/5p375RGB/PT/Normalize_per_ROI/target-P02212/PT/PT09703/PT09703_49536_7300_class_0.jpg
2019-10-12 02:52:06,748 - __main__.normalize - Normalizing /mnt/f/02_Data/02_normalize_stain/input/5p375RGB/PT/PT09703/PT09703_49724_7300_class_0.jpg
2019-10-12 02:52:08,058 - __main__ - save /mnt/f/02_Data/02_normalize_stain/output/5p375RGB/PT/Normalize_per_ROI/target-P02212/PT/PT09703/PT09703_49724_7300_class_0.jpg
2019-10-12 02:52:08,089 - __main__.normalize - Normalizing /mnt/f/02_Data/02_normalize_stain/input/5p375RGB/PT/PT09703/PT09703_49911_7300_class_0.jpg
2019-10-12 02:52:09,366 - __main__ - save /mnt/f/02_Data/02_normalize_stain/output/5p375RGB/PT/Normalize_per_ROI/target-P02212/PT/PT09703/PT09703_49911_7300_class_0.jpg
2019-10-12 02:52:09,396 - __main__.normalize - Normalizing /mnt/f/02_Data/02_normalize_stain/input/5p375RGB/PT/PT09703/PT09703_50099_7300_class_0.jpg
2019-10-12 02:52:10,693 - __main__ - save /mnt/f/02_Data/02_normalize_stain/output/5p375RGB/PT/Normalize_per_ROI/target-P02212/PT/PT09703/PT09703_50099_7300_class_0.jpg
2019-10-12 02:52:10,723 - __main__.normalize - Normalizing /mnt/f/02_Data/02_normalize_stain/input/5p375RGB/PT/PT09703/PT09703_50286_7300_class_0.jpg
2019-10-12 02:52:12,013 - __main__ - save /mnt/f/02_Data/02_normalize_stain/output/5p375RGB/PT/Normalize_per_ROI/target-P02212/PT/PT09703/PT09703_50286_7300_class_0.jpg
2019-10-12 02:52:12,054 - __main__.normalize - Normalizing /mnt/f/02_Data/02_normalize_stain/input/5p375RGB/PT/PT09703/PT09703_50474_7300_class_0.jpg
2019-10-12 02:52:13,317 - __main__ - save /mnt/f/02_Data/02_normalize_stain/output/5p375RGB/PT/Normalize_per_ROI/target-P02212/PT/PT09703/PT09703_50474_7300_class_0.jpg
2019-10-12 02:52:13,348 - __main__.normalize - Normalizing /mnt/f/02_Data/02_normalize_stain/input/5p375RGB/PT/PT09703/PT09703_50661_7300_class_0.jpg
2019-10-12 02:52:14,611 - __main__ - save /mnt/f/02_Data/02_normalize_stain/output/5p375RGB/PT/Normalize_per_ROI/target-P02212/PT/PT09703/PT09703_50661_7300_class_0.jpg
2019-10-12 02:52:14,642 - __main__.normalize - Normalizing /mnt/f/02_Data/02_normalize_stain/input/5p375RGB/PT/PT09703/PT09703_50849_7300_class_0.jpg
2019-10-12 02:52:15,905 - __main__ - save /mnt/f/02_Data/02_normalize_stain/output/5p375RGB/PT/Normalize_per_ROI/target-P02212/PT/PT09703/PT09703_50849_7300_class_0.jpg
2019-10-12 02:52:15,938 - __main__.normalize - Normalizing /mnt/f/02_Data/02_normalize_stain/input/5p375RGB/PT/PT09703/PT09703_3036_7488_class_0.jpg
2019-10-12 02:52:17,236 - __main__ - save /mnt/f/02_Data/02_normalize_stain/output/5p375RGB/PT/Normalize_per_ROI/target-P02212/PT/PT09703/PT09703_3036_7488_class_0.jpg
2019-10-12 02:52:17,307 - __main__.normalize - Normalizing /mnt/f/02_Data/02_normalize_stain/input/5p375RGB/PT/PT09703/PT09703_3224_7488_class_0.jpg
2019-10-12 02:52:18,640 - __main__ - save /mnt/f/02_Data/02_normalize_stain/output/5p375RGB/PT/Normalize_per_ROI/target-P02212/PT/PT09703/PT09703_3224_7488_class_0.jpg
2019-10-12 02:52:18,694 - __main__.normalize - Normalizing /mnt/f/02_Data/02_normalize_stain/input/5p375RGB/PT/PT09703/PT09703_3411_7488_class_0.jpg
2019-10-12 02:52:20,007 - __main__ - save /mnt/f/02_Data/02_normalize_stain/output/5p375RGB/PT/Normalize_per_ROI/target-P02212/PT/PT09703/PT09703_3411_7488_class_0.jpg
2019-10-12 02:52:20,039 - __main__.normalize - Normalizing /mnt/f/02_Data/02_normalize_stain/input/5p375RGB/PT/PT09703/PT09703_3599_7488_class_0.jpg
2019-10-12 02:52:21,357 - __main__ - save /mnt/f/02_Data/02_normalize_stain/output/5p375RGB/PT/Normalize_per_ROI/target-P02212/PT/PT09703/PT09703_3599_7488_class_0.jpg
2019-10-12 02:52:21,410 - __main__.normalize - Normalizing /mnt/f/02_Data/02_normalize_stain/input/5p375RGB/PT/PT09703/PT09703_3786_7488_class_0.jpg
2019-10-12 02:52:22,727 - __main__ - save /mnt/f/02_Data/02_normalize_stain/output/5p375RGB/PT/Normalize_per_ROI/target-P02212/PT/PT09703/PT09703_3786_7488_class_0.jpg
2019-10-12 02:52:22,759 - __main__.normalize - Normalizing /mnt/f/02_Data/02_normalize_stain/input/5p375RGB/PT/PT09703/PT09703_3974_7488_class_0.jpg
2019-10-12 02:52:24,058 - __main__ - save /mnt/f/02_Data/02_normalize_stain/output/5p375RGB/PT/Normalize_per_ROI/target-P02212/PT/PT09703/PT09703_3974_7488_class_0.jpg
2019-10-12 02:52:24,087 - __main__.normalize - Normalizing /mnt/f/02_Data/02_normalize_stain/input/5p375RGB/PT/PT09703/PT09703_50286_7488_class_0.jpg
2019-10-12 02:52:25,327 - __main__ - save /mnt/f/02_Data/02_normalize_stain/output/5p375RGB/PT/Normalize_per_ROI/target-P02212/PT/PT09703/PT09703_50286_7488_class_0.jpg
2019-10-12 02:52:25,358 - __main__.normalize - Normalizing /mnt/f/02_Data/02_normalize_stain/input/5p375RGB/PT/PT09703/PT09703_50474_7488_class_0.jpg
2019-10-12 02:52:26,617 - __main__ - save /mnt/f/02_Data/02_normalize_stain/output/5p375RGB/PT/Normalize_per_ROI/target-P02212/PT/PT09703/PT09703_50474_7488_class_0.jpg
2019-10-12 02:52:26,650 - __main__.normalize - Normalizing /mnt/f/02_Data/02_normalize_stain/input/5p375RGB/PT/PT09703/PT09703_50661_7488_class_0.jpg
2019-10-12 02:52:27,923 - __main__ - save /mnt/f/02_Data/02_normalize_stain/output/5p375RGB/PT/Normalize_per_ROI/target-P02212/PT/PT09703/PT09703_50661_7488_class_0.jpg
2019-10-12 02:52:27,954 - __main__.normalize - Normalizing /mnt/f/02_Data/02_normalize_stain/input/5p375RGB/PT/PT09703/PT09703_50849_7488_class_0.jpg
2019-10-12 02:52:29,210 - __main__ - save /mnt/f/02_Data/02_normalize_stain/output/5p375RGB/PT/Normalize_per_ROI/target-P02212/PT/PT09703/PT09703_50849_7488_class_0.jpg
2019-10-12 02:52:29,283 - __main__.normalize - Normalizing /mnt/f/02_Data/02_normalize_stain/input/5p375RGB/PT/PT09703/PT09703_2849_7675_class_0.jpg
2019-10-12 02:52:30,579 - __main__ - save /mnt/f/02_Data/02_normalize_stain/output/5p375RGB/PT/Normalize_per_ROI/target-P02212/PT/PT09703/PT09703_2849_7675_class_0.jpg
2019-10-12 02:52:30,608 - __main__.normalize - Normalizing /mnt/f/02_Data/02_normalize_stain/input/5p375RGB/PT/PT09703/PT09703_3036_7675_class_0.jpg
2019-10-12 02:52:31,921 - __main__ - save /mnt/f/02_Data/02_normalize_stain/output/5p375RGB/PT/Normalize_per_ROI/target-P02212/PT/PT09703/PT09703_3036_7675_class_0.jpg
2019-10-12 02:52:31,950 - __main__.normalize - Normalizing /mnt/f/02_Data/02_normalize_stain/input/5p375RGB/PT/PT09703/PT09703_3224_7675_class_0.jpg
2019-10-12 02:52:33,253 - __main__ - save /mnt/f/02_Data/02_normalize_stain/output/5p375RGB/PT/Normalize_per_ROI/target-P02212/PT/PT09703/PT09703_3224_7675_class_0.jpg
2019-10-12 02:52:33,296 - __main__.normalize - Normalizing /mnt/f/02_Data/02_normalize_stain/input/5p375RGB/PT/PT09703/PT09703_3411_7675_class_0.jpg
2019-10-12 02:52:34,579 - __main__ - save /mnt/f/02_Data/02_normalize_stain/output/5p375RGB/PT/Normalize_per_ROI/target-P02212/PT/PT09703/PT09703_3411_7675_class_0.jpg
2019-10-12 02:52:34,610 - __main__.normalize - Normalizing /mnt/f/02_Data/02_normalize_stain/input/5p375RGB/PT/PT09703/PT09703_3599_7675_class_0.jpg
2019-10-12 02:52:35,872 - __main__ - save /mnt/f/02_Data/02_normalize_stain/output/5p375RGB/PT/Normalize_per_ROI/target-P02212/PT/PT09703/PT09703_3599_7675_class_0.jpg
2019-10-12 02:52:35,907 - __main__.normalize - Normalizing /mnt/f/02_Data/02_normalize_stain/input/5p375RGB/PT/PT09703/PT09703_3786_7675_class_0.jpg
2019-10-12 02:52:37,158 - __main__ - save /mnt/f/02_Data/02_normalize_stain/output/5p375RGB/PT/Normalize_per_ROI/target-P02212/PT/PT09703/PT09703_3786_7675_class_0.jpg
2019-10-12 02:52:37,190 - __main__.normalize - Normalizing /mnt/f/02_Data/02_normalize_stain/input/5p375RGB/PT/PT09703/PT09703_2849_7863_class_0.jpg
2019-10-12 02:52:38,488 - __main__ - save /mnt/f/02_Data/02_normalize_stain/output/5p375RGB/PT/Normalize_per_ROI/target-P02212/PT/PT09703/PT09703_2849_7863_class_0.jpg
2019-10-12 02:52:38,528 - __main__.normalize - Normalizing /mnt/f/02_Data/02_normalize_stain/input/5p375RGB/PT/PT09703/PT09703_3036_7863_class_0.jpg
2019-10-12 02:52:39,818 - __main__ - save /mnt/f/02_Data/02_normalize_stain/output/5p375RGB/PT/Normalize_per_ROI/target-P02212/PT/PT09703/PT09703_3036_7863_class_0.jpg
2019-10-12 02:52:39,847 - __main__.normalize - Normalizing /mnt/f/02_Data/02_normalize_stain/input/5p375RGB/PT/PT09703/PT09703_3224_7863_class_0.jpg
2019-10-12 02:52:41,146 - __main__ - save /mnt/f/02_Data/02_normalize_stain/output/5p375RGB/PT/Normalize_per_ROI/target-P02212/PT/PT09703/PT09703_3224_7863_class_0.jpg
2019-10-12 02:52:41,177 - __main__.normalize - Normalizing /mnt/f/02_Data/02_normalize_stain/input/5p375RGB/PT/PT09703/PT09703_3411_7863_class_0.jpg
2019-10-12 02:52:42,438 - __main__ - save /mnt/f/02_Data/02_normalize_stain/output/5p375RGB/PT/Normalize_per_ROI/target-P02212/PT/PT09703/PT09703_3411_7863_class_0.jpg
2019-10-12 02:52:42,469 - __main__.normalize - Normalizing /mnt/f/02_Data/02_normalize_stain/input/5p375RGB/PT/PT09703/PT09703_3599_7863_class_0.jpg
2019-10-12 02:52:43,711 - __main__ - save /mnt/f/02_Data/02_normalize_stain/output/5p375RGB/PT/Normalize_per_ROI/target-P02212/PT/PT09703/PT09703_3599_7863_class_0.jpg
2019-10-12 02:52:43,744 - __main__.normalize - Normalizing /mnt/f/02_Data/02_normalize_stain/input/5p375RGB/PT/PT09703/PT09703_3036_8050_class_0.jpg
2019-10-12 02:52:44,987 - __main__ - save /mnt/f/02_Data/02_normalize_stain/output/5p375RGB/PT/Normalize_per_ROI/target-P02212/PT/PT09703/PT09703_3036_8050_class_0.jpg
2019-10-12 02:52:45,030 - __main__.normalize - Normalizing /mnt/f/02_Data/02_normalize_stain/input/5p375RGB/PT/PT09703/PT09703_3224_8050_class_0.jpg
2019-10-12 02:52:46,317 - __main__ - save /mnt/f/02_Data/02_normalize_stain/output/5p375RGB/PT/Normalize_per_ROI/target-P02212/PT/PT09703/PT09703_3224_8050_class_0.jpg
2019-10-12 02:52:46,368 - __main__.normalize - Normalizing /mnt/f/02_Data/02_normalize_stain/input/5p375RGB/PT/PT09703/PT09703_3411_8050_class_0.jpg
2019-10-12 02:52:47,668 - __main__ - save /mnt/f/02_Data/02_normalize_stain/output/5p375RGB/PT/Normalize_per_ROI/target-P02212/PT/PT09703/PT09703_3411_8050_class_0.jpg
2019-10-12 02:52:47,675 - __main__ - 

2019-10-12 02:52:47,677 - __main__ - [slide dir] /mnt/f/02_Data/02_normalize_stain/input/5p375RGB/PT/PT09703
2019-10-12 02:52:47,678 - __main__ - [elapsed time per slide] 121.8665406703949 sec
2019-10-12 02:52:47,680 - __main__ - Finish!
2019-10-12 02:52:47,682 - __main__ - [whole elapsed time] 121.88091373443604 sec
